[2025-09-13T02:52:14.354+0000] {processor.py:161} INFO - Started process (PID=182) to work on /opt/airflow/dags/1_dag_ejemplo_basico.py
[2025-09-13T02:52:14.357+0000] {processor.py:830} INFO - Processing file /opt/airflow/dags/1_dag_ejemplo_basico.py for tasks to queue
[2025-09-13T02:52:14.361+0000] {logging_mixin.py:188} INFO - [2025-09-13T02:52:14.359+0000] {dagbag.py:545} INFO - Filling up the DagBag from /opt/airflow/dags/1_dag_ejemplo_basico.py
[2025-09-13T02:52:14.441+0000] {processor.py:840} INFO - DAG(s) 'dag_ejemplo_basico' retrieved from /opt/airflow/dags/1_dag_ejemplo_basico.py
[2025-09-13T02:52:14.951+0000] {logging_mixin.py:188} INFO - [2025-09-13T02:52:14.947+0000] {override.py:1829} INFO - Created Permission View: can edit on DAG:dag_ejemplo_basico
[2025-09-13T02:52:14.967+0000] {logging_mixin.py:188} INFO - [2025-09-13T02:52:14.967+0000] {override.py:1829} INFO - Created Permission View: can delete on DAG:dag_ejemplo_basico
[2025-09-13T02:52:14.993+0000] {logging_mixin.py:188} INFO - [2025-09-13T02:52:14.993+0000] {override.py:1829} INFO - Created Permission View: can read on DAG:dag_ejemplo_basico
[2025-09-13T02:52:14.997+0000] {logging_mixin.py:188} INFO - [2025-09-13T02:52:14.997+0000] {dag.py:3096} INFO - Sync 1 DAGs
[2025-09-13T02:52:15.036+0000] {logging_mixin.py:188} INFO - [2025-09-13T02:52:15.036+0000] {dag.py:3118} INFO - Creating ORM DAG for dag_ejemplo_basico
[2025-09-13T02:52:15.040+0000] {logging_mixin.py:188} INFO - [2025-09-13T02:52:15.040+0000] {dag.py:3954} INFO - Setting next_dagrun for dag_ejemplo_basico to None, run_after=None
[2025-09-13T02:52:15.100+0000] {processor.py:183} INFO - Processing /opt/airflow/dags/1_dag_ejemplo_basico.py took 0.769 seconds
[2025-09-13T02:52:45.207+0000] {processor.py:161} INFO - Started process (PID=212) to work on /opt/airflow/dags/1_dag_ejemplo_basico.py
[2025-09-13T02:52:45.208+0000] {processor.py:830} INFO - Processing file /opt/airflow/dags/1_dag_ejemplo_basico.py for tasks to queue
[2025-09-13T02:52:45.209+0000] {logging_mixin.py:188} INFO - [2025-09-13T02:52:45.209+0000] {dagbag.py:545} INFO - Filling up the DagBag from /opt/airflow/dags/1_dag_ejemplo_basico.py
[2025-09-13T02:52:45.247+0000] {processor.py:840} INFO - DAG(s) 'dag_ejemplo_basico' retrieved from /opt/airflow/dags/1_dag_ejemplo_basico.py
[2025-09-13T02:52:45.326+0000] {logging_mixin.py:188} INFO - [2025-09-13T02:52:45.326+0000] {dag.py:3096} INFO - Sync 1 DAGs
[2025-09-13T02:52:45.356+0000] {logging_mixin.py:188} INFO - [2025-09-13T02:52:45.356+0000] {dag.py:3954} INFO - Setting next_dagrun for dag_ejemplo_basico to None, run_after=None
[2025-09-13T02:52:45.376+0000] {processor.py:183} INFO - Processing /opt/airflow/dags/1_dag_ejemplo_basico.py took 0.175 seconds
[2025-09-13T02:53:16.049+0000] {processor.py:161} INFO - Started process (PID=232) to work on /opt/airflow/dags/1_dag_ejemplo_basico.py
[2025-09-13T02:53:16.053+0000] {processor.py:830} INFO - Processing file /opt/airflow/dags/1_dag_ejemplo_basico.py for tasks to queue
[2025-09-13T02:53:16.066+0000] {logging_mixin.py:188} INFO - [2025-09-13T02:53:16.061+0000] {dagbag.py:545} INFO - Filling up the DagBag from /opt/airflow/dags/1_dag_ejemplo_basico.py
[2025-09-13T02:53:16.188+0000] {processor.py:840} INFO - DAG(s) 'dag_ejemplo_basico' retrieved from /opt/airflow/dags/1_dag_ejemplo_basico.py
[2025-09-13T02:53:16.262+0000] {logging_mixin.py:188} INFO - [2025-09-13T02:53:16.262+0000] {dag.py:3096} INFO - Sync 1 DAGs
[2025-09-13T02:53:16.295+0000] {logging_mixin.py:188} INFO - [2025-09-13T02:53:16.295+0000] {dag.py:3954} INFO - Setting next_dagrun for dag_ejemplo_basico to None, run_after=None
[2025-09-13T02:53:16.322+0000] {processor.py:183} INFO - Processing /opt/airflow/dags/1_dag_ejemplo_basico.py took 0.318 seconds
[2025-09-13T02:53:46.753+0000] {processor.py:161} INFO - Started process (PID=260) to work on /opt/airflow/dags/1_dag_ejemplo_basico.py
[2025-09-13T02:53:46.766+0000] {processor.py:830} INFO - Processing file /opt/airflow/dags/1_dag_ejemplo_basico.py for tasks to queue
[2025-09-13T02:53:46.840+0000] {logging_mixin.py:188} INFO - [2025-09-13T02:53:46.832+0000] {dagbag.py:545} INFO - Filling up the DagBag from /opt/airflow/dags/1_dag_ejemplo_basico.py
[2025-09-13T02:53:47.041+0000] {processor.py:840} INFO - DAG(s) 'dag_ejemplo_basico' retrieved from /opt/airflow/dags/1_dag_ejemplo_basico.py
[2025-09-13T02:53:47.591+0000] {logging_mixin.py:188} INFO - [2025-09-13T02:53:47.587+0000] {dag.py:3096} INFO - Sync 1 DAGs
[2025-09-13T02:53:47.644+0000] {logging_mixin.py:188} INFO - [2025-09-13T02:53:47.643+0000] {dag.py:3954} INFO - Setting next_dagrun for dag_ejemplo_basico to None, run_after=None
[2025-09-13T02:53:47.710+0000] {processor.py:183} INFO - Processing /opt/airflow/dags/1_dag_ejemplo_basico.py took 1.019 seconds
[2025-09-13T02:54:17.960+0000] {processor.py:161} INFO - Started process (PID=287) to work on /opt/airflow/dags/1_dag_ejemplo_basico.py
[2025-09-13T02:54:17.961+0000] {processor.py:830} INFO - Processing file /opt/airflow/dags/1_dag_ejemplo_basico.py for tasks to queue
[2025-09-13T02:54:17.964+0000] {logging_mixin.py:188} INFO - [2025-09-13T02:54:17.964+0000] {dagbag.py:545} INFO - Filling up the DagBag from /opt/airflow/dags/1_dag_ejemplo_basico.py
[2025-09-13T02:54:18.011+0000] {processor.py:840} INFO - DAG(s) 'dag_ejemplo_basico' retrieved from /opt/airflow/dags/1_dag_ejemplo_basico.py
[2025-09-13T02:54:18.128+0000] {logging_mixin.py:188} INFO - [2025-09-13T02:54:18.127+0000] {dag.py:3096} INFO - Sync 1 DAGs
[2025-09-13T02:54:18.169+0000] {logging_mixin.py:188} INFO - [2025-09-13T02:54:18.169+0000] {dag.py:3954} INFO - Setting next_dagrun for dag_ejemplo_basico to None, run_after=None
[2025-09-13T02:54:18.723+0000] {processor.py:183} INFO - Processing /opt/airflow/dags/1_dag_ejemplo_basico.py took 0.782 seconds
[2025-09-13T02:54:49.520+0000] {processor.py:161} INFO - Started process (PID=312) to work on /opt/airflow/dags/1_dag_ejemplo_basico.py
[2025-09-13T02:54:49.529+0000] {processor.py:830} INFO - Processing file /opt/airflow/dags/1_dag_ejemplo_basico.py for tasks to queue
[2025-09-13T02:54:49.541+0000] {logging_mixin.py:188} INFO - [2025-09-13T02:54:49.540+0000] {dagbag.py:545} INFO - Filling up the DagBag from /opt/airflow/dags/1_dag_ejemplo_basico.py
[2025-09-13T02:54:49.580+0000] {processor.py:840} INFO - DAG(s) 'dag_ejemplo_basico' retrieved from /opt/airflow/dags/1_dag_ejemplo_basico.py
[2025-09-13T02:54:49.660+0000] {logging_mixin.py:188} INFO - [2025-09-13T02:54:49.660+0000] {dag.py:3096} INFO - Sync 1 DAGs
[2025-09-13T02:54:49.695+0000] {logging_mixin.py:188} INFO - [2025-09-13T02:54:49.695+0000] {dag.py:3954} INFO - Setting next_dagrun for dag_ejemplo_basico to None, run_after=None
[2025-09-13T02:54:49.717+0000] {processor.py:183} INFO - Processing /opt/airflow/dags/1_dag_ejemplo_basico.py took 0.218 seconds
[2025-09-13T02:55:20.340+0000] {processor.py:161} INFO - Started process (PID=337) to work on /opt/airflow/dags/1_dag_ejemplo_basico.py
[2025-09-13T02:55:20.342+0000] {processor.py:830} INFO - Processing file /opt/airflow/dags/1_dag_ejemplo_basico.py for tasks to queue
[2025-09-13T02:55:20.346+0000] {logging_mixin.py:188} INFO - [2025-09-13T02:55:20.345+0000] {dagbag.py:545} INFO - Filling up the DagBag from /opt/airflow/dags/1_dag_ejemplo_basico.py
[2025-09-13T02:55:20.371+0000] {processor.py:840} INFO - DAG(s) 'dag_ejemplo_basico' retrieved from /opt/airflow/dags/1_dag_ejemplo_basico.py
[2025-09-13T02:55:20.416+0000] {logging_mixin.py:188} INFO - [2025-09-13T02:55:20.416+0000] {dag.py:3096} INFO - Sync 1 DAGs
[2025-09-13T02:55:20.431+0000] {logging_mixin.py:188} INFO - [2025-09-13T02:55:20.431+0000] {dag.py:3954} INFO - Setting next_dagrun for dag_ejemplo_basico to None, run_after=None
[2025-09-13T02:55:20.452+0000] {processor.py:183} INFO - Processing /opt/airflow/dags/1_dag_ejemplo_basico.py took 0.120 seconds
[2025-09-13T02:55:51.161+0000] {processor.py:161} INFO - Started process (PID=362) to work on /opt/airflow/dags/1_dag_ejemplo_basico.py
[2025-09-13T02:55:51.167+0000] {processor.py:830} INFO - Processing file /opt/airflow/dags/1_dag_ejemplo_basico.py for tasks to queue
[2025-09-13T02:55:51.174+0000] {logging_mixin.py:188} INFO - [2025-09-13T02:55:51.172+0000] {dagbag.py:545} INFO - Filling up the DagBag from /opt/airflow/dags/1_dag_ejemplo_basico.py
[2025-09-13T02:55:51.218+0000] {processor.py:840} INFO - DAG(s) 'dag_ejemplo_basico' retrieved from /opt/airflow/dags/1_dag_ejemplo_basico.py
[2025-09-13T02:55:51.291+0000] {logging_mixin.py:188} INFO - [2025-09-13T02:55:51.291+0000] {dag.py:3096} INFO - Sync 1 DAGs
[2025-09-13T02:55:51.317+0000] {logging_mixin.py:188} INFO - [2025-09-13T02:55:51.317+0000] {dag.py:3954} INFO - Setting next_dagrun for dag_ejemplo_basico to None, run_after=None
[2025-09-13T02:55:51.351+0000] {processor.py:183} INFO - Processing /opt/airflow/dags/1_dag_ejemplo_basico.py took 0.213 seconds
[2025-09-13T02:56:21.800+0000] {processor.py:161} INFO - Started process (PID=387) to work on /opt/airflow/dags/1_dag_ejemplo_basico.py
[2025-09-13T02:56:21.807+0000] {processor.py:830} INFO - Processing file /opt/airflow/dags/1_dag_ejemplo_basico.py for tasks to queue
[2025-09-13T02:56:21.816+0000] {logging_mixin.py:188} INFO - [2025-09-13T02:56:21.813+0000] {dagbag.py:545} INFO - Filling up the DagBag from /opt/airflow/dags/1_dag_ejemplo_basico.py
[2025-09-13T02:56:21.857+0000] {processor.py:840} INFO - DAG(s) 'dag_ejemplo_basico' retrieved from /opt/airflow/dags/1_dag_ejemplo_basico.py
[2025-09-13T02:56:21.943+0000] {logging_mixin.py:188} INFO - [2025-09-13T02:56:21.943+0000] {dag.py:3096} INFO - Sync 1 DAGs
[2025-09-13T02:56:21.965+0000] {logging_mixin.py:188} INFO - [2025-09-13T02:56:21.965+0000] {dag.py:3954} INFO - Setting next_dagrun for dag_ejemplo_basico to None, run_after=None
[2025-09-13T02:56:22.003+0000] {processor.py:183} INFO - Processing /opt/airflow/dags/1_dag_ejemplo_basico.py took 0.229 seconds
