[2025-09-13T02:52:15.443+0000] {processor.py:161} INFO - Started process (PID=202) to work on /opt/airflow/dags/2_listar_archivos.py
[2025-09-13T02:52:15.444+0000] {processor.py:830} INFO - Processing file /opt/airflow/dags/2_listar_archivos.py for tasks to queue
[2025-09-13T02:52:15.446+0000] {logging_mixin.py:188} INFO - [2025-09-13T02:52:15.446+0000] {dagbag.py:545} INFO - Filling up the DagBag from /opt/airflow/dags/2_listar_archivos.py
[2025-09-13T02:52:15.456+0000] {processor.py:840} INFO - DAG(s) 'dag_sencillo_bash' retrieved from /opt/airflow/dags/2_listar_archivos.py
[2025-09-13T02:52:15.559+0000] {logging_mixin.py:188} INFO - [2025-09-13T02:52:15.558+0000] {override.py:1829} INFO - Created Permission View: can edit on DAG:dag_sencillo_bash
[2025-09-13T02:52:15.567+0000] {logging_mixin.py:188} INFO - [2025-09-13T02:52:15.567+0000] {override.py:1829} INFO - Created Permission View: can delete on DAG:dag_sencillo_bash
[2025-09-13T02:52:15.573+0000] {logging_mixin.py:188} INFO - [2025-09-13T02:52:15.572+0000] {override.py:1829} INFO - Created Permission View: can read on DAG:dag_sencillo_bash
[2025-09-13T02:52:15.573+0000] {logging_mixin.py:188} INFO - [2025-09-13T02:52:15.573+0000] {dag.py:3096} INFO - Sync 1 DAGs
[2025-09-13T02:52:15.586+0000] {logging_mixin.py:188} INFO - [2025-09-13T02:52:15.586+0000] {dag.py:3118} INFO - Creating ORM DAG for dag_sencillo_bash
[2025-09-13T02:52:15.587+0000] {logging_mixin.py:188} INFO - [2025-09-13T02:52:15.587+0000] {dag.py:3954} INFO - Setting next_dagrun for dag_sencillo_bash to None, run_after=None
[2025-09-13T02:52:15.608+0000] {processor.py:183} INFO - Processing /opt/airflow/dags/2_listar_archivos.py took 0.175 seconds
[2025-09-13T02:52:46.282+0000] {processor.py:161} INFO - Started process (PID=224) to work on /opt/airflow/dags/2_listar_archivos.py
[2025-09-13T02:52:46.288+0000] {processor.py:830} INFO - Processing file /opt/airflow/dags/2_listar_archivos.py for tasks to queue
[2025-09-13T02:52:46.293+0000] {logging_mixin.py:188} INFO - [2025-09-13T02:52:46.292+0000] {dagbag.py:545} INFO - Filling up the DagBag from /opt/airflow/dags/2_listar_archivos.py
[2025-09-13T02:52:46.321+0000] {processor.py:840} INFO - DAG(s) 'dag_sencillo_bash' retrieved from /opt/airflow/dags/2_listar_archivos.py
[2025-09-13T02:52:46.378+0000] {logging_mixin.py:188} INFO - [2025-09-13T02:52:46.378+0000] {dag.py:3096} INFO - Sync 1 DAGs
[2025-09-13T02:52:46.409+0000] {logging_mixin.py:188} INFO - [2025-09-13T02:52:46.408+0000] {dag.py:3954} INFO - Setting next_dagrun for dag_sencillo_bash to None, run_after=None
[2025-09-13T02:52:46.433+0000] {processor.py:183} INFO - Processing /opt/airflow/dags/2_listar_archivos.py took 0.173 seconds
[2025-09-13T02:53:17.414+0000] {processor.py:161} INFO - Started process (PID=249) to work on /opt/airflow/dags/2_listar_archivos.py
[2025-09-13T02:53:17.416+0000] {processor.py:830} INFO - Processing file /opt/airflow/dags/2_listar_archivos.py for tasks to queue
[2025-09-13T02:53:17.418+0000] {logging_mixin.py:188} INFO - [2025-09-13T02:53:17.418+0000] {dagbag.py:545} INFO - Filling up the DagBag from /opt/airflow/dags/2_listar_archivos.py
[2025-09-13T02:53:17.442+0000] {processor.py:840} INFO - DAG(s) 'dag_sencillo_bash' retrieved from /opt/airflow/dags/2_listar_archivos.py
[2025-09-13T02:53:17.503+0000] {logging_mixin.py:188} INFO - [2025-09-13T02:53:17.503+0000] {dag.py:3096} INFO - Sync 1 DAGs
[2025-09-13T02:53:17.524+0000] {logging_mixin.py:188} INFO - [2025-09-13T02:53:17.524+0000] {dag.py:3954} INFO - Setting next_dagrun for dag_sencillo_bash to None, run_after=None
[2025-09-13T02:53:17.542+0000] {processor.py:183} INFO - Processing /opt/airflow/dags/2_listar_archivos.py took 0.142 seconds
[2025-09-13T02:53:48.319+0000] {processor.py:161} INFO - Started process (PID=275) to work on /opt/airflow/dags/2_listar_archivos.py
[2025-09-13T02:53:48.320+0000] {processor.py:830} INFO - Processing file /opt/airflow/dags/2_listar_archivos.py for tasks to queue
[2025-09-13T02:53:48.325+0000] {logging_mixin.py:188} INFO - [2025-09-13T02:53:48.324+0000] {dagbag.py:545} INFO - Filling up the DagBag from /opt/airflow/dags/2_listar_archivos.py
[2025-09-13T02:53:48.353+0000] {processor.py:840} INFO - DAG(s) 'dag_sencillo_bash' retrieved from /opt/airflow/dags/2_listar_archivos.py
[2025-09-13T02:53:48.390+0000] {logging_mixin.py:188} INFO - [2025-09-13T02:53:48.390+0000] {dag.py:3096} INFO - Sync 1 DAGs
[2025-09-13T02:53:48.398+0000] {logging_mixin.py:188} INFO - [2025-09-13T02:53:48.398+0000] {dag.py:3954} INFO - Setting next_dagrun for dag_sencillo_bash to None, run_after=None
[2025-09-13T02:53:48.408+0000] {processor.py:183} INFO - Processing /opt/airflow/dags/2_listar_archivos.py took 0.095 seconds
[2025-09-13T02:54:19.204+0000] {processor.py:161} INFO - Started process (PID=300) to work on /opt/airflow/dags/2_listar_archivos.py
[2025-09-13T02:54:19.207+0000] {processor.py:830} INFO - Processing file /opt/airflow/dags/2_listar_archivos.py for tasks to queue
[2025-09-13T02:54:19.210+0000] {logging_mixin.py:188} INFO - [2025-09-13T02:54:19.209+0000] {dagbag.py:545} INFO - Filling up the DagBag from /opt/airflow/dags/2_listar_archivos.py
[2025-09-13T02:54:19.235+0000] {processor.py:840} INFO - DAG(s) 'dag_sencillo_bash' retrieved from /opt/airflow/dags/2_listar_archivos.py
[2025-09-13T02:54:19.276+0000] {logging_mixin.py:188} INFO - [2025-09-13T02:54:19.275+0000] {dag.py:3096} INFO - Sync 1 DAGs
[2025-09-13T02:54:19.285+0000] {logging_mixin.py:188} INFO - [2025-09-13T02:54:19.284+0000] {dag.py:3954} INFO - Setting next_dagrun for dag_sencillo_bash to None, run_after=None
[2025-09-13T02:54:19.294+0000] {processor.py:183} INFO - Processing /opt/airflow/dags/2_listar_archivos.py took 0.103 seconds
[2025-09-13T02:54:49.841+0000] {processor.py:161} INFO - Started process (PID=327) to work on /opt/airflow/dags/2_listar_archivos.py
[2025-09-13T02:54:49.842+0000] {processor.py:830} INFO - Processing file /opt/airflow/dags/2_listar_archivos.py for tasks to queue
[2025-09-13T02:54:49.844+0000] {logging_mixin.py:188} INFO - [2025-09-13T02:54:49.843+0000] {dagbag.py:545} INFO - Filling up the DagBag from /opt/airflow/dags/2_listar_archivos.py
[2025-09-13T02:54:49.860+0000] {processor.py:840} INFO - DAG(s) 'dag_sencillo_bash' retrieved from /opt/airflow/dags/2_listar_archivos.py
[2025-09-13T02:54:49.906+0000] {logging_mixin.py:188} INFO - [2025-09-13T02:54:49.906+0000] {dag.py:3096} INFO - Sync 1 DAGs
[2025-09-13T02:54:49.921+0000] {logging_mixin.py:188} INFO - [2025-09-13T02:54:49.921+0000] {dag.py:3954} INFO - Setting next_dagrun for dag_sencillo_bash to None, run_after=None
[2025-09-13T02:54:49.945+0000] {processor.py:183} INFO - Processing /opt/airflow/dags/2_listar_archivos.py took 0.112 seconds
[2025-09-13T02:55:20.546+0000] {processor.py:161} INFO - Started process (PID=352) to work on /opt/airflow/dags/2_listar_archivos.py
[2025-09-13T02:55:20.547+0000] {processor.py:830} INFO - Processing file /opt/airflow/dags/2_listar_archivos.py for tasks to queue
[2025-09-13T02:55:20.548+0000] {logging_mixin.py:188} INFO - [2025-09-13T02:55:20.548+0000] {dagbag.py:545} INFO - Filling up the DagBag from /opt/airflow/dags/2_listar_archivos.py
[2025-09-13T02:55:20.554+0000] {processor.py:840} INFO - DAG(s) 'dag_sencillo_bash' retrieved from /opt/airflow/dags/2_listar_archivos.py
[2025-09-13T02:55:20.574+0000] {logging_mixin.py:188} INFO - [2025-09-13T02:55:20.574+0000] {dag.py:3096} INFO - Sync 1 DAGs
[2025-09-13T02:55:20.581+0000] {logging_mixin.py:188} INFO - [2025-09-13T02:55:20.581+0000] {dag.py:3954} INFO - Setting next_dagrun for dag_sencillo_bash to None, run_after=None
[2025-09-13T02:55:20.592+0000] {processor.py:183} INFO - Processing /opt/airflow/dags/2_listar_archivos.py took 0.049 seconds
[2025-09-13T02:55:51.464+0000] {processor.py:161} INFO - Started process (PID=377) to work on /opt/airflow/dags/2_listar_archivos.py
[2025-09-13T02:55:51.465+0000] {processor.py:830} INFO - Processing file /opt/airflow/dags/2_listar_archivos.py for tasks to queue
[2025-09-13T02:55:51.468+0000] {logging_mixin.py:188} INFO - [2025-09-13T02:55:51.467+0000] {dagbag.py:545} INFO - Filling up the DagBag from /opt/airflow/dags/2_listar_archivos.py
[2025-09-13T02:55:51.478+0000] {processor.py:840} INFO - DAG(s) 'dag_sencillo_bash' retrieved from /opt/airflow/dags/2_listar_archivos.py
[2025-09-13T02:55:51.506+0000] {logging_mixin.py:188} INFO - [2025-09-13T02:55:51.506+0000] {dag.py:3096} INFO - Sync 1 DAGs
[2025-09-13T02:55:51.513+0000] {logging_mixin.py:188} INFO - [2025-09-13T02:55:51.513+0000] {dag.py:3954} INFO - Setting next_dagrun for dag_sencillo_bash to None, run_after=None
[2025-09-13T02:55:51.521+0000] {processor.py:183} INFO - Processing /opt/airflow/dags/2_listar_archivos.py took 0.062 seconds
[2025-09-13T02:56:22.099+0000] {processor.py:161} INFO - Started process (PID=402) to work on /opt/airflow/dags/2_listar_archivos.py
[2025-09-13T02:56:22.100+0000] {processor.py:830} INFO - Processing file /opt/airflow/dags/2_listar_archivos.py for tasks to queue
[2025-09-13T02:56:22.101+0000] {logging_mixin.py:188} INFO - [2025-09-13T02:56:22.101+0000] {dagbag.py:545} INFO - Filling up the DagBag from /opt/airflow/dags/2_listar_archivos.py
[2025-09-13T02:56:22.106+0000] {processor.py:840} INFO - DAG(s) 'dag_sencillo_bash' retrieved from /opt/airflow/dags/2_listar_archivos.py
[2025-09-13T02:56:22.140+0000] {logging_mixin.py:188} INFO - [2025-09-13T02:56:22.140+0000] {dag.py:3096} INFO - Sync 1 DAGs
[2025-09-13T02:56:22.151+0000] {logging_mixin.py:188} INFO - [2025-09-13T02:56:22.151+0000] {dag.py:3954} INFO - Setting next_dagrun for dag_sencillo_bash to None, run_after=None
[2025-09-13T02:56:22.160+0000] {processor.py:183} INFO - Processing /opt/airflow/dags/2_listar_archivos.py took 0.064 seconds
[2025-09-13T02:56:52.861+0000] {processor.py:161} INFO - Started process (PID=422) to work on /opt/airflow/dags/2_listar_archivos.py
[2025-09-13T02:56:52.863+0000] {processor.py:830} INFO - Processing file /opt/airflow/dags/2_listar_archivos.py for tasks to queue
[2025-09-13T02:56:52.864+0000] {logging_mixin.py:188} INFO - [2025-09-13T02:56:52.863+0000] {dagbag.py:545} INFO - Filling up the DagBag from /opt/airflow/dags/2_listar_archivos.py
[2025-09-13T02:56:52.874+0000] {processor.py:840} INFO - DAG(s) 'dag_sencillo_bash' retrieved from /opt/airflow/dags/2_listar_archivos.py
[2025-09-13T02:56:52.901+0000] {logging_mixin.py:188} INFO - [2025-09-13T02:56:52.901+0000] {dag.py:3096} INFO - Sync 1 DAGs
[2025-09-13T02:56:52.910+0000] {logging_mixin.py:188} INFO - [2025-09-13T02:56:52.909+0000] {dag.py:3954} INFO - Setting next_dagrun for dag_sencillo_bash to None, run_after=None
[2025-09-13T02:56:52.923+0000] {processor.py:183} INFO - Processing /opt/airflow/dags/2_listar_archivos.py took 0.077 seconds
