[2025-09-13T02:57:14.406+0000] {processor.py:161} INFO - Started process (PID=430) to work on /opt/airflow/dags/DAG 2 Sincornizar batch KNIME.py
[2025-09-13T02:57:14.409+0000] {processor.py:830} INFO - Processing file /opt/airflow/dags/DAG 2 Sincornizar batch KNIME.py for tasks to queue
[2025-09-13T02:57:14.413+0000] {logging_mixin.py:188} INFO - [2025-09-13T02:57:14.413+0000] {dagbag.py:545} INFO - Filling up the DagBag from /opt/airflow/dags/DAG 2 Sincornizar batch KNIME.py
[2025-09-13T02:57:14.461+0000] {processor.py:840} INFO - DAG(s) 'dag_sencillo_bash' retrieved from /opt/airflow/dags/DAG 2 Sincornizar batch KNIME.py
[2025-09-13T02:57:14.855+0000] {logging_mixin.py:188} INFO - [2025-09-13T02:57:14.855+0000] {dag.py:3096} INFO - Sync 1 DAGs
[2025-09-13T02:57:14.875+0000] {logging_mixin.py:188} INFO - [2025-09-13T02:57:14.875+0000] {dag.py:3954} INFO - Setting next_dagrun for dag_sencillo_bash to None, run_after=None
[2025-09-13T02:57:14.975+0000] {processor.py:183} INFO - Processing /opt/airflow/dags/DAG 2 Sincornizar batch KNIME.py took 0.583 seconds
[2025-09-13T02:57:45.488+0000] {processor.py:161} INFO - Started process (PID=454) to work on /opt/airflow/dags/DAG 2 Sincornizar batch KNIME.py
[2025-09-13T02:57:45.490+0000] {processor.py:830} INFO - Processing file /opt/airflow/dags/DAG 2 Sincornizar batch KNIME.py for tasks to queue
[2025-09-13T02:57:45.491+0000] {logging_mixin.py:188} INFO - [2025-09-13T02:57:45.490+0000] {dagbag.py:545} INFO - Filling up the DagBag from /opt/airflow/dags/DAG 2 Sincornizar batch KNIME.py
[2025-09-13T02:57:45.533+0000] {processor.py:840} INFO - DAG(s) 'dag_sencillo_bash' retrieved from /opt/airflow/dags/DAG 2 Sincornizar batch KNIME.py
[2025-09-13T02:57:45.619+0000] {logging_mixin.py:188} INFO - [2025-09-13T02:57:45.618+0000] {dag.py:3096} INFO - Sync 1 DAGs
[2025-09-13T02:57:45.633+0000] {logging_mixin.py:188} INFO - [2025-09-13T02:57:45.633+0000] {dag.py:3954} INFO - Setting next_dagrun for dag_sencillo_bash to None, run_after=None
[2025-09-13T02:57:45.656+0000] {processor.py:183} INFO - Processing /opt/airflow/dags/DAG 2 Sincornizar batch KNIME.py took 0.189 seconds
[2025-09-13T02:58:00.953+0000] {processor.py:161} INFO - Started process (PID=462) to work on /opt/airflow/dags/DAG 2 Sincornizar batch KNIME.py
[2025-09-13T02:58:00.957+0000] {processor.py:830} INFO - Processing file /opt/airflow/dags/DAG 2 Sincornizar batch KNIME.py for tasks to queue
[2025-09-13T02:58:00.963+0000] {logging_mixin.py:188} INFO - [2025-09-13T02:58:00.958+0000] {dagbag.py:545} INFO - Filling up the DagBag from /opt/airflow/dags/DAG 2 Sincornizar batch KNIME.py
[2025-09-13T02:58:01.002+0000] {processor.py:840} INFO - DAG(s) 'dag_sync_batch' retrieved from /opt/airflow/dags/DAG 2 Sincornizar batch KNIME.py
[2025-09-13T02:58:01.183+0000] {logging_mixin.py:188} INFO - [2025-09-13T02:58:01.182+0000] {override.py:1829} INFO - Created Permission View: can edit on DAG:dag_sync_batch
[2025-09-13T02:58:01.189+0000] {logging_mixin.py:188} INFO - [2025-09-13T02:58:01.188+0000] {override.py:1829} INFO - Created Permission View: can delete on DAG:dag_sync_batch
[2025-09-13T02:58:01.191+0000] {logging_mixin.py:188} INFO - [2025-09-13T02:58:01.191+0000] {override.py:1829} INFO - Created Permission View: can read on DAG:dag_sync_batch
[2025-09-13T02:58:01.191+0000] {logging_mixin.py:188} INFO - [2025-09-13T02:58:01.191+0000] {dag.py:3096} INFO - Sync 1 DAGs
[2025-09-13T02:58:01.202+0000] {logging_mixin.py:188} INFO - [2025-09-13T02:58:01.202+0000] {dag.py:3118} INFO - Creating ORM DAG for dag_sync_batch
[2025-09-13T02:58:01.203+0000] {logging_mixin.py:188} INFO - [2025-09-13T02:58:01.203+0000] {dag.py:3954} INFO - Setting next_dagrun for dag_sync_batch to None, run_after=None
[2025-09-13T02:58:01.215+0000] {processor.py:183} INFO - Processing /opt/airflow/dags/DAG 2 Sincornizar batch KNIME.py took 0.295 seconds
[2025-09-13T02:58:31.459+0000] {processor.py:161} INFO - Started process (PID=472) to work on /opt/airflow/dags/DAG 2 Sincornizar batch KNIME.py
[2025-09-13T02:58:31.461+0000] {processor.py:830} INFO - Processing file /opt/airflow/dags/DAG 2 Sincornizar batch KNIME.py for tasks to queue
[2025-09-13T02:58:31.463+0000] {logging_mixin.py:188} INFO - [2025-09-13T02:58:31.462+0000] {dagbag.py:545} INFO - Filling up the DagBag from /opt/airflow/dags/DAG 2 Sincornizar batch KNIME.py
[2025-09-13T02:58:31.497+0000] {processor.py:840} INFO - DAG(s) 'dag_sync_batch' retrieved from /opt/airflow/dags/DAG 2 Sincornizar batch KNIME.py
[2025-09-13T02:58:31.595+0000] {logging_mixin.py:188} INFO - [2025-09-13T02:58:31.595+0000] {dag.py:3096} INFO - Sync 1 DAGs
[2025-09-13T02:58:31.621+0000] {logging_mixin.py:188} INFO - [2025-09-13T02:58:31.621+0000] {dag.py:3954} INFO - Setting next_dagrun for dag_sync_batch to None, run_after=None
[2025-09-13T02:58:31.661+0000] {processor.py:183} INFO - Processing /opt/airflow/dags/DAG 2 Sincornizar batch KNIME.py took 0.222 seconds
[2025-09-13T02:59:02.246+0000] {processor.py:161} INFO - Started process (PID=482) to work on /opt/airflow/dags/DAG 2 Sincornizar batch KNIME.py
[2025-09-13T02:59:02.249+0000] {processor.py:830} INFO - Processing file /opt/airflow/dags/DAG 2 Sincornizar batch KNIME.py for tasks to queue
[2025-09-13T02:59:02.251+0000] {logging_mixin.py:188} INFO - [2025-09-13T02:59:02.250+0000] {dagbag.py:545} INFO - Filling up the DagBag from /opt/airflow/dags/DAG 2 Sincornizar batch KNIME.py
[2025-09-13T02:59:02.292+0000] {processor.py:840} INFO - DAG(s) 'dag_sync_batch' retrieved from /opt/airflow/dags/DAG 2 Sincornizar batch KNIME.py
[2025-09-13T02:59:02.404+0000] {logging_mixin.py:188} INFO - [2025-09-13T02:59:02.404+0000] {dag.py:3096} INFO - Sync 1 DAGs
[2025-09-13T02:59:02.430+0000] {logging_mixin.py:188} INFO - [2025-09-13T02:59:02.429+0000] {dag.py:3954} INFO - Setting next_dagrun for dag_sync_batch to None, run_after=None
[2025-09-13T02:59:02.451+0000] {processor.py:183} INFO - Processing /opt/airflow/dags/DAG 2 Sincornizar batch KNIME.py took 0.241 seconds
[2025-09-13T02:59:33.186+0000] {processor.py:161} INFO - Started process (PID=492) to work on /opt/airflow/dags/DAG 2 Sincornizar batch KNIME.py
[2025-09-13T02:59:33.190+0000] {processor.py:830} INFO - Processing file /opt/airflow/dags/DAG 2 Sincornizar batch KNIME.py for tasks to queue
[2025-09-13T02:59:33.193+0000] {logging_mixin.py:188} INFO - [2025-09-13T02:59:33.192+0000] {dagbag.py:545} INFO - Filling up the DagBag from /opt/airflow/dags/DAG 2 Sincornizar batch KNIME.py
[2025-09-13T02:59:33.236+0000] {processor.py:840} INFO - DAG(s) 'dag_sync_batch' retrieved from /opt/airflow/dags/DAG 2 Sincornizar batch KNIME.py
[2025-09-13T02:59:33.363+0000] {logging_mixin.py:188} INFO - [2025-09-13T02:59:33.362+0000] {dag.py:3096} INFO - Sync 1 DAGs
[2025-09-13T02:59:33.387+0000] {logging_mixin.py:188} INFO - [2025-09-13T02:59:33.387+0000] {dag.py:3954} INFO - Setting next_dagrun for dag_sync_batch to None, run_after=None
[2025-09-13T02:59:33.417+0000] {processor.py:183} INFO - Processing /opt/airflow/dags/DAG 2 Sincornizar batch KNIME.py took 0.244 seconds
[2025-09-13T03:00:04.323+0000] {processor.py:161} INFO - Started process (PID=502) to work on /opt/airflow/dags/DAG 2 Sincornizar batch KNIME.py
[2025-09-13T03:00:04.326+0000] {processor.py:830} INFO - Processing file /opt/airflow/dags/DAG 2 Sincornizar batch KNIME.py for tasks to queue
[2025-09-13T03:00:04.328+0000] {logging_mixin.py:188} INFO - [2025-09-13T03:00:04.328+0000] {dagbag.py:545} INFO - Filling up the DagBag from /opt/airflow/dags/DAG 2 Sincornizar batch KNIME.py
[2025-09-13T03:00:04.361+0000] {processor.py:840} INFO - DAG(s) 'dag_sync_batch' retrieved from /opt/airflow/dags/DAG 2 Sincornizar batch KNIME.py
[2025-09-13T03:00:04.562+0000] {logging_mixin.py:188} INFO - [2025-09-13T03:00:04.562+0000] {dag.py:3096} INFO - Sync 1 DAGs
[2025-09-13T03:00:04.587+0000] {logging_mixin.py:188} INFO - [2025-09-13T03:00:04.586+0000] {dag.py:3954} INFO - Setting next_dagrun for dag_sync_batch to None, run_after=None
[2025-09-13T03:00:04.610+0000] {processor.py:183} INFO - Processing /opt/airflow/dags/DAG 2 Sincornizar batch KNIME.py took 0.308 seconds
[2025-09-13T03:00:14.707+0000] {processor.py:161} INFO - Started process (PID=507) to work on /opt/airflow/dags/DAG 2 Sincornizar batch KNIME.py
[2025-09-13T03:00:14.722+0000] {processor.py:830} INFO - Processing file /opt/airflow/dags/DAG 2 Sincornizar batch KNIME.py for tasks to queue
[2025-09-13T03:00:14.727+0000] {logging_mixin.py:188} INFO - [2025-09-13T03:00:14.726+0000] {dagbag.py:545} INFO - Filling up the DagBag from /opt/airflow/dags/DAG 2 Sincornizar batch KNIME.py
[2025-09-13T03:00:14.788+0000] {processor.py:840} INFO - DAG(s) 'dag_sync_batch' retrieved from /opt/airflow/dags/DAG 2 Sincornizar batch KNIME.py
[2025-09-13T03:00:14.863+0000] {logging_mixin.py:188} INFO - [2025-09-13T03:00:14.862+0000] {dag.py:3096} INFO - Sync 1 DAGs
[2025-09-13T03:00:14.900+0000] {logging_mixin.py:188} INFO - [2025-09-13T03:00:14.900+0000] {dag.py:3954} INFO - Setting next_dagrun for dag_sync_batch to None, run_after=None
[2025-09-13T03:00:14.925+0000] {processor.py:183} INFO - Processing /opt/airflow/dags/DAG 2 Sincornizar batch KNIME.py took 0.303 seconds
[2025-09-13T03:00:45.903+0000] {processor.py:161} INFO - Started process (PID=517) to work on /opt/airflow/dags/DAG 2 Sincornizar batch KNIME.py
[2025-09-13T03:00:45.907+0000] {processor.py:830} INFO - Processing file /opt/airflow/dags/DAG 2 Sincornizar batch KNIME.py for tasks to queue
[2025-09-13T03:00:45.913+0000] {logging_mixin.py:188} INFO - [2025-09-13T03:00:45.909+0000] {dagbag.py:545} INFO - Filling up the DagBag from /opt/airflow/dags/DAG 2 Sincornizar batch KNIME.py
[2025-09-13T03:00:46.051+0000] {processor.py:840} INFO - DAG(s) 'dag_sync_batch' retrieved from /opt/airflow/dags/DAG 2 Sincornizar batch KNIME.py
[2025-09-13T03:00:46.255+0000] {logging_mixin.py:188} INFO - [2025-09-13T03:00:46.255+0000] {dag.py:3096} INFO - Sync 1 DAGs
[2025-09-13T03:00:46.321+0000] {logging_mixin.py:188} INFO - [2025-09-13T03:00:46.321+0000] {dag.py:3954} INFO - Setting next_dagrun for dag_sync_batch to None, run_after=None
[2025-09-13T03:00:46.364+0000] {processor.py:183} INFO - Processing /opt/airflow/dags/DAG 2 Sincornizar batch KNIME.py took 0.508 seconds
[2025-09-13T03:01:17.155+0000] {processor.py:161} INFO - Started process (PID=527) to work on /opt/airflow/dags/DAG 2 Sincornizar batch KNIME.py
[2025-09-13T03:01:17.164+0000] {processor.py:830} INFO - Processing file /opt/airflow/dags/DAG 2 Sincornizar batch KNIME.py for tasks to queue
[2025-09-13T03:01:17.167+0000] {logging_mixin.py:188} INFO - [2025-09-13T03:01:17.166+0000] {dagbag.py:545} INFO - Filling up the DagBag from /opt/airflow/dags/DAG 2 Sincornizar batch KNIME.py
[2025-09-13T03:01:17.277+0000] {processor.py:840} INFO - DAG(s) 'dag_sync_batch' retrieved from /opt/airflow/dags/DAG 2 Sincornizar batch KNIME.py
[2025-09-13T03:01:17.478+0000] {logging_mixin.py:188} INFO - [2025-09-13T03:01:17.477+0000] {dag.py:3096} INFO - Sync 1 DAGs
[2025-09-13T03:01:17.545+0000] {logging_mixin.py:188} INFO - [2025-09-13T03:01:17.544+0000] {dag.py:3954} INFO - Setting next_dagrun for dag_sync_batch to None, run_after=None
[2025-09-13T03:01:17.586+0000] {processor.py:183} INFO - Processing /opt/airflow/dags/DAG 2 Sincornizar batch KNIME.py took 0.495 seconds
[2025-09-13T03:01:48.287+0000] {processor.py:161} INFO - Started process (PID=537) to work on /opt/airflow/dags/DAG 2 Sincornizar batch KNIME.py
[2025-09-13T03:01:48.292+0000] {processor.py:830} INFO - Processing file /opt/airflow/dags/DAG 2 Sincornizar batch KNIME.py for tasks to queue
[2025-09-13T03:01:48.297+0000] {logging_mixin.py:188} INFO - [2025-09-13T03:01:48.294+0000] {dagbag.py:545} INFO - Filling up the DagBag from /opt/airflow/dags/DAG 2 Sincornizar batch KNIME.py
[2025-09-13T03:01:48.343+0000] {processor.py:840} INFO - DAG(s) 'dag_sync_batch' retrieved from /opt/airflow/dags/DAG 2 Sincornizar batch KNIME.py
[2025-09-13T03:01:48.456+0000] {logging_mixin.py:188} INFO - [2025-09-13T03:01:48.456+0000] {dag.py:3096} INFO - Sync 1 DAGs
[2025-09-13T03:01:48.475+0000] {logging_mixin.py:188} INFO - [2025-09-13T03:01:48.475+0000] {dag.py:3954} INFO - Setting next_dagrun for dag_sync_batch to None, run_after=None
[2025-09-13T03:01:48.491+0000] {processor.py:183} INFO - Processing /opt/airflow/dags/DAG 2 Sincornizar batch KNIME.py took 0.226 seconds
[2025-09-13T03:02:18.808+0000] {processor.py:161} INFO - Started process (PID=552) to work on /opt/airflow/dags/DAG 2 Sincornizar batch KNIME.py
[2025-09-13T03:02:18.810+0000] {processor.py:830} INFO - Processing file /opt/airflow/dags/DAG 2 Sincornizar batch KNIME.py for tasks to queue
[2025-09-13T03:02:18.812+0000] {logging_mixin.py:188} INFO - [2025-09-13T03:02:18.811+0000] {dagbag.py:545} INFO - Filling up the DagBag from /opt/airflow/dags/DAG 2 Sincornizar batch KNIME.py
[2025-09-13T03:02:18.836+0000] {processor.py:840} INFO - DAG(s) 'dag_sync_batch' retrieved from /opt/airflow/dags/DAG 2 Sincornizar batch KNIME.py
[2025-09-13T03:02:18.889+0000] {logging_mixin.py:188} INFO - [2025-09-13T03:02:18.888+0000] {dag.py:3096} INFO - Sync 1 DAGs
[2025-09-13T03:02:18.901+0000] {logging_mixin.py:188} INFO - [2025-09-13T03:02:18.901+0000] {dag.py:3954} INFO - Setting next_dagrun for dag_sync_batch to None, run_after=None
[2025-09-13T03:02:18.913+0000] {processor.py:183} INFO - Processing /opt/airflow/dags/DAG 2 Sincornizar batch KNIME.py took 0.120 seconds
[2025-09-13T03:02:49.487+0000] {processor.py:161} INFO - Started process (PID=567) to work on /opt/airflow/dags/DAG 2 Sincornizar batch KNIME.py
[2025-09-13T03:02:49.490+0000] {processor.py:830} INFO - Processing file /opt/airflow/dags/DAG 2 Sincornizar batch KNIME.py for tasks to queue
[2025-09-13T03:02:49.492+0000] {logging_mixin.py:188} INFO - [2025-09-13T03:02:49.491+0000] {dagbag.py:545} INFO - Filling up the DagBag from /opt/airflow/dags/DAG 2 Sincornizar batch KNIME.py
[2025-09-13T03:02:49.524+0000] {processor.py:840} INFO - DAG(s) 'dag_sync_batch' retrieved from /opt/airflow/dags/DAG 2 Sincornizar batch KNIME.py
[2025-09-13T03:02:49.600+0000] {logging_mixin.py:188} INFO - [2025-09-13T03:02:49.600+0000] {dag.py:3096} INFO - Sync 1 DAGs
[2025-09-13T03:02:49.614+0000] {logging_mixin.py:188} INFO - [2025-09-13T03:02:49.614+0000] {dag.py:3954} INFO - Setting next_dagrun for dag_sync_batch to None, run_after=None
[2025-09-13T03:02:49.628+0000] {processor.py:183} INFO - Processing /opt/airflow/dags/DAG 2 Sincornizar batch KNIME.py took 0.160 seconds
[2025-09-13T03:03:19.729+0000] {processor.py:161} INFO - Started process (PID=582) to work on /opt/airflow/dags/DAG 2 Sincornizar batch KNIME.py
[2025-09-13T03:03:19.731+0000] {processor.py:830} INFO - Processing file /opt/airflow/dags/DAG 2 Sincornizar batch KNIME.py for tasks to queue
[2025-09-13T03:03:19.733+0000] {logging_mixin.py:188} INFO - [2025-09-13T03:03:19.732+0000] {dagbag.py:545} INFO - Filling up the DagBag from /opt/airflow/dags/DAG 2 Sincornizar batch KNIME.py
[2025-09-13T03:03:19.761+0000] {processor.py:840} INFO - DAG(s) 'dag_sync_batch' retrieved from /opt/airflow/dags/DAG 2 Sincornizar batch KNIME.py
[2025-09-13T03:03:19.830+0000] {logging_mixin.py:188} INFO - [2025-09-13T03:03:19.829+0000] {dag.py:3096} INFO - Sync 1 DAGs
[2025-09-13T03:03:19.842+0000] {logging_mixin.py:188} INFO - [2025-09-13T03:03:19.842+0000] {dag.py:3954} INFO - Setting next_dagrun for dag_sync_batch to None, run_after=None
[2025-09-13T03:03:19.855+0000] {processor.py:183} INFO - Processing /opt/airflow/dags/DAG 2 Sincornizar batch KNIME.py took 0.152 seconds
[2025-09-13T03:03:50.217+0000] {processor.py:161} INFO - Started process (PID=597) to work on /opt/airflow/dags/DAG 2 Sincornizar batch KNIME.py
[2025-09-13T03:03:50.219+0000] {processor.py:830} INFO - Processing file /opt/airflow/dags/DAG 2 Sincornizar batch KNIME.py for tasks to queue
[2025-09-13T03:03:50.220+0000] {logging_mixin.py:188} INFO - [2025-09-13T03:03:50.219+0000] {dagbag.py:545} INFO - Filling up the DagBag from /opt/airflow/dags/DAG 2 Sincornizar batch KNIME.py
[2025-09-13T03:03:50.256+0000] {processor.py:840} INFO - DAG(s) 'dag_sync_batch' retrieved from /opt/airflow/dags/DAG 2 Sincornizar batch KNIME.py
[2025-09-13T03:03:50.361+0000] {logging_mixin.py:188} INFO - [2025-09-13T03:03:50.361+0000] {dag.py:3096} INFO - Sync 1 DAGs
[2025-09-13T03:03:50.373+0000] {logging_mixin.py:188} INFO - [2025-09-13T03:03:50.373+0000] {dag.py:3954} INFO - Setting next_dagrun for dag_sync_batch to None, run_after=None
[2025-09-13T03:03:50.390+0000] {processor.py:183} INFO - Processing /opt/airflow/dags/DAG 2 Sincornizar batch KNIME.py took 0.195 seconds
[2025-09-13T03:04:20.918+0000] {processor.py:161} INFO - Started process (PID=612) to work on /opt/airflow/dags/DAG 2 Sincornizar batch KNIME.py
[2025-09-13T03:04:20.919+0000] {processor.py:830} INFO - Processing file /opt/airflow/dags/DAG 2 Sincornizar batch KNIME.py for tasks to queue
[2025-09-13T03:04:20.920+0000] {logging_mixin.py:188} INFO - [2025-09-13T03:04:20.919+0000] {dagbag.py:545} INFO - Filling up the DagBag from /opt/airflow/dags/DAG 2 Sincornizar batch KNIME.py
[2025-09-13T03:04:20.932+0000] {processor.py:840} INFO - DAG(s) 'dag_sync_batch' retrieved from /opt/airflow/dags/DAG 2 Sincornizar batch KNIME.py
[2025-09-13T03:04:20.958+0000] {logging_mixin.py:188} INFO - [2025-09-13T03:04:20.958+0000] {dag.py:3096} INFO - Sync 1 DAGs
[2025-09-13T03:04:20.964+0000] {logging_mixin.py:188} INFO - [2025-09-13T03:04:20.964+0000] {dag.py:3954} INFO - Setting next_dagrun for dag_sync_batch to None, run_after=None
[2025-09-13T03:04:20.975+0000] {processor.py:183} INFO - Processing /opt/airflow/dags/DAG 2 Sincornizar batch KNIME.py took 0.066 seconds
[2025-09-13T03:04:56.571+0000] {processor.py:161} INFO - Started process (PID=622) to work on /opt/airflow/dags/DAG 2 Sincornizar batch KNIME.py
[2025-09-13T03:04:59.137+0000] {processor.py:830} INFO - Processing file /opt/airflow/dags/DAG 2 Sincornizar batch KNIME.py for tasks to queue
[2025-09-13T03:05:04.550+0000] {logging_mixin.py:188} INFO - [2025-09-13T03:05:04.486+0000] {dagbag.py:545} INFO - Filling up the DagBag from /opt/airflow/dags/DAG 2 Sincornizar batch KNIME.py
[2025-09-13T03:05:04.938+0000] {processor.py:840} INFO - DAG(s) 'dag_sync_batch' retrieved from /opt/airflow/dags/DAG 2 Sincornizar batch KNIME.py
[2025-09-13T03:05:05.192+0000] {logging_mixin.py:188} INFO - [2025-09-13T03:05:05.187+0000] {dag.py:3096} INFO - Sync 1 DAGs
[2025-09-13T03:05:05.226+0000] {logging_mixin.py:188} INFO - [2025-09-13T03:05:05.226+0000] {dag.py:3954} INFO - Setting next_dagrun for dag_sync_batch to None, run_after=None
[2025-09-13T03:05:05.264+0000] {processor.py:183} INFO - Processing /opt/airflow/dags/DAG 2 Sincornizar batch KNIME.py took 11.250 seconds
[2025-09-13T03:05:36.062+0000] {processor.py:161} INFO - Started process (PID=637) to work on /opt/airflow/dags/DAG 2 Sincornizar batch KNIME.py
[2025-09-13T03:05:36.063+0000] {processor.py:830} INFO - Processing file /opt/airflow/dags/DAG 2 Sincornizar batch KNIME.py for tasks to queue
[2025-09-13T03:05:36.068+0000] {logging_mixin.py:188} INFO - [2025-09-13T03:05:36.068+0000] {dagbag.py:545} INFO - Filling up the DagBag from /opt/airflow/dags/DAG 2 Sincornizar batch KNIME.py
[2025-09-13T03:05:36.093+0000] {processor.py:840} INFO - DAG(s) 'dag_sync_batch' retrieved from /opt/airflow/dags/DAG 2 Sincornizar batch KNIME.py
[2025-09-13T03:05:36.141+0000] {logging_mixin.py:188} INFO - [2025-09-13T03:05:36.141+0000] {dag.py:3096} INFO - Sync 1 DAGs
[2025-09-13T03:05:36.153+0000] {logging_mixin.py:188} INFO - [2025-09-13T03:05:36.152+0000] {dag.py:3954} INFO - Setting next_dagrun for dag_sync_batch to None, run_after=None
[2025-09-13T03:05:36.178+0000] {processor.py:183} INFO - Processing /opt/airflow/dags/DAG 2 Sincornizar batch KNIME.py took 0.132 seconds
[2025-09-13T03:06:06.565+0000] {processor.py:161} INFO - Started process (PID=652) to work on /opt/airflow/dags/DAG 2 Sincornizar batch KNIME.py
[2025-09-13T03:06:06.566+0000] {processor.py:830} INFO - Processing file /opt/airflow/dags/DAG 2 Sincornizar batch KNIME.py for tasks to queue
[2025-09-13T03:06:06.567+0000] {logging_mixin.py:188} INFO - [2025-09-13T03:06:06.566+0000] {dagbag.py:545} INFO - Filling up the DagBag from /opt/airflow/dags/DAG 2 Sincornizar batch KNIME.py
[2025-09-13T03:06:06.587+0000] {processor.py:840} INFO - DAG(s) 'dag_sync_batch' retrieved from /opt/airflow/dags/DAG 2 Sincornizar batch KNIME.py
[2025-09-13T03:06:06.628+0000] {logging_mixin.py:188} INFO - [2025-09-13T03:06:06.628+0000] {dag.py:3096} INFO - Sync 1 DAGs
[2025-09-13T03:06:06.647+0000] {logging_mixin.py:188} INFO - [2025-09-13T03:06:06.647+0000] {dag.py:3954} INFO - Setting next_dagrun for dag_sync_batch to None, run_after=None
[2025-09-13T03:06:06.666+0000] {processor.py:183} INFO - Processing /opt/airflow/dags/DAG 2 Sincornizar batch KNIME.py took 0.118 seconds
[2025-09-13T03:06:37.122+0000] {processor.py:161} INFO - Started process (PID=667) to work on /opt/airflow/dags/DAG 2 Sincornizar batch KNIME.py
[2025-09-13T03:06:37.123+0000] {processor.py:830} INFO - Processing file /opt/airflow/dags/DAG 2 Sincornizar batch KNIME.py for tasks to queue
[2025-09-13T03:06:37.125+0000] {logging_mixin.py:188} INFO - [2025-09-13T03:06:37.124+0000] {dagbag.py:545} INFO - Filling up the DagBag from /opt/airflow/dags/DAG 2 Sincornizar batch KNIME.py
[2025-09-13T03:06:37.151+0000] {processor.py:840} INFO - DAG(s) 'dag_sync_batch' retrieved from /opt/airflow/dags/DAG 2 Sincornizar batch KNIME.py
[2025-09-13T03:06:37.198+0000] {logging_mixin.py:188} INFO - [2025-09-13T03:06:37.198+0000] {dag.py:3096} INFO - Sync 1 DAGs
[2025-09-13T03:06:37.215+0000] {logging_mixin.py:188} INFO - [2025-09-13T03:06:37.215+0000] {dag.py:3954} INFO - Setting next_dagrun for dag_sync_batch to None, run_after=None
[2025-09-13T03:06:37.235+0000] {processor.py:183} INFO - Processing /opt/airflow/dags/DAG 2 Sincornizar batch KNIME.py took 0.127 seconds
[2025-09-13T03:07:08.027+0000] {processor.py:161} INFO - Started process (PID=682) to work on /opt/airflow/dags/DAG 2 Sincornizar batch KNIME.py
[2025-09-13T03:07:08.028+0000] {processor.py:830} INFO - Processing file /opt/airflow/dags/DAG 2 Sincornizar batch KNIME.py for tasks to queue
[2025-09-13T03:07:08.030+0000] {logging_mixin.py:188} INFO - [2025-09-13T03:07:08.029+0000] {dagbag.py:545} INFO - Filling up the DagBag from /opt/airflow/dags/DAG 2 Sincornizar batch KNIME.py
[2025-09-13T03:07:08.076+0000] {processor.py:840} INFO - DAG(s) 'dag_sync_batch' retrieved from /opt/airflow/dags/DAG 2 Sincornizar batch KNIME.py
[2025-09-13T03:07:08.167+0000] {logging_mixin.py:188} INFO - [2025-09-13T03:07:08.167+0000] {dag.py:3096} INFO - Sync 1 DAGs
[2025-09-13T03:07:08.184+0000] {logging_mixin.py:188} INFO - [2025-09-13T03:07:08.184+0000] {dag.py:3954} INFO - Setting next_dagrun for dag_sync_batch to None, run_after=None
[2025-09-13T03:07:08.207+0000] {processor.py:183} INFO - Processing /opt/airflow/dags/DAG 2 Sincornizar batch KNIME.py took 0.212 seconds
[2025-09-13T03:07:38.925+0000] {processor.py:161} INFO - Started process (PID=697) to work on /opt/airflow/dags/DAG 2 Sincornizar batch KNIME.py
[2025-09-13T03:07:38.927+0000] {processor.py:830} INFO - Processing file /opt/airflow/dags/DAG 2 Sincornizar batch KNIME.py for tasks to queue
[2025-09-13T03:07:38.930+0000] {logging_mixin.py:188} INFO - [2025-09-13T03:07:38.930+0000] {dagbag.py:545} INFO - Filling up the DagBag from /opt/airflow/dags/DAG 2 Sincornizar batch KNIME.py
[2025-09-13T03:07:38.955+0000] {processor.py:840} INFO - DAG(s) 'dag_sync_batch' retrieved from /opt/airflow/dags/DAG 2 Sincornizar batch KNIME.py
[2025-09-13T03:07:39.014+0000] {logging_mixin.py:188} INFO - [2025-09-13T03:07:39.014+0000] {dag.py:3096} INFO - Sync 1 DAGs
[2025-09-13T03:07:39.035+0000] {logging_mixin.py:188} INFO - [2025-09-13T03:07:39.035+0000] {dag.py:3954} INFO - Setting next_dagrun for dag_sync_batch to None, run_after=None
[2025-09-13T03:07:39.061+0000] {processor.py:183} INFO - Processing /opt/airflow/dags/DAG 2 Sincornizar batch KNIME.py took 0.153 seconds
[2025-09-13T03:08:09.692+0000] {processor.py:161} INFO - Started process (PID=712) to work on /opt/airflow/dags/DAG 2 Sincornizar batch KNIME.py
[2025-09-13T03:08:09.694+0000] {processor.py:830} INFO - Processing file /opt/airflow/dags/DAG 2 Sincornizar batch KNIME.py for tasks to queue
[2025-09-13T03:08:09.697+0000] {logging_mixin.py:188} INFO - [2025-09-13T03:08:09.696+0000] {dagbag.py:545} INFO - Filling up the DagBag from /opt/airflow/dags/DAG 2 Sincornizar batch KNIME.py
[2025-09-13T03:08:09.731+0000] {processor.py:840} INFO - DAG(s) 'dag_sync_batch' retrieved from /opt/airflow/dags/DAG 2 Sincornizar batch KNIME.py
[2025-09-13T03:08:09.800+0000] {logging_mixin.py:188} INFO - [2025-09-13T03:08:09.799+0000] {dag.py:3096} INFO - Sync 1 DAGs
[2025-09-13T03:08:09.835+0000] {logging_mixin.py:188} INFO - [2025-09-13T03:08:09.835+0000] {dag.py:3954} INFO - Setting next_dagrun for dag_sync_batch to None, run_after=None
[2025-09-13T03:08:09.872+0000] {processor.py:183} INFO - Processing /opt/airflow/dags/DAG 2 Sincornizar batch KNIME.py took 0.200 seconds
[2025-09-13T03:08:40.347+0000] {processor.py:161} INFO - Started process (PID=727) to work on /opt/airflow/dags/DAG 2 Sincornizar batch KNIME.py
[2025-09-13T03:08:40.348+0000] {processor.py:830} INFO - Processing file /opt/airflow/dags/DAG 2 Sincornizar batch KNIME.py for tasks to queue
[2025-09-13T03:08:40.350+0000] {logging_mixin.py:188} INFO - [2025-09-13T03:08:40.350+0000] {dagbag.py:545} INFO - Filling up the DagBag from /opt/airflow/dags/DAG 2 Sincornizar batch KNIME.py
[2025-09-13T03:08:40.373+0000] {processor.py:840} INFO - DAG(s) 'dag_sync_batch' retrieved from /opt/airflow/dags/DAG 2 Sincornizar batch KNIME.py
[2025-09-13T03:08:40.421+0000] {logging_mixin.py:188} INFO - [2025-09-13T03:08:40.421+0000] {dag.py:3096} INFO - Sync 1 DAGs
[2025-09-13T03:08:40.431+0000] {logging_mixin.py:188} INFO - [2025-09-13T03:08:40.431+0000] {dag.py:3954} INFO - Setting next_dagrun for dag_sync_batch to None, run_after=None
[2025-09-13T03:08:40.453+0000] {processor.py:183} INFO - Processing /opt/airflow/dags/DAG 2 Sincornizar batch KNIME.py took 0.123 seconds
[2025-09-13T03:09:11.348+0000] {processor.py:161} INFO - Started process (PID=742) to work on /opt/airflow/dags/DAG 2 Sincornizar batch KNIME.py
[2025-09-13T03:09:11.350+0000] {processor.py:830} INFO - Processing file /opt/airflow/dags/DAG 2 Sincornizar batch KNIME.py for tasks to queue
[2025-09-13T03:09:11.352+0000] {logging_mixin.py:188} INFO - [2025-09-13T03:09:11.351+0000] {dagbag.py:545} INFO - Filling up the DagBag from /opt/airflow/dags/DAG 2 Sincornizar batch KNIME.py
[2025-09-13T03:09:11.378+0000] {processor.py:840} INFO - DAG(s) 'dag_sync_batch' retrieved from /opt/airflow/dags/DAG 2 Sincornizar batch KNIME.py
[2025-09-13T03:09:11.425+0000] {logging_mixin.py:188} INFO - [2025-09-13T03:09:11.425+0000] {dag.py:3096} INFO - Sync 1 DAGs
[2025-09-13T03:09:11.436+0000] {logging_mixin.py:188} INFO - [2025-09-13T03:09:11.436+0000] {dag.py:3954} INFO - Setting next_dagrun for dag_sync_batch to None, run_after=None
[2025-09-13T03:09:11.455+0000] {processor.py:183} INFO - Processing /opt/airflow/dags/DAG 2 Sincornizar batch KNIME.py took 0.119 seconds
[2025-09-13T03:09:42.047+0000] {processor.py:161} INFO - Started process (PID=757) to work on /opt/airflow/dags/DAG 2 Sincornizar batch KNIME.py
[2025-09-13T03:09:42.049+0000] {processor.py:830} INFO - Processing file /opt/airflow/dags/DAG 2 Sincornizar batch KNIME.py for tasks to queue
[2025-09-13T03:09:42.052+0000] {logging_mixin.py:188} INFO - [2025-09-13T03:09:42.052+0000] {dagbag.py:545} INFO - Filling up the DagBag from /opt/airflow/dags/DAG 2 Sincornizar batch KNIME.py
[2025-09-13T03:09:42.080+0000] {processor.py:840} INFO - DAG(s) 'dag_sync_batch' retrieved from /opt/airflow/dags/DAG 2 Sincornizar batch KNIME.py
[2025-09-13T03:09:42.140+0000] {logging_mixin.py:188} INFO - [2025-09-13T03:09:42.139+0000] {dag.py:3096} INFO - Sync 1 DAGs
[2025-09-13T03:09:42.158+0000] {logging_mixin.py:188} INFO - [2025-09-13T03:09:42.158+0000] {dag.py:3954} INFO - Setting next_dagrun for dag_sync_batch to None, run_after=None
[2025-09-13T03:09:42.180+0000] {processor.py:183} INFO - Processing /opt/airflow/dags/DAG 2 Sincornizar batch KNIME.py took 0.175 seconds
[2025-09-13T03:10:12.797+0000] {processor.py:161} INFO - Started process (PID=772) to work on /opt/airflow/dags/DAG 2 Sincornizar batch KNIME.py
[2025-09-13T03:10:12.798+0000] {processor.py:830} INFO - Processing file /opt/airflow/dags/DAG 2 Sincornizar batch KNIME.py for tasks to queue
[2025-09-13T03:10:12.799+0000] {logging_mixin.py:188} INFO - [2025-09-13T03:10:12.798+0000] {dagbag.py:545} INFO - Filling up the DagBag from /opt/airflow/dags/DAG 2 Sincornizar batch KNIME.py
[2025-09-13T03:10:12.826+0000] {processor.py:840} INFO - DAG(s) 'dag_sync_batch' retrieved from /opt/airflow/dags/DAG 2 Sincornizar batch KNIME.py
[2025-09-13T03:10:12.869+0000] {logging_mixin.py:188} INFO - [2025-09-13T03:10:12.869+0000] {dag.py:3096} INFO - Sync 1 DAGs
[2025-09-13T03:10:12.881+0000] {logging_mixin.py:188} INFO - [2025-09-13T03:10:12.881+0000] {dag.py:3954} INFO - Setting next_dagrun for dag_sync_batch to None, run_after=None
[2025-09-13T03:10:12.898+0000] {processor.py:183} INFO - Processing /opt/airflow/dags/DAG 2 Sincornizar batch KNIME.py took 0.112 seconds
[2025-09-13T03:10:43.315+0000] {processor.py:161} INFO - Started process (PID=787) to work on /opt/airflow/dags/DAG 2 Sincornizar batch KNIME.py
[2025-09-13T03:10:43.316+0000] {processor.py:830} INFO - Processing file /opt/airflow/dags/DAG 2 Sincornizar batch KNIME.py for tasks to queue
[2025-09-13T03:10:43.317+0000] {logging_mixin.py:188} INFO - [2025-09-13T03:10:43.317+0000] {dagbag.py:545} INFO - Filling up the DagBag from /opt/airflow/dags/DAG 2 Sincornizar batch KNIME.py
[2025-09-13T03:10:43.338+0000] {processor.py:840} INFO - DAG(s) 'dag_sync_batch' retrieved from /opt/airflow/dags/DAG 2 Sincornizar batch KNIME.py
[2025-09-13T03:10:43.382+0000] {logging_mixin.py:188} INFO - [2025-09-13T03:10:43.382+0000] {dag.py:3096} INFO - Sync 1 DAGs
[2025-09-13T03:10:43.392+0000] {logging_mixin.py:188} INFO - [2025-09-13T03:10:43.392+0000] {dag.py:3954} INFO - Setting next_dagrun for dag_sync_batch to None, run_after=None
[2025-09-13T03:10:43.406+0000] {processor.py:183} INFO - Processing /opt/airflow/dags/DAG 2 Sincornizar batch KNIME.py took 0.105 seconds
[2025-09-13T03:11:13.878+0000] {processor.py:161} INFO - Started process (PID=802) to work on /opt/airflow/dags/DAG 2 Sincornizar batch KNIME.py
[2025-09-13T03:11:13.879+0000] {processor.py:830} INFO - Processing file /opt/airflow/dags/DAG 2 Sincornizar batch KNIME.py for tasks to queue
[2025-09-13T03:11:13.880+0000] {logging_mixin.py:188} INFO - [2025-09-13T03:11:13.880+0000] {dagbag.py:545} INFO - Filling up the DagBag from /opt/airflow/dags/DAG 2 Sincornizar batch KNIME.py
[2025-09-13T03:11:13.902+0000] {processor.py:840} INFO - DAG(s) 'dag_sync_batch' retrieved from /opt/airflow/dags/DAG 2 Sincornizar batch KNIME.py
[2025-09-13T03:11:13.946+0000] {logging_mixin.py:188} INFO - [2025-09-13T03:11:13.945+0000] {dag.py:3096} INFO - Sync 1 DAGs
[2025-09-13T03:11:13.999+0000] {logging_mixin.py:188} INFO - [2025-09-13T03:11:13.996+0000] {dag.py:3954} INFO - Setting next_dagrun for dag_sync_batch to None, run_after=None
[2025-09-13T03:11:14.036+0000] {processor.py:183} INFO - Processing /opt/airflow/dags/DAG 2 Sincornizar batch KNIME.py took 0.171 seconds
[2025-09-13T03:11:44.665+0000] {processor.py:161} INFO - Started process (PID=817) to work on /opt/airflow/dags/DAG 2 Sincornizar batch KNIME.py
[2025-09-13T03:11:44.667+0000] {processor.py:830} INFO - Processing file /opt/airflow/dags/DAG 2 Sincornizar batch KNIME.py for tasks to queue
[2025-09-13T03:11:44.671+0000] {logging_mixin.py:188} INFO - [2025-09-13T03:11:44.669+0000] {dagbag.py:545} INFO - Filling up the DagBag from /opt/airflow/dags/DAG 2 Sincornizar batch KNIME.py
[2025-09-13T03:11:44.723+0000] {processor.py:840} INFO - DAG(s) 'dag_sync_batch' retrieved from /opt/airflow/dags/DAG 2 Sincornizar batch KNIME.py
[2025-09-13T03:11:44.780+0000] {logging_mixin.py:188} INFO - [2025-09-13T03:11:44.779+0000] {dag.py:3096} INFO - Sync 1 DAGs
[2025-09-13T03:11:44.800+0000] {logging_mixin.py:188} INFO - [2025-09-13T03:11:44.800+0000] {dag.py:3954} INFO - Setting next_dagrun for dag_sync_batch to None, run_after=None
[2025-09-13T03:11:44.813+0000] {processor.py:183} INFO - Processing /opt/airflow/dags/DAG 2 Sincornizar batch KNIME.py took 0.160 seconds
[2025-09-13T03:12:15.556+0000] {processor.py:161} INFO - Started process (PID=832) to work on /opt/airflow/dags/DAG 2 Sincornizar batch KNIME.py
[2025-09-13T03:12:15.557+0000] {processor.py:830} INFO - Processing file /opt/airflow/dags/DAG 2 Sincornizar batch KNIME.py for tasks to queue
[2025-09-13T03:12:15.559+0000] {logging_mixin.py:188} INFO - [2025-09-13T03:12:15.558+0000] {dagbag.py:545} INFO - Filling up the DagBag from /opt/airflow/dags/DAG 2 Sincornizar batch KNIME.py
[2025-09-13T03:12:15.593+0000] {processor.py:840} INFO - DAG(s) 'dag_sync_batch' retrieved from /opt/airflow/dags/DAG 2 Sincornizar batch KNIME.py
[2025-09-13T03:12:15.656+0000] {logging_mixin.py:188} INFO - [2025-09-13T03:12:15.656+0000] {dag.py:3096} INFO - Sync 1 DAGs
[2025-09-13T03:12:15.673+0000] {logging_mixin.py:188} INFO - [2025-09-13T03:12:15.673+0000] {dag.py:3954} INFO - Setting next_dagrun for dag_sync_batch to None, run_after=None
[2025-09-13T03:12:15.696+0000] {processor.py:183} INFO - Processing /opt/airflow/dags/DAG 2 Sincornizar batch KNIME.py took 0.155 seconds
[2025-09-13T03:12:46.171+0000] {processor.py:161} INFO - Started process (PID=847) to work on /opt/airflow/dags/DAG 2 Sincornizar batch KNIME.py
[2025-09-13T03:12:46.173+0000] {processor.py:830} INFO - Processing file /opt/airflow/dags/DAG 2 Sincornizar batch KNIME.py for tasks to queue
[2025-09-13T03:12:46.176+0000] {logging_mixin.py:188} INFO - [2025-09-13T03:12:46.174+0000] {dagbag.py:545} INFO - Filling up the DagBag from /opt/airflow/dags/DAG 2 Sincornizar batch KNIME.py
[2025-09-13T03:12:46.203+0000] {processor.py:840} INFO - DAG(s) 'dag_sync_batch' retrieved from /opt/airflow/dags/DAG 2 Sincornizar batch KNIME.py
[2025-09-13T03:12:46.242+0000] {logging_mixin.py:188} INFO - [2025-09-13T03:12:46.242+0000] {dag.py:3096} INFO - Sync 1 DAGs
[2025-09-13T03:12:46.258+0000] {logging_mixin.py:188} INFO - [2025-09-13T03:12:46.258+0000] {dag.py:3954} INFO - Setting next_dagrun for dag_sync_batch to None, run_after=None
[2025-09-13T03:12:46.279+0000] {processor.py:183} INFO - Processing /opt/airflow/dags/DAG 2 Sincornizar batch KNIME.py took 0.128 seconds
[2025-09-13T03:13:16.807+0000] {processor.py:161} INFO - Started process (PID=862) to work on /opt/airflow/dags/DAG 2 Sincornizar batch KNIME.py
[2025-09-13T03:13:16.808+0000] {processor.py:830} INFO - Processing file /opt/airflow/dags/DAG 2 Sincornizar batch KNIME.py for tasks to queue
[2025-09-13T03:13:16.810+0000] {logging_mixin.py:188} INFO - [2025-09-13T03:13:16.810+0000] {dagbag.py:545} INFO - Filling up the DagBag from /opt/airflow/dags/DAG 2 Sincornizar batch KNIME.py
[2025-09-13T03:13:16.838+0000] {processor.py:840} INFO - DAG(s) 'dag_sync_batch' retrieved from /opt/airflow/dags/DAG 2 Sincornizar batch KNIME.py
[2025-09-13T03:13:16.876+0000] {logging_mixin.py:188} INFO - [2025-09-13T03:13:16.875+0000] {dag.py:3096} INFO - Sync 1 DAGs
[2025-09-13T03:13:16.891+0000] {logging_mixin.py:188} INFO - [2025-09-13T03:13:16.891+0000] {dag.py:3954} INFO - Setting next_dagrun for dag_sync_batch to None, run_after=None
[2025-09-13T03:13:16.909+0000] {processor.py:183} INFO - Processing /opt/airflow/dags/DAG 2 Sincornizar batch KNIME.py took 0.116 seconds
[2025-09-13T03:13:47.671+0000] {processor.py:161} INFO - Started process (PID=877) to work on /opt/airflow/dags/DAG 2 Sincornizar batch KNIME.py
[2025-09-13T03:13:47.673+0000] {processor.py:830} INFO - Processing file /opt/airflow/dags/DAG 2 Sincornizar batch KNIME.py for tasks to queue
[2025-09-13T03:13:47.674+0000] {logging_mixin.py:188} INFO - [2025-09-13T03:13:47.673+0000] {dagbag.py:545} INFO - Filling up the DagBag from /opt/airflow/dags/DAG 2 Sincornizar batch KNIME.py
[2025-09-13T03:13:47.695+0000] {processor.py:840} INFO - DAG(s) 'dag_sync_batch' retrieved from /opt/airflow/dags/DAG 2 Sincornizar batch KNIME.py
[2025-09-13T03:13:47.747+0000] {logging_mixin.py:188} INFO - [2025-09-13T03:13:47.747+0000] {dag.py:3096} INFO - Sync 1 DAGs
[2025-09-13T03:13:47.785+0000] {logging_mixin.py:188} INFO - [2025-09-13T03:13:47.785+0000] {dag.py:3954} INFO - Setting next_dagrun for dag_sync_batch to None, run_after=None
[2025-09-13T03:13:47.806+0000] {processor.py:183} INFO - Processing /opt/airflow/dags/DAG 2 Sincornizar batch KNIME.py took 0.150 seconds
[2025-09-13T03:14:18.384+0000] {processor.py:161} INFO - Started process (PID=892) to work on /opt/airflow/dags/DAG 2 Sincornizar batch KNIME.py
[2025-09-13T03:14:18.388+0000] {processor.py:830} INFO - Processing file /opt/airflow/dags/DAG 2 Sincornizar batch KNIME.py for tasks to queue
[2025-09-13T03:14:18.393+0000] {logging_mixin.py:188} INFO - [2025-09-13T03:14:18.391+0000] {dagbag.py:545} INFO - Filling up the DagBag from /opt/airflow/dags/DAG 2 Sincornizar batch KNIME.py
[2025-09-13T03:14:18.445+0000] {processor.py:840} INFO - DAG(s) 'dag_sync_batch' retrieved from /opt/airflow/dags/DAG 2 Sincornizar batch KNIME.py
[2025-09-13T03:14:18.503+0000] {logging_mixin.py:188} INFO - [2025-09-13T03:14:18.503+0000] {dag.py:3096} INFO - Sync 1 DAGs
[2025-09-13T03:14:18.520+0000] {logging_mixin.py:188} INFO - [2025-09-13T03:14:18.520+0000] {dag.py:3954} INFO - Setting next_dagrun for dag_sync_batch to None, run_after=None
[2025-09-13T03:14:18.534+0000] {processor.py:183} INFO - Processing /opt/airflow/dags/DAG 2 Sincornizar batch KNIME.py took 0.174 seconds
[2025-09-13T03:14:49.003+0000] {processor.py:161} INFO - Started process (PID=907) to work on /opt/airflow/dags/DAG 2 Sincornizar batch KNIME.py
[2025-09-13T03:14:49.004+0000] {processor.py:830} INFO - Processing file /opt/airflow/dags/DAG 2 Sincornizar batch KNIME.py for tasks to queue
[2025-09-13T03:14:49.005+0000] {logging_mixin.py:188} INFO - [2025-09-13T03:14:49.004+0000] {dagbag.py:545} INFO - Filling up the DagBag from /opt/airflow/dags/DAG 2 Sincornizar batch KNIME.py
[2025-09-13T03:14:49.031+0000] {processor.py:840} INFO - DAG(s) 'dag_sync_batch' retrieved from /opt/airflow/dags/DAG 2 Sincornizar batch KNIME.py
[2025-09-13T03:14:49.072+0000] {logging_mixin.py:188} INFO - [2025-09-13T03:14:49.072+0000] {dag.py:3096} INFO - Sync 1 DAGs
[2025-09-13T03:14:49.088+0000] {logging_mixin.py:188} INFO - [2025-09-13T03:14:49.088+0000] {dag.py:3954} INFO - Setting next_dagrun for dag_sync_batch to None, run_after=None
[2025-09-13T03:14:49.123+0000] {processor.py:183} INFO - Processing /opt/airflow/dags/DAG 2 Sincornizar batch KNIME.py took 0.131 seconds
[2025-09-13T03:15:19.644+0000] {processor.py:161} INFO - Started process (PID=922) to work on /opt/airflow/dags/DAG 2 Sincornizar batch KNIME.py
[2025-09-13T03:15:19.645+0000] {processor.py:830} INFO - Processing file /opt/airflow/dags/DAG 2 Sincornizar batch KNIME.py for tasks to queue
[2025-09-13T03:15:19.647+0000] {logging_mixin.py:188} INFO - [2025-09-13T03:15:19.647+0000] {dagbag.py:545} INFO - Filling up the DagBag from /opt/airflow/dags/DAG 2 Sincornizar batch KNIME.py
[2025-09-13T03:15:19.668+0000] {processor.py:840} INFO - DAG(s) 'dag_sync_batch' retrieved from /opt/airflow/dags/DAG 2 Sincornizar batch KNIME.py
[2025-09-13T03:15:19.706+0000] {logging_mixin.py:188} INFO - [2025-09-13T03:15:19.706+0000] {dag.py:3096} INFO - Sync 1 DAGs
[2025-09-13T03:15:19.717+0000] {logging_mixin.py:188} INFO - [2025-09-13T03:15:19.717+0000] {dag.py:3954} INFO - Setting next_dagrun for dag_sync_batch to None, run_after=None
[2025-09-13T03:15:19.733+0000] {processor.py:183} INFO - Processing /opt/airflow/dags/DAG 2 Sincornizar batch KNIME.py took 0.106 seconds
[2025-09-13T03:15:50.158+0000] {processor.py:161} INFO - Started process (PID=937) to work on /opt/airflow/dags/DAG 2 Sincornizar batch KNIME.py
[2025-09-13T03:15:50.159+0000] {processor.py:830} INFO - Processing file /opt/airflow/dags/DAG 2 Sincornizar batch KNIME.py for tasks to queue
[2025-09-13T03:15:50.161+0000] {logging_mixin.py:188} INFO - [2025-09-13T03:15:50.160+0000] {dagbag.py:545} INFO - Filling up the DagBag from /opt/airflow/dags/DAG 2 Sincornizar batch KNIME.py
[2025-09-13T03:15:50.180+0000] {processor.py:840} INFO - DAG(s) 'dag_sync_batch' retrieved from /opt/airflow/dags/DAG 2 Sincornizar batch KNIME.py
[2025-09-13T03:15:50.215+0000] {logging_mixin.py:188} INFO - [2025-09-13T03:15:50.215+0000] {dag.py:3096} INFO - Sync 1 DAGs
[2025-09-13T03:15:50.232+0000] {logging_mixin.py:188} INFO - [2025-09-13T03:15:50.232+0000] {dag.py:3954} INFO - Setting next_dagrun for dag_sync_batch to None, run_after=None
[2025-09-13T03:15:50.243+0000] {processor.py:183} INFO - Processing /opt/airflow/dags/DAG 2 Sincornizar batch KNIME.py took 0.102 seconds
[2025-09-13T03:16:20.808+0000] {processor.py:161} INFO - Started process (PID=952) to work on /opt/airflow/dags/DAG 2 Sincornizar batch KNIME.py
[2025-09-13T03:16:20.809+0000] {processor.py:830} INFO - Processing file /opt/airflow/dags/DAG 2 Sincornizar batch KNIME.py for tasks to queue
[2025-09-13T03:16:20.812+0000] {logging_mixin.py:188} INFO - [2025-09-13T03:16:20.810+0000] {dagbag.py:545} INFO - Filling up the DagBag from /opt/airflow/dags/DAG 2 Sincornizar batch KNIME.py
[2025-09-13T03:16:20.832+0000] {processor.py:840} INFO - DAG(s) 'dag_sync_batch' retrieved from /opt/airflow/dags/DAG 2 Sincornizar batch KNIME.py
[2025-09-13T03:16:20.871+0000] {logging_mixin.py:188} INFO - [2025-09-13T03:16:20.871+0000] {dag.py:3096} INFO - Sync 1 DAGs
[2025-09-13T03:16:20.885+0000] {logging_mixin.py:188} INFO - [2025-09-13T03:16:20.884+0000] {dag.py:3954} INFO - Setting next_dagrun for dag_sync_batch to None, run_after=None
[2025-09-13T03:16:20.895+0000] {processor.py:183} INFO - Processing /opt/airflow/dags/DAG 2 Sincornizar batch KNIME.py took 0.100 seconds
[2025-09-13T03:16:51.739+0000] {processor.py:161} INFO - Started process (PID=967) to work on /opt/airflow/dags/DAG 2 Sincornizar batch KNIME.py
[2025-09-13T03:16:51.740+0000] {processor.py:830} INFO - Processing file /opt/airflow/dags/DAG 2 Sincornizar batch KNIME.py for tasks to queue
[2025-09-13T03:16:51.742+0000] {logging_mixin.py:188} INFO - [2025-09-13T03:16:51.741+0000] {dagbag.py:545} INFO - Filling up the DagBag from /opt/airflow/dags/DAG 2 Sincornizar batch KNIME.py
[2025-09-13T03:16:51.762+0000] {processor.py:840} INFO - DAG(s) 'dag_sync_batch' retrieved from /opt/airflow/dags/DAG 2 Sincornizar batch KNIME.py
[2025-09-13T03:16:51.794+0000] {logging_mixin.py:188} INFO - [2025-09-13T03:16:51.794+0000] {dag.py:3096} INFO - Sync 1 DAGs
[2025-09-13T03:16:51.832+0000] {logging_mixin.py:188} INFO - [2025-09-13T03:16:51.832+0000] {dag.py:3954} INFO - Setting next_dagrun for dag_sync_batch to None, run_after=None
[2025-09-13T03:16:51.863+0000] {processor.py:183} INFO - Processing /opt/airflow/dags/DAG 2 Sincornizar batch KNIME.py took 0.137 seconds
[2025-09-13T03:17:22.296+0000] {processor.py:161} INFO - Started process (PID=982) to work on /opt/airflow/dags/DAG 2 Sincornizar batch KNIME.py
[2025-09-13T03:17:22.297+0000] {processor.py:830} INFO - Processing file /opt/airflow/dags/DAG 2 Sincornizar batch KNIME.py for tasks to queue
[2025-09-13T03:17:22.298+0000] {logging_mixin.py:188} INFO - [2025-09-13T03:17:22.298+0000] {dagbag.py:545} INFO - Filling up the DagBag from /opt/airflow/dags/DAG 2 Sincornizar batch KNIME.py
[2025-09-13T03:17:22.317+0000] {processor.py:840} INFO - DAG(s) 'dag_sync_batch' retrieved from /opt/airflow/dags/DAG 2 Sincornizar batch KNIME.py
[2025-09-13T03:17:22.353+0000] {logging_mixin.py:188} INFO - [2025-09-13T03:17:22.353+0000] {dag.py:3096} INFO - Sync 1 DAGs
[2025-09-13T03:17:22.396+0000] {logging_mixin.py:188} INFO - [2025-09-13T03:17:22.396+0000] {dag.py:3954} INFO - Setting next_dagrun for dag_sync_batch to None, run_after=None
[2025-09-13T03:17:22.434+0000] {processor.py:183} INFO - Processing /opt/airflow/dags/DAG 2 Sincornizar batch KNIME.py took 0.145 seconds
[2025-09-13T03:17:53.303+0000] {processor.py:161} INFO - Started process (PID=997) to work on /opt/airflow/dags/DAG 2 Sincornizar batch KNIME.py
[2025-09-13T03:17:53.309+0000] {processor.py:830} INFO - Processing file /opt/airflow/dags/DAG 2 Sincornizar batch KNIME.py for tasks to queue
[2025-09-13T03:17:53.319+0000] {logging_mixin.py:188} INFO - [2025-09-13T03:17:53.316+0000] {dagbag.py:545} INFO - Filling up the DagBag from /opt/airflow/dags/DAG 2 Sincornizar batch KNIME.py
[2025-09-13T03:17:53.424+0000] {processor.py:840} INFO - DAG(s) 'dag_sync_batch' retrieved from /opt/airflow/dags/DAG 2 Sincornizar batch KNIME.py
[2025-09-13T03:17:53.602+0000] {logging_mixin.py:188} INFO - [2025-09-13T03:17:53.601+0000] {dag.py:3096} INFO - Sync 1 DAGs
[2025-09-13T03:17:53.644+0000] {logging_mixin.py:188} INFO - [2025-09-13T03:17:53.644+0000] {dag.py:3954} INFO - Setting next_dagrun for dag_sync_batch to None, run_after=None
[2025-09-13T03:17:53.691+0000] {processor.py:183} INFO - Processing /opt/airflow/dags/DAG 2 Sincornizar batch KNIME.py took 0.560 seconds
[2025-09-13T03:18:24.914+0000] {processor.py:161} INFO - Started process (PID=1012) to work on /opt/airflow/dags/DAG 2 Sincornizar batch KNIME.py
[2025-09-13T03:18:24.921+0000] {processor.py:830} INFO - Processing file /opt/airflow/dags/DAG 2 Sincornizar batch KNIME.py for tasks to queue
[2025-09-13T03:18:24.927+0000] {logging_mixin.py:188} INFO - [2025-09-13T03:18:24.927+0000] {dagbag.py:545} INFO - Filling up the DagBag from /opt/airflow/dags/DAG 2 Sincornizar batch KNIME.py
[2025-09-13T03:18:25.023+0000] {processor.py:840} INFO - DAG(s) 'dag_sync_batch' retrieved from /opt/airflow/dags/DAG 2 Sincornizar batch KNIME.py
[2025-09-13T03:18:25.170+0000] {logging_mixin.py:188} INFO - [2025-09-13T03:18:25.170+0000] {dag.py:3096} INFO - Sync 1 DAGs
[2025-09-13T03:18:25.207+0000] {logging_mixin.py:188} INFO - [2025-09-13T03:18:25.206+0000] {dag.py:3954} INFO - Setting next_dagrun for dag_sync_batch to None, run_after=None
[2025-09-13T03:18:25.238+0000] {processor.py:183} INFO - Processing /opt/airflow/dags/DAG 2 Sincornizar batch KNIME.py took 0.347 seconds
[2025-09-13T03:23:51.588+0000] {processor.py:161} INFO - Started process (PID=182) to work on /opt/airflow/dags/DAG 2 Sincornizar batch KNIME.py
[2025-09-13T03:23:51.592+0000] {processor.py:830} INFO - Processing file /opt/airflow/dags/DAG 2 Sincornizar batch KNIME.py for tasks to queue
[2025-09-13T03:23:51.595+0000] {logging_mixin.py:188} INFO - [2025-09-13T03:23:51.595+0000] {dagbag.py:545} INFO - Filling up the DagBag from /opt/airflow/dags/DAG 2 Sincornizar batch KNIME.py
[2025-09-13T03:23:51.639+0000] {processor.py:840} INFO - DAG(s) 'dag_sync_batch' retrieved from /opt/airflow/dags/DAG 2 Sincornizar batch KNIME.py
[2025-09-13T03:23:51.687+0000] {logging_mixin.py:188} INFO - [2025-09-13T03:23:51.687+0000] {dag.py:3096} INFO - Sync 1 DAGs
[2025-09-13T03:23:51.716+0000] {logging_mixin.py:188} INFO - [2025-09-13T03:23:51.716+0000] {dag.py:3954} INFO - Setting next_dagrun for dag_sync_batch to None, run_after=None
[2025-09-13T03:23:51.733+0000] {processor.py:183} INFO - Processing /opt/airflow/dags/DAG 2 Sincornizar batch KNIME.py took 0.160 seconds
[2025-09-13T03:24:22.773+0000] {processor.py:161} INFO - Started process (PID=197) to work on /opt/airflow/dags/DAG 2 Sincornizar batch KNIME.py
[2025-09-13T03:24:22.776+0000] {processor.py:830} INFO - Processing file /opt/airflow/dags/DAG 2 Sincornizar batch KNIME.py for tasks to queue
[2025-09-13T03:24:22.795+0000] {logging_mixin.py:188} INFO - [2025-09-13T03:24:22.792+0000] {dagbag.py:545} INFO - Filling up the DagBag from /opt/airflow/dags/DAG 2 Sincornizar batch KNIME.py
[2025-09-13T03:24:22.861+0000] {processor.py:840} INFO - DAG(s) 'dag_sync_batch' retrieved from /opt/airflow/dags/DAG 2 Sincornizar batch KNIME.py
[2025-09-13T03:24:23.646+0000] {logging_mixin.py:188} INFO - [2025-09-13T03:24:23.638+0000] {dag.py:3096} INFO - Sync 1 DAGs
[2025-09-13T03:24:23.714+0000] {logging_mixin.py:188} INFO - [2025-09-13T03:24:23.713+0000] {dag.py:3954} INFO - Setting next_dagrun for dag_sync_batch to None, run_after=None
[2025-09-13T03:24:23.803+0000] {processor.py:183} INFO - Processing /opt/airflow/dags/DAG 2 Sincornizar batch KNIME.py took 1.059 seconds
[2025-09-13T03:24:54.534+0000] {processor.py:161} INFO - Started process (PID=212) to work on /opt/airflow/dags/DAG 2 Sincornizar batch KNIME.py
[2025-09-13T03:24:54.538+0000] {processor.py:830} INFO - Processing file /opt/airflow/dags/DAG 2 Sincornizar batch KNIME.py for tasks to queue
[2025-09-13T03:24:54.541+0000] {logging_mixin.py:188} INFO - [2025-09-13T03:24:54.540+0000] {dagbag.py:545} INFO - Filling up the DagBag from /opt/airflow/dags/DAG 2 Sincornizar batch KNIME.py
[2025-09-13T03:24:54.561+0000] {processor.py:840} INFO - DAG(s) 'dag_sync_batch' retrieved from /opt/airflow/dags/DAG 2 Sincornizar batch KNIME.py
[2025-09-13T03:24:54.618+0000] {logging_mixin.py:188} INFO - [2025-09-13T03:24:54.618+0000] {dag.py:3096} INFO - Sync 1 DAGs
[2025-09-13T03:24:54.636+0000] {logging_mixin.py:188} INFO - [2025-09-13T03:24:54.635+0000] {dag.py:3954} INFO - Setting next_dagrun for dag_sync_batch to None, run_after=None
[2025-09-13T03:24:54.652+0000] {processor.py:183} INFO - Processing /opt/airflow/dags/DAG 2 Sincornizar batch KNIME.py took 0.128 seconds
[2025-09-13T03:25:25.270+0000] {processor.py:161} INFO - Started process (PID=227) to work on /opt/airflow/dags/DAG 2 Sincornizar batch KNIME.py
[2025-09-13T03:25:25.273+0000] {processor.py:830} INFO - Processing file /opt/airflow/dags/DAG 2 Sincornizar batch KNIME.py for tasks to queue
[2025-09-13T03:25:25.277+0000] {logging_mixin.py:188} INFO - [2025-09-13T03:25:25.277+0000] {dagbag.py:545} INFO - Filling up the DagBag from /opt/airflow/dags/DAG 2 Sincornizar batch KNIME.py
[2025-09-13T03:25:25.305+0000] {processor.py:840} INFO - DAG(s) 'dag_sync_batch' retrieved from /opt/airflow/dags/DAG 2 Sincornizar batch KNIME.py
[2025-09-13T03:25:25.379+0000] {logging_mixin.py:188} INFO - [2025-09-13T03:25:25.379+0000] {dag.py:3096} INFO - Sync 1 DAGs
[2025-09-13T03:25:25.394+0000] {logging_mixin.py:188} INFO - [2025-09-13T03:25:25.393+0000] {dag.py:3954} INFO - Setting next_dagrun for dag_sync_batch to None, run_after=None
[2025-09-13T03:25:25.415+0000] {processor.py:183} INFO - Processing /opt/airflow/dags/DAG 2 Sincornizar batch KNIME.py took 0.181 seconds
[2025-09-13T03:25:56.082+0000] {processor.py:161} INFO - Started process (PID=242) to work on /opt/airflow/dags/DAG 2 Sincornizar batch KNIME.py
[2025-09-13T03:25:56.085+0000] {processor.py:830} INFO - Processing file /opt/airflow/dags/DAG 2 Sincornizar batch KNIME.py for tasks to queue
[2025-09-13T03:25:56.092+0000] {logging_mixin.py:188} INFO - [2025-09-13T03:25:56.091+0000] {dagbag.py:545} INFO - Filling up the DagBag from /opt/airflow/dags/DAG 2 Sincornizar batch KNIME.py
[2025-09-13T03:25:56.125+0000] {processor.py:840} INFO - DAG(s) 'dag_sync_batch' retrieved from /opt/airflow/dags/DAG 2 Sincornizar batch KNIME.py
[2025-09-13T03:25:56.196+0000] {logging_mixin.py:188} INFO - [2025-09-13T03:25:56.195+0000] {dag.py:3096} INFO - Sync 1 DAGs
[2025-09-13T03:25:56.248+0000] {logging_mixin.py:188} INFO - [2025-09-13T03:25:56.247+0000] {dag.py:3954} INFO - Setting next_dagrun for dag_sync_batch to None, run_after=None
[2025-09-13T03:25:56.282+0000] {processor.py:183} INFO - Processing /opt/airflow/dags/DAG 2 Sincornizar batch KNIME.py took 0.226 seconds
[2025-09-13T03:26:26.727+0000] {processor.py:161} INFO - Started process (PID=257) to work on /opt/airflow/dags/DAG 2 Sincornizar batch KNIME.py
[2025-09-13T03:26:26.732+0000] {processor.py:830} INFO - Processing file /opt/airflow/dags/DAG 2 Sincornizar batch KNIME.py for tasks to queue
[2025-09-13T03:26:26.737+0000] {logging_mixin.py:188} INFO - [2025-09-13T03:26:26.736+0000] {dagbag.py:545} INFO - Filling up the DagBag from /opt/airflow/dags/DAG 2 Sincornizar batch KNIME.py
[2025-09-13T03:26:26.768+0000] {processor.py:840} INFO - DAG(s) 'dag_sync_batch' retrieved from /opt/airflow/dags/DAG 2 Sincornizar batch KNIME.py
[2025-09-13T03:26:26.817+0000] {logging_mixin.py:188} INFO - [2025-09-13T03:26:26.817+0000] {dag.py:3096} INFO - Sync 1 DAGs
[2025-09-13T03:26:26.832+0000] {logging_mixin.py:188} INFO - [2025-09-13T03:26:26.832+0000] {dag.py:3954} INFO - Setting next_dagrun for dag_sync_batch to None, run_after=None
[2025-09-13T03:26:26.852+0000] {processor.py:183} INFO - Processing /opt/airflow/dags/DAG 2 Sincornizar batch KNIME.py took 0.139 seconds
[2025-09-13T03:26:57.585+0000] {processor.py:161} INFO - Started process (PID=272) to work on /opt/airflow/dags/DAG 2 Sincornizar batch KNIME.py
[2025-09-13T03:26:57.586+0000] {processor.py:830} INFO - Processing file /opt/airflow/dags/DAG 2 Sincornizar batch KNIME.py for tasks to queue
[2025-09-13T03:26:57.589+0000] {logging_mixin.py:188} INFO - [2025-09-13T03:26:57.588+0000] {dagbag.py:545} INFO - Filling up the DagBag from /opt/airflow/dags/DAG 2 Sincornizar batch KNIME.py
[2025-09-13T03:26:57.609+0000] {processor.py:840} INFO - DAG(s) 'dag_sync_batch' retrieved from /opt/airflow/dags/DAG 2 Sincornizar batch KNIME.py
[2025-09-13T03:26:57.656+0000] {logging_mixin.py:188} INFO - [2025-09-13T03:26:57.656+0000] {dag.py:3096} INFO - Sync 1 DAGs
[2025-09-13T03:26:57.672+0000] {logging_mixin.py:188} INFO - [2025-09-13T03:26:57.672+0000] {dag.py:3954} INFO - Setting next_dagrun for dag_sync_batch to None, run_after=None
[2025-09-13T03:26:57.711+0000] {processor.py:183} INFO - Processing /opt/airflow/dags/DAG 2 Sincornizar batch KNIME.py took 0.136 seconds
[2025-09-13T03:27:28.469+0000] {processor.py:161} INFO - Started process (PID=287) to work on /opt/airflow/dags/DAG 2 Sincornizar batch KNIME.py
[2025-09-13T03:27:28.470+0000] {processor.py:830} INFO - Processing file /opt/airflow/dags/DAG 2 Sincornizar batch KNIME.py for tasks to queue
[2025-09-13T03:27:28.473+0000] {logging_mixin.py:188} INFO - [2025-09-13T03:27:28.472+0000] {dagbag.py:545} INFO - Filling up the DagBag from /opt/airflow/dags/DAG 2 Sincornizar batch KNIME.py
[2025-09-13T03:27:28.492+0000] {processor.py:840} INFO - DAG(s) 'dag_sync_batch' retrieved from /opt/airflow/dags/DAG 2 Sincornizar batch KNIME.py
[2025-09-13T03:27:28.535+0000] {logging_mixin.py:188} INFO - [2025-09-13T03:27:28.535+0000] {dag.py:3096} INFO - Sync 1 DAGs
[2025-09-13T03:27:28.549+0000] {logging_mixin.py:188} INFO - [2025-09-13T03:27:28.549+0000] {dag.py:3954} INFO - Setting next_dagrun for dag_sync_batch to None, run_after=None
[2025-09-13T03:27:28.568+0000] {processor.py:183} INFO - Processing /opt/airflow/dags/DAG 2 Sincornizar batch KNIME.py took 0.115 seconds
[2025-09-13T03:27:59.089+0000] {processor.py:161} INFO - Started process (PID=302) to work on /opt/airflow/dags/DAG 2 Sincornizar batch KNIME.py
[2025-09-13T03:27:59.090+0000] {processor.py:830} INFO - Processing file /opt/airflow/dags/DAG 2 Sincornizar batch KNIME.py for tasks to queue
[2025-09-13T03:27:59.094+0000] {logging_mixin.py:188} INFO - [2025-09-13T03:27:59.094+0000] {dagbag.py:545} INFO - Filling up the DagBag from /opt/airflow/dags/DAG 2 Sincornizar batch KNIME.py
[2025-09-13T03:27:59.122+0000] {processor.py:840} INFO - DAG(s) 'dag_sync_batch' retrieved from /opt/airflow/dags/DAG 2 Sincornizar batch KNIME.py
[2025-09-13T03:27:59.171+0000] {logging_mixin.py:188} INFO - [2025-09-13T03:27:59.171+0000] {dag.py:3096} INFO - Sync 1 DAGs
[2025-09-13T03:27:59.187+0000] {logging_mixin.py:188} INFO - [2025-09-13T03:27:59.187+0000] {dag.py:3954} INFO - Setting next_dagrun for dag_sync_batch to None, run_after=None
[2025-09-13T03:27:59.202+0000] {processor.py:183} INFO - Processing /opt/airflow/dags/DAG 2 Sincornizar batch KNIME.py took 0.127 seconds
[2025-09-13T03:28:30.182+0000] {processor.py:161} INFO - Started process (PID=317) to work on /opt/airflow/dags/DAG 2 Sincornizar batch KNIME.py
[2025-09-13T03:28:30.188+0000] {processor.py:830} INFO - Processing file /opt/airflow/dags/DAG 2 Sincornizar batch KNIME.py for tasks to queue
[2025-09-13T03:28:30.206+0000] {logging_mixin.py:188} INFO - [2025-09-13T03:28:30.204+0000] {dagbag.py:545} INFO - Filling up the DagBag from /opt/airflow/dags/DAG 2 Sincornizar batch KNIME.py
[2025-09-13T03:28:30.324+0000] {processor.py:840} INFO - DAG(s) 'dag_sync_batch' retrieved from /opt/airflow/dags/DAG 2 Sincornizar batch KNIME.py
[2025-09-13T03:28:30.452+0000] {logging_mixin.py:188} INFO - [2025-09-13T03:28:30.452+0000] {dag.py:3096} INFO - Sync 1 DAGs
[2025-09-13T03:28:30.479+0000] {logging_mixin.py:188} INFO - [2025-09-13T03:28:30.479+0000] {dag.py:3954} INFO - Setting next_dagrun for dag_sync_batch to None, run_after=None
[2025-09-13T03:28:30.506+0000] {processor.py:183} INFO - Processing /opt/airflow/dags/DAG 2 Sincornizar batch KNIME.py took 0.381 seconds
[2025-09-13T03:29:00.969+0000] {processor.py:161} INFO - Started process (PID=332) to work on /opt/airflow/dags/DAG 2 Sincornizar batch KNIME.py
[2025-09-13T03:29:00.972+0000] {processor.py:830} INFO - Processing file /opt/airflow/dags/DAG 2 Sincornizar batch KNIME.py for tasks to queue
[2025-09-13T03:29:00.983+0000] {logging_mixin.py:188} INFO - [2025-09-13T03:29:00.980+0000] {dagbag.py:545} INFO - Filling up the DagBag from /opt/airflow/dags/DAG 2 Sincornizar batch KNIME.py
[2025-09-13T03:29:01.011+0000] {processor.py:840} INFO - DAG(s) 'dag_sync_batch' retrieved from /opt/airflow/dags/DAG 2 Sincornizar batch KNIME.py
[2025-09-13T03:29:01.099+0000] {logging_mixin.py:188} INFO - [2025-09-13T03:29:01.098+0000] {dag.py:3096} INFO - Sync 1 DAGs
[2025-09-13T03:29:01.315+0000] {logging_mixin.py:188} INFO - [2025-09-13T03:29:01.310+0000] {dag.py:3954} INFO - Setting next_dagrun for dag_sync_batch to None, run_after=None
[2025-09-13T03:29:01.484+0000] {processor.py:183} INFO - Processing /opt/airflow/dags/DAG 2 Sincornizar batch KNIME.py took 0.554 seconds
[2025-09-13T03:29:32.174+0000] {processor.py:161} INFO - Started process (PID=347) to work on /opt/airflow/dags/DAG 2 Sincornizar batch KNIME.py
[2025-09-13T03:29:32.185+0000] {processor.py:830} INFO - Processing file /opt/airflow/dags/DAG 2 Sincornizar batch KNIME.py for tasks to queue
[2025-09-13T03:29:32.199+0000] {logging_mixin.py:188} INFO - [2025-09-13T03:29:32.198+0000] {dagbag.py:545} INFO - Filling up the DagBag from /opt/airflow/dags/DAG 2 Sincornizar batch KNIME.py
[2025-09-13T03:29:32.272+0000] {processor.py:840} INFO - DAG(s) 'dag_sync_batch' retrieved from /opt/airflow/dags/DAG 2 Sincornizar batch KNIME.py
[2025-09-13T03:29:32.385+0000] {logging_mixin.py:188} INFO - [2025-09-13T03:29:32.385+0000] {dag.py:3096} INFO - Sync 1 DAGs
[2025-09-13T03:29:32.415+0000] {logging_mixin.py:188} INFO - [2025-09-13T03:29:32.415+0000] {dag.py:3954} INFO - Setting next_dagrun for dag_sync_batch to None, run_after=None
[2025-09-13T03:29:32.494+0000] {processor.py:183} INFO - Processing /opt/airflow/dags/DAG 2 Sincornizar batch KNIME.py took 0.351 seconds
[2025-09-13T03:30:02.992+0000] {processor.py:161} INFO - Started process (PID=362) to work on /opt/airflow/dags/DAG 2 Sincornizar batch KNIME.py
[2025-09-13T03:30:02.994+0000] {processor.py:830} INFO - Processing file /opt/airflow/dags/DAG 2 Sincornizar batch KNIME.py for tasks to queue
[2025-09-13T03:30:02.996+0000] {logging_mixin.py:188} INFO - [2025-09-13T03:30:02.996+0000] {dagbag.py:545} INFO - Filling up the DagBag from /opt/airflow/dags/DAG 2 Sincornizar batch KNIME.py
[2025-09-13T03:30:03.014+0000] {processor.py:840} INFO - DAG(s) 'dag_sync_batch' retrieved from /opt/airflow/dags/DAG 2 Sincornizar batch KNIME.py
[2025-09-13T03:30:03.052+0000] {logging_mixin.py:188} INFO - [2025-09-13T03:30:03.052+0000] {dag.py:3096} INFO - Sync 1 DAGs
[2025-09-13T03:30:03.065+0000] {logging_mixin.py:188} INFO - [2025-09-13T03:30:03.064+0000] {dag.py:3954} INFO - Setting next_dagrun for dag_sync_batch to None, run_after=None
[2025-09-13T03:30:03.084+0000] {processor.py:183} INFO - Processing /opt/airflow/dags/DAG 2 Sincornizar batch KNIME.py took 0.104 seconds
[2025-09-13T03:30:33.702+0000] {processor.py:161} INFO - Started process (PID=377) to work on /opt/airflow/dags/DAG 2 Sincornizar batch KNIME.py
[2025-09-13T03:30:33.704+0000] {processor.py:830} INFO - Processing file /opt/airflow/dags/DAG 2 Sincornizar batch KNIME.py for tasks to queue
[2025-09-13T03:30:33.710+0000] {logging_mixin.py:188} INFO - [2025-09-13T03:30:33.710+0000] {dagbag.py:545} INFO - Filling up the DagBag from /opt/airflow/dags/DAG 2 Sincornizar batch KNIME.py
[2025-09-13T03:30:33.731+0000] {processor.py:840} INFO - DAG(s) 'dag_sync_batch' retrieved from /opt/airflow/dags/DAG 2 Sincornizar batch KNIME.py
[2025-09-13T03:30:33.782+0000] {logging_mixin.py:188} INFO - [2025-09-13T03:30:33.782+0000] {dag.py:3096} INFO - Sync 1 DAGs
[2025-09-13T03:30:33.801+0000] {logging_mixin.py:188} INFO - [2025-09-13T03:30:33.801+0000] {dag.py:3954} INFO - Setting next_dagrun for dag_sync_batch to None, run_after=None
[2025-09-13T03:30:33.817+0000] {processor.py:183} INFO - Processing /opt/airflow/dags/DAG 2 Sincornizar batch KNIME.py took 0.139 seconds
[2025-09-13T03:31:04.550+0000] {processor.py:161} INFO - Started process (PID=392) to work on /opt/airflow/dags/DAG 2 Sincornizar batch KNIME.py
[2025-09-13T03:31:04.555+0000] {processor.py:830} INFO - Processing file /opt/airflow/dags/DAG 2 Sincornizar batch KNIME.py for tasks to queue
[2025-09-13T03:31:04.559+0000] {logging_mixin.py:188} INFO - [2025-09-13T03:31:04.558+0000] {dagbag.py:545} INFO - Filling up the DagBag from /opt/airflow/dags/DAG 2 Sincornizar batch KNIME.py
[2025-09-13T03:31:04.582+0000] {processor.py:840} INFO - DAG(s) 'dag_sync_batch' retrieved from /opt/airflow/dags/DAG 2 Sincornizar batch KNIME.py
[2025-09-13T03:31:04.650+0000] {logging_mixin.py:188} INFO - [2025-09-13T03:31:04.650+0000] {dag.py:3096} INFO - Sync 1 DAGs
[2025-09-13T03:31:04.666+0000] {logging_mixin.py:188} INFO - [2025-09-13T03:31:04.666+0000] {dag.py:3954} INFO - Setting next_dagrun for dag_sync_batch to None, run_after=None
[2025-09-13T03:31:04.682+0000] {processor.py:183} INFO - Processing /opt/airflow/dags/DAG 2 Sincornizar batch KNIME.py took 0.154 seconds
[2025-09-13T03:31:35.547+0000] {processor.py:161} INFO - Started process (PID=407) to work on /opt/airflow/dags/DAG 2 Sincornizar batch KNIME.py
[2025-09-13T03:31:35.550+0000] {processor.py:830} INFO - Processing file /opt/airflow/dags/DAG 2 Sincornizar batch KNIME.py for tasks to queue
[2025-09-13T03:31:35.554+0000] {logging_mixin.py:188} INFO - [2025-09-13T03:31:35.553+0000] {dagbag.py:545} INFO - Filling up the DagBag from /opt/airflow/dags/DAG 2 Sincornizar batch KNIME.py
[2025-09-13T03:31:35.592+0000] {processor.py:840} INFO - DAG(s) 'dag_sync_batch' retrieved from /opt/airflow/dags/DAG 2 Sincornizar batch KNIME.py
[2025-09-13T03:31:35.676+0000] {logging_mixin.py:188} INFO - [2025-09-13T03:31:35.676+0000] {dag.py:3096} INFO - Sync 1 DAGs
[2025-09-13T03:31:35.713+0000] {logging_mixin.py:188} INFO - [2025-09-13T03:31:35.712+0000] {dag.py:3954} INFO - Setting next_dagrun for dag_sync_batch to None, run_after=None
[2025-09-13T03:31:35.747+0000] {processor.py:183} INFO - Processing /opt/airflow/dags/DAG 2 Sincornizar batch KNIME.py took 0.217 seconds
[2025-09-13T03:32:06.204+0000] {processor.py:161} INFO - Started process (PID=422) to work on /opt/airflow/dags/DAG 2 Sincornizar batch KNIME.py
[2025-09-13T03:32:06.205+0000] {processor.py:830} INFO - Processing file /opt/airflow/dags/DAG 2 Sincornizar batch KNIME.py for tasks to queue
[2025-09-13T03:32:06.213+0000] {logging_mixin.py:188} INFO - [2025-09-13T03:32:06.212+0000] {dagbag.py:545} INFO - Filling up the DagBag from /opt/airflow/dags/DAG 2 Sincornizar batch KNIME.py
[2025-09-13T03:32:06.232+0000] {processor.py:840} INFO - DAG(s) 'dag_sync_batch' retrieved from /opt/airflow/dags/DAG 2 Sincornizar batch KNIME.py
[2025-09-13T03:32:06.273+0000] {logging_mixin.py:188} INFO - [2025-09-13T03:32:06.273+0000] {dag.py:3096} INFO - Sync 1 DAGs
[2025-09-13T03:32:06.288+0000] {logging_mixin.py:188} INFO - [2025-09-13T03:32:06.287+0000] {dag.py:3954} INFO - Setting next_dagrun for dag_sync_batch to None, run_after=None
[2025-09-13T03:32:06.302+0000] {processor.py:183} INFO - Processing /opt/airflow/dags/DAG 2 Sincornizar batch KNIME.py took 0.109 seconds
[2025-09-13T03:32:36.763+0000] {processor.py:161} INFO - Started process (PID=437) to work on /opt/airflow/dags/DAG 2 Sincornizar batch KNIME.py
[2025-09-13T03:32:36.766+0000] {processor.py:830} INFO - Processing file /opt/airflow/dags/DAG 2 Sincornizar batch KNIME.py for tasks to queue
[2025-09-13T03:32:36.769+0000] {logging_mixin.py:188} INFO - [2025-09-13T03:32:36.769+0000] {dagbag.py:545} INFO - Filling up the DagBag from /opt/airflow/dags/DAG 2 Sincornizar batch KNIME.py
[2025-09-13T03:32:36.793+0000] {processor.py:840} INFO - DAG(s) 'dag_sync_batch' retrieved from /opt/airflow/dags/DAG 2 Sincornizar batch KNIME.py
[2025-09-13T03:32:36.832+0000] {logging_mixin.py:188} INFO - [2025-09-13T03:32:36.832+0000] {dag.py:3096} INFO - Sync 1 DAGs
[2025-09-13T03:32:36.848+0000] {logging_mixin.py:188} INFO - [2025-09-13T03:32:36.848+0000] {dag.py:3954} INFO - Setting next_dagrun for dag_sync_batch to None, run_after=None
[2025-09-13T03:32:36.862+0000] {processor.py:183} INFO - Processing /opt/airflow/dags/DAG 2 Sincornizar batch KNIME.py took 0.110 seconds
[2025-09-13T03:33:07.291+0000] {processor.py:161} INFO - Started process (PID=452) to work on /opt/airflow/dags/DAG 2 Sincornizar batch KNIME.py
[2025-09-13T03:33:07.292+0000] {processor.py:830} INFO - Processing file /opt/airflow/dags/DAG 2 Sincornizar batch KNIME.py for tasks to queue
[2025-09-13T03:33:07.295+0000] {logging_mixin.py:188} INFO - [2025-09-13T03:33:07.294+0000] {dagbag.py:545} INFO - Filling up the DagBag from /opt/airflow/dags/DAG 2 Sincornizar batch KNIME.py
[2025-09-13T03:33:07.315+0000] {processor.py:840} INFO - DAG(s) 'dag_sync_batch' retrieved from /opt/airflow/dags/DAG 2 Sincornizar batch KNIME.py
[2025-09-13T03:33:07.350+0000] {logging_mixin.py:188} INFO - [2025-09-13T03:33:07.349+0000] {dag.py:3096} INFO - Sync 1 DAGs
[2025-09-13T03:33:07.363+0000] {logging_mixin.py:188} INFO - [2025-09-13T03:33:07.363+0000] {dag.py:3954} INFO - Setting next_dagrun for dag_sync_batch to None, run_after=None
[2025-09-13T03:33:07.377+0000] {processor.py:183} INFO - Processing /opt/airflow/dags/DAG 2 Sincornizar batch KNIME.py took 0.103 seconds
[2025-09-13T03:33:37.741+0000] {processor.py:161} INFO - Started process (PID=467) to work on /opt/airflow/dags/DAG 2 Sincornizar batch KNIME.py
[2025-09-13T03:33:37.745+0000] {processor.py:830} INFO - Processing file /opt/airflow/dags/DAG 2 Sincornizar batch KNIME.py for tasks to queue
[2025-09-13T03:33:37.749+0000] {logging_mixin.py:188} INFO - [2025-09-13T03:33:37.748+0000] {dagbag.py:545} INFO - Filling up the DagBag from /opt/airflow/dags/DAG 2 Sincornizar batch KNIME.py
[2025-09-13T03:33:37.768+0000] {processor.py:840} INFO - DAG(s) 'dag_sync_batch' retrieved from /opt/airflow/dags/DAG 2 Sincornizar batch KNIME.py
[2025-09-13T03:33:37.807+0000] {logging_mixin.py:188} INFO - [2025-09-13T03:33:37.807+0000] {dag.py:3096} INFO - Sync 1 DAGs
[2025-09-13T03:33:37.821+0000] {logging_mixin.py:188} INFO - [2025-09-13T03:33:37.821+0000] {dag.py:3954} INFO - Setting next_dagrun for dag_sync_batch to None, run_after=None
[2025-09-13T03:33:37.834+0000] {processor.py:183} INFO - Processing /opt/airflow/dags/DAG 2 Sincornizar batch KNIME.py took 0.105 seconds
[2025-09-13T03:34:08.238+0000] {processor.py:161} INFO - Started process (PID=482) to work on /opt/airflow/dags/DAG 2 Sincornizar batch KNIME.py
[2025-09-13T03:34:08.240+0000] {processor.py:830} INFO - Processing file /opt/airflow/dags/DAG 2 Sincornizar batch KNIME.py for tasks to queue
[2025-09-13T03:34:08.246+0000] {logging_mixin.py:188} INFO - [2025-09-13T03:34:08.246+0000] {dagbag.py:545} INFO - Filling up the DagBag from /opt/airflow/dags/DAG 2 Sincornizar batch KNIME.py
[2025-09-13T03:34:08.265+0000] {processor.py:840} INFO - DAG(s) 'dag_sync_batch' retrieved from /opt/airflow/dags/DAG 2 Sincornizar batch KNIME.py
[2025-09-13T03:34:08.305+0000] {logging_mixin.py:188} INFO - [2025-09-13T03:34:08.305+0000] {dag.py:3096} INFO - Sync 1 DAGs
[2025-09-13T03:34:08.315+0000] {logging_mixin.py:188} INFO - [2025-09-13T03:34:08.315+0000] {dag.py:3954} INFO - Setting next_dagrun for dag_sync_batch to None, run_after=None
[2025-09-13T03:34:08.331+0000] {processor.py:183} INFO - Processing /opt/airflow/dags/DAG 2 Sincornizar batch KNIME.py took 0.104 seconds
[2025-09-13T03:34:38.650+0000] {processor.py:161} INFO - Started process (PID=497) to work on /opt/airflow/dags/DAG 2 Sincornizar batch KNIME.py
[2025-09-13T03:34:38.653+0000] {processor.py:830} INFO - Processing file /opt/airflow/dags/DAG 2 Sincornizar batch KNIME.py for tasks to queue
[2025-09-13T03:34:38.656+0000] {logging_mixin.py:188} INFO - [2025-09-13T03:34:38.656+0000] {dagbag.py:545} INFO - Filling up the DagBag from /opt/airflow/dags/DAG 2 Sincornizar batch KNIME.py
[2025-09-13T03:34:38.676+0000] {processor.py:840} INFO - DAG(s) 'dag_sync_batch' retrieved from /opt/airflow/dags/DAG 2 Sincornizar batch KNIME.py
[2025-09-13T03:34:38.710+0000] {logging_mixin.py:188} INFO - [2025-09-13T03:34:38.710+0000] {dag.py:3096} INFO - Sync 1 DAGs
[2025-09-13T03:34:38.724+0000] {logging_mixin.py:188} INFO - [2025-09-13T03:34:38.723+0000] {dag.py:3954} INFO - Setting next_dagrun for dag_sync_batch to None, run_after=None
[2025-09-13T03:34:38.738+0000] {processor.py:183} INFO - Processing /opt/airflow/dags/DAG 2 Sincornizar batch KNIME.py took 0.094 seconds
[2025-09-13T03:35:09.086+0000] {processor.py:161} INFO - Started process (PID=512) to work on /opt/airflow/dags/DAG 2 Sincornizar batch KNIME.py
[2025-09-13T03:35:09.088+0000] {processor.py:830} INFO - Processing file /opt/airflow/dags/DAG 2 Sincornizar batch KNIME.py for tasks to queue
[2025-09-13T03:35:09.095+0000] {logging_mixin.py:188} INFO - [2025-09-13T03:35:09.094+0000] {dagbag.py:545} INFO - Filling up the DagBag from /opt/airflow/dags/DAG 2 Sincornizar batch KNIME.py
[2025-09-13T03:35:09.116+0000] {processor.py:840} INFO - DAG(s) 'dag_sync_batch' retrieved from /opt/airflow/dags/DAG 2 Sincornizar batch KNIME.py
[2025-09-13T03:35:09.192+0000] {logging_mixin.py:188} INFO - [2025-09-13T03:35:09.191+0000] {dag.py:3096} INFO - Sync 1 DAGs
[2025-09-13T03:35:09.211+0000] {logging_mixin.py:188} INFO - [2025-09-13T03:35:09.210+0000] {dag.py:3954} INFO - Setting next_dagrun for dag_sync_batch to None, run_after=None
[2025-09-13T03:35:09.224+0000] {processor.py:183} INFO - Processing /opt/airflow/dags/DAG 2 Sincornizar batch KNIME.py took 0.155 seconds
[2025-09-13T03:35:39.553+0000] {processor.py:161} INFO - Started process (PID=527) to work on /opt/airflow/dags/DAG 2 Sincornizar batch KNIME.py
[2025-09-13T03:35:39.555+0000] {processor.py:830} INFO - Processing file /opt/airflow/dags/DAG 2 Sincornizar batch KNIME.py for tasks to queue
[2025-09-13T03:35:39.562+0000] {logging_mixin.py:188} INFO - [2025-09-13T03:35:39.561+0000] {dagbag.py:545} INFO - Filling up the DagBag from /opt/airflow/dags/DAG 2 Sincornizar batch KNIME.py
[2025-09-13T03:35:39.580+0000] {processor.py:840} INFO - DAG(s) 'dag_sync_batch' retrieved from /opt/airflow/dags/DAG 2 Sincornizar batch KNIME.py
[2025-09-13T03:35:39.621+0000] {logging_mixin.py:188} INFO - [2025-09-13T03:35:39.621+0000] {dag.py:3096} INFO - Sync 1 DAGs
[2025-09-13T03:35:39.632+0000] {logging_mixin.py:188} INFO - [2025-09-13T03:35:39.632+0000] {dag.py:3954} INFO - Setting next_dagrun for dag_sync_batch to None, run_after=None
[2025-09-13T03:35:39.650+0000] {processor.py:183} INFO - Processing /opt/airflow/dags/DAG 2 Sincornizar batch KNIME.py took 0.112 seconds
[2025-09-13T03:36:09.968+0000] {processor.py:161} INFO - Started process (PID=542) to work on /opt/airflow/dags/DAG 2 Sincornizar batch KNIME.py
[2025-09-13T03:36:09.969+0000] {processor.py:830} INFO - Processing file /opt/airflow/dags/DAG 2 Sincornizar batch KNIME.py for tasks to queue
[2025-09-13T03:36:09.974+0000] {logging_mixin.py:188} INFO - [2025-09-13T03:36:09.973+0000] {dagbag.py:545} INFO - Filling up the DagBag from /opt/airflow/dags/DAG 2 Sincornizar batch KNIME.py
[2025-09-13T03:36:09.993+0000] {processor.py:840} INFO - DAG(s) 'dag_sync_batch' retrieved from /opt/airflow/dags/DAG 2 Sincornizar batch KNIME.py
[2025-09-13T03:36:10.028+0000] {logging_mixin.py:188} INFO - [2025-09-13T03:36:10.028+0000] {dag.py:3096} INFO - Sync 1 DAGs
[2025-09-13T03:36:10.040+0000] {logging_mixin.py:188} INFO - [2025-09-13T03:36:10.040+0000] {dag.py:3954} INFO - Setting next_dagrun for dag_sync_batch to None, run_after=None
[2025-09-13T03:36:10.053+0000] {processor.py:183} INFO - Processing /opt/airflow/dags/DAG 2 Sincornizar batch KNIME.py took 0.099 seconds
[2025-09-13T03:36:40.501+0000] {processor.py:161} INFO - Started process (PID=557) to work on /opt/airflow/dags/DAG 2 Sincornizar batch KNIME.py
[2025-09-13T03:36:40.504+0000] {processor.py:830} INFO - Processing file /opt/airflow/dags/DAG 2 Sincornizar batch KNIME.py for tasks to queue
[2025-09-13T03:36:40.508+0000] {logging_mixin.py:188} INFO - [2025-09-13T03:36:40.507+0000] {dagbag.py:545} INFO - Filling up the DagBag from /opt/airflow/dags/DAG 2 Sincornizar batch KNIME.py
[2025-09-13T03:36:40.525+0000] {processor.py:840} INFO - DAG(s) 'dag_sync_batch' retrieved from /opt/airflow/dags/DAG 2 Sincornizar batch KNIME.py
[2025-09-13T03:36:40.562+0000] {logging_mixin.py:188} INFO - [2025-09-13T03:36:40.562+0000] {dag.py:3096} INFO - Sync 1 DAGs
[2025-09-13T03:36:40.576+0000] {logging_mixin.py:188} INFO - [2025-09-13T03:36:40.575+0000] {dag.py:3954} INFO - Setting next_dagrun for dag_sync_batch to None, run_after=None
[2025-09-13T03:36:40.592+0000] {processor.py:183} INFO - Processing /opt/airflow/dags/DAG 2 Sincornizar batch KNIME.py took 0.108 seconds
[2025-09-13T03:37:11.070+0000] {processor.py:161} INFO - Started process (PID=572) to work on /opt/airflow/dags/DAG 2 Sincornizar batch KNIME.py
[2025-09-13T03:37:11.071+0000] {processor.py:830} INFO - Processing file /opt/airflow/dags/DAG 2 Sincornizar batch KNIME.py for tasks to queue
[2025-09-13T03:37:11.076+0000] {logging_mixin.py:188} INFO - [2025-09-13T03:37:11.076+0000] {dagbag.py:545} INFO - Filling up the DagBag from /opt/airflow/dags/DAG 2 Sincornizar batch KNIME.py
[2025-09-13T03:37:11.096+0000] {processor.py:840} INFO - DAG(s) 'dag_sync_batch' retrieved from /opt/airflow/dags/DAG 2 Sincornizar batch KNIME.py
[2025-09-13T03:37:11.139+0000] {logging_mixin.py:188} INFO - [2025-09-13T03:37:11.138+0000] {dag.py:3096} INFO - Sync 1 DAGs
[2025-09-13T03:37:11.150+0000] {logging_mixin.py:188} INFO - [2025-09-13T03:37:11.150+0000] {dag.py:3954} INFO - Setting next_dagrun for dag_sync_batch to None, run_after=None
[2025-09-13T03:37:11.170+0000] {processor.py:183} INFO - Processing /opt/airflow/dags/DAG 2 Sincornizar batch KNIME.py took 0.110 seconds
[2025-09-13T03:37:41.650+0000] {processor.py:161} INFO - Started process (PID=587) to work on /opt/airflow/dags/DAG 2 Sincornizar batch KNIME.py
[2025-09-13T03:37:41.652+0000] {processor.py:830} INFO - Processing file /opt/airflow/dags/DAG 2 Sincornizar batch KNIME.py for tasks to queue
[2025-09-13T03:37:41.656+0000] {logging_mixin.py:188} INFO - [2025-09-13T03:37:41.655+0000] {dagbag.py:545} INFO - Filling up the DagBag from /opt/airflow/dags/DAG 2 Sincornizar batch KNIME.py
[2025-09-13T03:37:41.673+0000] {processor.py:840} INFO - DAG(s) 'dag_sync_batch' retrieved from /opt/airflow/dags/DAG 2 Sincornizar batch KNIME.py
[2025-09-13T03:37:41.716+0000] {logging_mixin.py:188} INFO - [2025-09-13T03:37:41.716+0000] {dag.py:3096} INFO - Sync 1 DAGs
[2025-09-13T03:37:41.734+0000] {logging_mixin.py:188} INFO - [2025-09-13T03:37:41.734+0000] {dag.py:3954} INFO - Setting next_dagrun for dag_sync_batch to None, run_after=None
[2025-09-13T03:37:41.747+0000] {processor.py:183} INFO - Processing /opt/airflow/dags/DAG 2 Sincornizar batch KNIME.py took 0.110 seconds
[2025-09-13T03:38:12.301+0000] {processor.py:161} INFO - Started process (PID=607) to work on /opt/airflow/dags/DAG 2 Sincornizar batch KNIME.py
[2025-09-13T03:38:12.302+0000] {processor.py:830} INFO - Processing file /opt/airflow/dags/DAG 2 Sincornizar batch KNIME.py for tasks to queue
[2025-09-13T03:38:12.306+0000] {logging_mixin.py:188} INFO - [2025-09-13T03:38:12.305+0000] {dagbag.py:545} INFO - Filling up the DagBag from /opt/airflow/dags/DAG 2 Sincornizar batch KNIME.py
[2025-09-13T03:38:12.326+0000] {processor.py:840} INFO - DAG(s) 'dag_sync_batch' retrieved from /opt/airflow/dags/DAG 2 Sincornizar batch KNIME.py
[2025-09-13T03:38:12.357+0000] {logging_mixin.py:188} INFO - [2025-09-13T03:38:12.357+0000] {dag.py:3096} INFO - Sync 1 DAGs
[2025-09-13T03:38:12.366+0000] {logging_mixin.py:188} INFO - [2025-09-13T03:38:12.366+0000] {dag.py:3954} INFO - Setting next_dagrun for dag_sync_batch to None, run_after=None
[2025-09-13T03:38:12.378+0000] {processor.py:183} INFO - Processing /opt/airflow/dags/DAG 2 Sincornizar batch KNIME.py took 0.087 seconds
[2025-09-13T03:39:03.384+0000] {processor.py:161} INFO - Started process (PID=184) to work on /opt/airflow/dags/DAG 2 Sincornizar batch KNIME.py
[2025-09-13T03:39:03.387+0000] {processor.py:830} INFO - Processing file /opt/airflow/dags/DAG 2 Sincornizar batch KNIME.py for tasks to queue
[2025-09-13T03:39:03.391+0000] {logging_mixin.py:188} INFO - [2025-09-13T03:39:03.390+0000] {dagbag.py:545} INFO - Filling up the DagBag from /opt/airflow/dags/DAG 2 Sincornizar batch KNIME.py
[2025-09-13T03:39:03.400+0000] {processor.py:840} INFO - DAG(s) 'dag_sync_batch' retrieved from /opt/airflow/dags/DAG 2 Sincornizar batch KNIME.py
[2025-09-13T03:39:03.433+0000] {logging_mixin.py:188} INFO - [2025-09-13T03:39:03.433+0000] {dag.py:3096} INFO - Sync 1 DAGs
[2025-09-13T03:39:03.441+0000] {logging_mixin.py:188} INFO - [2025-09-13T03:39:03.441+0000] {dag.py:3954} INFO - Setting next_dagrun for dag_sync_batch to None, run_after=None
[2025-09-13T03:39:03.457+0000] {processor.py:183} INFO - Processing /opt/airflow/dags/DAG 2 Sincornizar batch KNIME.py took 0.080 seconds
[2025-09-13T03:39:33.855+0000] {processor.py:161} INFO - Started process (PID=198) to work on /opt/airflow/dags/DAG 2 Sincornizar batch KNIME.py
[2025-09-13T03:39:33.861+0000] {processor.py:830} INFO - Processing file /opt/airflow/dags/DAG 2 Sincornizar batch KNIME.py for tasks to queue
[2025-09-13T03:39:33.865+0000] {logging_mixin.py:188} INFO - [2025-09-13T03:39:33.864+0000] {dagbag.py:545} INFO - Filling up the DagBag from /opt/airflow/dags/DAG 2 Sincornizar batch KNIME.py
[2025-09-13T03:39:33.889+0000] {processor.py:840} INFO - DAG(s) 'dag_sync_batch' retrieved from /opt/airflow/dags/DAG 2 Sincornizar batch KNIME.py
[2025-09-13T03:39:33.935+0000] {logging_mixin.py:188} INFO - [2025-09-13T03:39:33.935+0000] {dag.py:3096} INFO - Sync 1 DAGs
[2025-09-13T03:39:33.953+0000] {logging_mixin.py:188} INFO - [2025-09-13T03:39:33.953+0000] {dag.py:3954} INFO - Setting next_dagrun for dag_sync_batch to None, run_after=None
[2025-09-13T03:39:33.969+0000] {processor.py:183} INFO - Processing /opt/airflow/dags/DAG 2 Sincornizar batch KNIME.py took 0.128 seconds
[2025-09-13T03:40:04.498+0000] {processor.py:161} INFO - Started process (PID=213) to work on /opt/airflow/dags/DAG 2 Sincornizar batch KNIME.py
[2025-09-13T03:40:04.499+0000] {processor.py:830} INFO - Processing file /opt/airflow/dags/DAG 2 Sincornizar batch KNIME.py for tasks to queue
[2025-09-13T03:40:04.504+0000] {logging_mixin.py:188} INFO - [2025-09-13T03:40:04.503+0000] {dagbag.py:545} INFO - Filling up the DagBag from /opt/airflow/dags/DAG 2 Sincornizar batch KNIME.py
[2025-09-13T03:40:04.528+0000] {processor.py:840} INFO - DAG(s) 'dag_sync_batch' retrieved from /opt/airflow/dags/DAG 2 Sincornizar batch KNIME.py
[2025-09-13T03:40:04.635+0000] {logging_mixin.py:188} INFO - [2025-09-13T03:40:04.635+0000] {dag.py:3096} INFO - Sync 1 DAGs
[2025-09-13T03:40:04.690+0000] {logging_mixin.py:188} INFO - [2025-09-13T03:40:04.689+0000] {dag.py:3954} INFO - Setting next_dagrun for dag_sync_batch to None, run_after=None
[2025-09-13T03:40:04.737+0000] {processor.py:183} INFO - Processing /opt/airflow/dags/DAG 2 Sincornizar batch KNIME.py took 0.257 seconds
[2025-09-13T03:40:35.411+0000] {processor.py:161} INFO - Started process (PID=227) to work on /opt/airflow/dags/DAG 2 Sincornizar batch KNIME.py
[2025-09-13T03:40:35.414+0000] {processor.py:830} INFO - Processing file /opt/airflow/dags/DAG 2 Sincornizar batch KNIME.py for tasks to queue
[2025-09-13T03:40:35.419+0000] {logging_mixin.py:188} INFO - [2025-09-13T03:40:35.417+0000] {dagbag.py:545} INFO - Filling up the DagBag from /opt/airflow/dags/DAG 2 Sincornizar batch KNIME.py
[2025-09-13T03:40:35.461+0000] {processor.py:840} INFO - DAG(s) 'dag_sync_batch' retrieved from /opt/airflow/dags/DAG 2 Sincornizar batch KNIME.py
[2025-09-13T03:40:35.588+0000] {logging_mixin.py:188} INFO - [2025-09-13T03:40:35.588+0000] {dag.py:3096} INFO - Sync 1 DAGs
[2025-09-13T03:40:35.649+0000] {logging_mixin.py:188} INFO - [2025-09-13T03:40:35.627+0000] {dag.py:3954} INFO - Setting next_dagrun for dag_sync_batch to None, run_after=None
[2025-09-13T03:40:35.677+0000] {processor.py:183} INFO - Processing /opt/airflow/dags/DAG 2 Sincornizar batch KNIME.py took 0.312 seconds
[2025-09-13T03:41:06.342+0000] {processor.py:161} INFO - Started process (PID=243) to work on /opt/airflow/dags/DAG 2 Sincornizar batch KNIME.py
[2025-09-13T03:41:06.343+0000] {processor.py:830} INFO - Processing file /opt/airflow/dags/DAG 2 Sincornizar batch KNIME.py for tasks to queue
[2025-09-13T03:41:06.346+0000] {logging_mixin.py:188} INFO - [2025-09-13T03:41:06.345+0000] {dagbag.py:545} INFO - Filling up the DagBag from /opt/airflow/dags/DAG 2 Sincornizar batch KNIME.py
[2025-09-13T03:41:06.379+0000] {processor.py:840} INFO - DAG(s) 'dag_sync_batch' retrieved from /opt/airflow/dags/DAG 2 Sincornizar batch KNIME.py
[2025-09-13T03:41:06.438+0000] {logging_mixin.py:188} INFO - [2025-09-13T03:41:06.438+0000] {dag.py:3096} INFO - Sync 1 DAGs
[2025-09-13T03:41:06.460+0000] {logging_mixin.py:188} INFO - [2025-09-13T03:41:06.459+0000] {dag.py:3954} INFO - Setting next_dagrun for dag_sync_batch to None, run_after=None
[2025-09-13T03:41:06.488+0000] {processor.py:183} INFO - Processing /opt/airflow/dags/DAG 2 Sincornizar batch KNIME.py took 0.161 seconds
[2025-09-13T03:41:37.078+0000] {processor.py:161} INFO - Started process (PID=259) to work on /opt/airflow/dags/DAG 2 Sincornizar batch KNIME.py
[2025-09-13T03:41:37.079+0000] {processor.py:830} INFO - Processing file /opt/airflow/dags/DAG 2 Sincornizar batch KNIME.py for tasks to queue
[2025-09-13T03:41:37.082+0000] {logging_mixin.py:188} INFO - [2025-09-13T03:41:37.082+0000] {dagbag.py:545} INFO - Filling up the DagBag from /opt/airflow/dags/DAG 2 Sincornizar batch KNIME.py
[2025-09-13T03:41:37.098+0000] {processor.py:840} INFO - DAG(s) 'dag_sync_batch' retrieved from /opt/airflow/dags/DAG 2 Sincornizar batch KNIME.py
[2025-09-13T03:41:37.144+0000] {logging_mixin.py:188} INFO - [2025-09-13T03:41:37.144+0000] {dag.py:3096} INFO - Sync 1 DAGs
[2025-09-13T03:41:37.158+0000] {logging_mixin.py:188} INFO - [2025-09-13T03:41:37.158+0000] {dag.py:3954} INFO - Setting next_dagrun for dag_sync_batch to None, run_after=None
[2025-09-13T03:41:37.171+0000] {processor.py:183} INFO - Processing /opt/airflow/dags/DAG 2 Sincornizar batch KNIME.py took 0.102 seconds
[2025-09-13T03:42:07.662+0000] {processor.py:161} INFO - Started process (PID=273) to work on /opt/airflow/dags/DAG 2 Sincornizar batch KNIME.py
[2025-09-13T03:42:07.663+0000] {processor.py:830} INFO - Processing file /opt/airflow/dags/DAG 2 Sincornizar batch KNIME.py for tasks to queue
[2025-09-13T03:42:07.669+0000] {logging_mixin.py:188} INFO - [2025-09-13T03:42:07.668+0000] {dagbag.py:545} INFO - Filling up the DagBag from /opt/airflow/dags/DAG 2 Sincornizar batch KNIME.py
[2025-09-13T03:42:07.688+0000] {processor.py:840} INFO - DAG(s) 'dag_sync_batch' retrieved from /opt/airflow/dags/DAG 2 Sincornizar batch KNIME.py
[2025-09-13T03:42:07.735+0000] {logging_mixin.py:188} INFO - [2025-09-13T03:42:07.735+0000] {dag.py:3096} INFO - Sync 1 DAGs
[2025-09-13T03:42:07.747+0000] {logging_mixin.py:188} INFO - [2025-09-13T03:42:07.747+0000] {dag.py:3954} INFO - Setting next_dagrun for dag_sync_batch to None, run_after=None
[2025-09-13T03:42:07.758+0000] {processor.py:183} INFO - Processing /opt/airflow/dags/DAG 2 Sincornizar batch KNIME.py took 0.111 seconds
[2025-09-13T03:42:38.307+0000] {processor.py:161} INFO - Started process (PID=288) to work on /opt/airflow/dags/DAG 2 Sincornizar batch KNIME.py
[2025-09-13T03:42:38.308+0000] {processor.py:830} INFO - Processing file /opt/airflow/dags/DAG 2 Sincornizar batch KNIME.py for tasks to queue
[2025-09-13T03:42:38.309+0000] {logging_mixin.py:188} INFO - [2025-09-13T03:42:38.309+0000] {dagbag.py:545} INFO - Filling up the DagBag from /opt/airflow/dags/DAG 2 Sincornizar batch KNIME.py
[2025-09-13T03:42:38.329+0000] {processor.py:840} INFO - DAG(s) 'dag_sync_batch' retrieved from /opt/airflow/dags/DAG 2 Sincornizar batch KNIME.py
[2025-09-13T03:42:38.366+0000] {logging_mixin.py:188} INFO - [2025-09-13T03:42:38.366+0000] {dag.py:3096} INFO - Sync 1 DAGs
[2025-09-13T03:42:38.377+0000] {logging_mixin.py:188} INFO - [2025-09-13T03:42:38.377+0000] {dag.py:3954} INFO - Setting next_dagrun for dag_sync_batch to None, run_after=None
[2025-09-13T03:42:38.390+0000] {processor.py:183} INFO - Processing /opt/airflow/dags/DAG 2 Sincornizar batch KNIME.py took 0.088 seconds
[2025-09-13T03:43:08.837+0000] {processor.py:161} INFO - Started process (PID=303) to work on /opt/airflow/dags/DAG 2 Sincornizar batch KNIME.py
[2025-09-13T03:43:08.839+0000] {processor.py:830} INFO - Processing file /opt/airflow/dags/DAG 2 Sincornizar batch KNIME.py for tasks to queue
[2025-09-13T03:43:08.844+0000] {logging_mixin.py:188} INFO - [2025-09-13T03:43:08.843+0000] {dagbag.py:545} INFO - Filling up the DagBag from /opt/airflow/dags/DAG 2 Sincornizar batch KNIME.py
[2025-09-13T03:43:08.871+0000] {processor.py:840} INFO - DAG(s) 'dag_sync_batch' retrieved from /opt/airflow/dags/DAG 2 Sincornizar batch KNIME.py
[2025-09-13T03:43:08.919+0000] {logging_mixin.py:188} INFO - [2025-09-13T03:43:08.919+0000] {dag.py:3096} INFO - Sync 1 DAGs
[2025-09-13T03:43:08.934+0000] {logging_mixin.py:188} INFO - [2025-09-13T03:43:08.934+0000] {dag.py:3954} INFO - Setting next_dagrun for dag_sync_batch to None, run_after=None
[2025-09-13T03:43:08.956+0000] {processor.py:183} INFO - Processing /opt/airflow/dags/DAG 2 Sincornizar batch KNIME.py took 0.137 seconds
[2025-09-13T03:43:39.650+0000] {processor.py:161} INFO - Started process (PID=319) to work on /opt/airflow/dags/DAG 2 Sincornizar batch KNIME.py
[2025-09-13T03:43:39.651+0000] {processor.py:830} INFO - Processing file /opt/airflow/dags/DAG 2 Sincornizar batch KNIME.py for tasks to queue
[2025-09-13T03:43:39.657+0000] {logging_mixin.py:188} INFO - [2025-09-13T03:43:39.656+0000] {dagbag.py:545} INFO - Filling up the DagBag from /opt/airflow/dags/DAG 2 Sincornizar batch KNIME.py
[2025-09-13T03:43:39.678+0000] {processor.py:840} INFO - DAG(s) 'dag_sync_batch' retrieved from /opt/airflow/dags/DAG 2 Sincornizar batch KNIME.py
[2025-09-13T03:43:39.726+0000] {logging_mixin.py:188} INFO - [2025-09-13T03:43:39.726+0000] {dag.py:3096} INFO - Sync 1 DAGs
[2025-09-13T03:43:39.740+0000] {logging_mixin.py:188} INFO - [2025-09-13T03:43:39.740+0000] {dag.py:3954} INFO - Setting next_dagrun for dag_sync_batch to None, run_after=None
[2025-09-13T03:43:39.752+0000] {processor.py:183} INFO - Processing /opt/airflow/dags/DAG 2 Sincornizar batch KNIME.py took 0.112 seconds
[2025-09-13T03:44:10.241+0000] {processor.py:161} INFO - Started process (PID=334) to work on /opt/airflow/dags/DAG 2 Sincornizar batch KNIME.py
[2025-09-13T03:44:10.242+0000] {processor.py:830} INFO - Processing file /opt/airflow/dags/DAG 2 Sincornizar batch KNIME.py for tasks to queue
[2025-09-13T03:44:10.245+0000] {logging_mixin.py:188} INFO - [2025-09-13T03:44:10.245+0000] {dagbag.py:545} INFO - Filling up the DagBag from /opt/airflow/dags/DAG 2 Sincornizar batch KNIME.py
[2025-09-13T03:44:10.264+0000] {processor.py:840} INFO - DAG(s) 'dag_sync_batch' retrieved from /opt/airflow/dags/DAG 2 Sincornizar batch KNIME.py
[2025-09-13T03:44:10.307+0000] {logging_mixin.py:188} INFO - [2025-09-13T03:44:10.307+0000] {dag.py:3096} INFO - Sync 1 DAGs
[2025-09-13T03:44:10.316+0000] {logging_mixin.py:188} INFO - [2025-09-13T03:44:10.316+0000] {dag.py:3954} INFO - Setting next_dagrun for dag_sync_batch to None, run_after=None
[2025-09-13T03:44:10.329+0000] {processor.py:183} INFO - Processing /opt/airflow/dags/DAG 2 Sincornizar batch KNIME.py took 0.100 seconds
[2025-09-13T03:44:40.947+0000] {processor.py:161} INFO - Started process (PID=348) to work on /opt/airflow/dags/DAG 2 Sincornizar batch KNIME.py
[2025-09-13T03:44:40.948+0000] {processor.py:830} INFO - Processing file /opt/airflow/dags/DAG 2 Sincornizar batch KNIME.py for tasks to queue
[2025-09-13T03:44:40.952+0000] {logging_mixin.py:188} INFO - [2025-09-13T03:44:40.952+0000] {dagbag.py:545} INFO - Filling up the DagBag from /opt/airflow/dags/DAG 2 Sincornizar batch KNIME.py
[2025-09-13T03:44:40.971+0000] {processor.py:840} INFO - DAG(s) 'dag_sync_batch' retrieved from /opt/airflow/dags/DAG 2 Sincornizar batch KNIME.py
[2025-09-13T03:44:41.002+0000] {logging_mixin.py:188} INFO - [2025-09-13T03:44:41.002+0000] {dag.py:3096} INFO - Sync 1 DAGs
[2025-09-13T03:44:41.012+0000] {logging_mixin.py:188} INFO - [2025-09-13T03:44:41.012+0000] {dag.py:3954} INFO - Setting next_dagrun for dag_sync_batch to None, run_after=None
[2025-09-13T03:44:41.026+0000] {processor.py:183} INFO - Processing /opt/airflow/dags/DAG 2 Sincornizar batch KNIME.py took 0.090 seconds
[2025-09-13T03:45:11.340+0000] {processor.py:161} INFO - Started process (PID=362) to work on /opt/airflow/dags/DAG 2 Sincornizar batch KNIME.py
[2025-09-13T03:45:11.343+0000] {processor.py:830} INFO - Processing file /opt/airflow/dags/DAG 2 Sincornizar batch KNIME.py for tasks to queue
[2025-09-13T03:45:11.349+0000] {logging_mixin.py:188} INFO - [2025-09-13T03:45:11.348+0000] {dagbag.py:545} INFO - Filling up the DagBag from /opt/airflow/dags/DAG 2 Sincornizar batch KNIME.py
[2025-09-13T03:45:11.373+0000] {processor.py:840} INFO - DAG(s) 'dag_sync_batch' retrieved from /opt/airflow/dags/DAG 2 Sincornizar batch KNIME.py
[2025-09-13T03:45:11.407+0000] {logging_mixin.py:188} INFO - [2025-09-13T03:45:11.407+0000] {dag.py:3096} INFO - Sync 1 DAGs
[2025-09-13T03:45:11.420+0000] {logging_mixin.py:188} INFO - [2025-09-13T03:45:11.420+0000] {dag.py:3954} INFO - Setting next_dagrun for dag_sync_batch to None, run_after=None
[2025-09-13T03:45:11.434+0000] {processor.py:183} INFO - Processing /opt/airflow/dags/DAG 2 Sincornizar batch KNIME.py took 0.105 seconds
[2025-09-13T03:45:41.803+0000] {processor.py:161} INFO - Started process (PID=378) to work on /opt/airflow/dags/DAG 2 Sincornizar batch KNIME.py
[2025-09-13T03:45:41.804+0000] {processor.py:830} INFO - Processing file /opt/airflow/dags/DAG 2 Sincornizar batch KNIME.py for tasks to queue
[2025-09-13T03:45:41.811+0000] {logging_mixin.py:188} INFO - [2025-09-13T03:45:41.811+0000] {dagbag.py:545} INFO - Filling up the DagBag from /opt/airflow/dags/DAG 2 Sincornizar batch KNIME.py
[2025-09-13T03:45:41.844+0000] {processor.py:840} INFO - DAG(s) 'dag_sync_batch' retrieved from /opt/airflow/dags/DAG 2 Sincornizar batch KNIME.py
[2025-09-13T03:45:41.895+0000] {logging_mixin.py:188} INFO - [2025-09-13T03:45:41.895+0000] {dag.py:3096} INFO - Sync 1 DAGs
[2025-09-13T03:45:41.907+0000] {logging_mixin.py:188} INFO - [2025-09-13T03:45:41.907+0000] {dag.py:3954} INFO - Setting next_dagrun for dag_sync_batch to None, run_after=None
[2025-09-13T03:45:41.932+0000] {processor.py:183} INFO - Processing /opt/airflow/dags/DAG 2 Sincornizar batch KNIME.py took 0.140 seconds
[2025-09-13T03:46:12.439+0000] {processor.py:161} INFO - Started process (PID=392) to work on /opt/airflow/dags/DAG 2 Sincornizar batch KNIME.py
[2025-09-13T03:46:12.440+0000] {processor.py:830} INFO - Processing file /opt/airflow/dags/DAG 2 Sincornizar batch KNIME.py for tasks to queue
[2025-09-13T03:46:12.445+0000] {logging_mixin.py:188} INFO - [2025-09-13T03:46:12.445+0000] {dagbag.py:545} INFO - Filling up the DagBag from /opt/airflow/dags/DAG 2 Sincornizar batch KNIME.py
[2025-09-13T03:46:12.474+0000] {processor.py:840} INFO - DAG(s) 'dag_sync_batch' retrieved from /opt/airflow/dags/DAG 2 Sincornizar batch KNIME.py
[2025-09-13T03:46:12.518+0000] {logging_mixin.py:188} INFO - [2025-09-13T03:46:12.518+0000] {dag.py:3096} INFO - Sync 1 DAGs
[2025-09-13T03:46:12.539+0000] {logging_mixin.py:188} INFO - [2025-09-13T03:46:12.539+0000] {dag.py:3954} INFO - Setting next_dagrun for dag_sync_batch to None, run_after=None
[2025-09-13T03:46:12.557+0000] {processor.py:183} INFO - Processing /opt/airflow/dags/DAG 2 Sincornizar batch KNIME.py took 0.138 seconds
[2025-09-13T03:46:43.139+0000] {processor.py:161} INFO - Started process (PID=408) to work on /opt/airflow/dags/DAG 2 Sincornizar batch KNIME.py
[2025-09-13T03:46:43.140+0000] {processor.py:830} INFO - Processing file /opt/airflow/dags/DAG 2 Sincornizar batch KNIME.py for tasks to queue
[2025-09-13T03:46:43.144+0000] {logging_mixin.py:188} INFO - [2025-09-13T03:46:43.144+0000] {dagbag.py:545} INFO - Filling up the DagBag from /opt/airflow/dags/DAG 2 Sincornizar batch KNIME.py
[2025-09-13T03:46:43.160+0000] {processor.py:840} INFO - DAG(s) 'dag_sync_batch' retrieved from /opt/airflow/dags/DAG 2 Sincornizar batch KNIME.py
[2025-09-13T03:46:43.191+0000] {logging_mixin.py:188} INFO - [2025-09-13T03:46:43.191+0000] {dag.py:3096} INFO - Sync 1 DAGs
[2025-09-13T03:46:43.206+0000] {logging_mixin.py:188} INFO - [2025-09-13T03:46:43.205+0000] {dag.py:3954} INFO - Setting next_dagrun for dag_sync_batch to None, run_after=None
[2025-09-13T03:46:43.219+0000] {processor.py:183} INFO - Processing /opt/airflow/dags/DAG 2 Sincornizar batch KNIME.py took 0.091 seconds
[2025-09-13T03:47:13.755+0000] {processor.py:161} INFO - Started process (PID=422) to work on /opt/airflow/dags/DAG 2 Sincornizar batch KNIME.py
[2025-09-13T03:47:13.758+0000] {processor.py:830} INFO - Processing file /opt/airflow/dags/DAG 2 Sincornizar batch KNIME.py for tasks to queue
[2025-09-13T03:47:13.761+0000] {logging_mixin.py:188} INFO - [2025-09-13T03:47:13.761+0000] {dagbag.py:545} INFO - Filling up the DagBag from /opt/airflow/dags/DAG 2 Sincornizar batch KNIME.py
[2025-09-13T03:47:13.784+0000] {processor.py:840} INFO - DAG(s) 'dag_sync_batch' retrieved from /opt/airflow/dags/DAG 2 Sincornizar batch KNIME.py
[2025-09-13T03:47:13.844+0000] {logging_mixin.py:188} INFO - [2025-09-13T03:47:13.844+0000] {dag.py:3096} INFO - Sync 1 DAGs
[2025-09-13T03:47:13.874+0000] {logging_mixin.py:188} INFO - [2025-09-13T03:47:13.873+0000] {dag.py:3954} INFO - Setting next_dagrun for dag_sync_batch to None, run_after=None
[2025-09-13T03:47:13.923+0000] {processor.py:183} INFO - Processing /opt/airflow/dags/DAG 2 Sincornizar batch KNIME.py took 0.210 seconds
[2025-09-13T03:47:44.536+0000] {processor.py:161} INFO - Started process (PID=437) to work on /opt/airflow/dags/DAG 2 Sincornizar batch KNIME.py
[2025-09-13T03:47:44.540+0000] {processor.py:830} INFO - Processing file /opt/airflow/dags/DAG 2 Sincornizar batch KNIME.py for tasks to queue
[2025-09-13T03:47:44.552+0000] {logging_mixin.py:188} INFO - [2025-09-13T03:47:44.550+0000] {dagbag.py:545} INFO - Filling up the DagBag from /opt/airflow/dags/DAG 2 Sincornizar batch KNIME.py
[2025-09-13T03:47:44.585+0000] {processor.py:840} INFO - DAG(s) 'dag_sync_batch' retrieved from /opt/airflow/dags/DAG 2 Sincornizar batch KNIME.py
[2025-09-13T03:47:44.633+0000] {logging_mixin.py:188} INFO - [2025-09-13T03:47:44.633+0000] {dag.py:3096} INFO - Sync 1 DAGs
[2025-09-13T03:47:44.646+0000] {logging_mixin.py:188} INFO - [2025-09-13T03:47:44.646+0000] {dag.py:3954} INFO - Setting next_dagrun for dag_sync_batch to None, run_after=None
[2025-09-13T03:47:44.662+0000] {processor.py:183} INFO - Processing /opt/airflow/dags/DAG 2 Sincornizar batch KNIME.py took 0.152 seconds
[2025-09-13T03:48:15.057+0000] {processor.py:161} INFO - Started process (PID=453) to work on /opt/airflow/dags/DAG 2 Sincornizar batch KNIME.py
[2025-09-13T03:48:15.058+0000] {processor.py:830} INFO - Processing file /opt/airflow/dags/DAG 2 Sincornizar batch KNIME.py for tasks to queue
[2025-09-13T03:48:15.060+0000] {logging_mixin.py:188} INFO - [2025-09-13T03:48:15.060+0000] {dagbag.py:545} INFO - Filling up the DagBag from /opt/airflow/dags/DAG 2 Sincornizar batch KNIME.py
[2025-09-13T03:48:15.075+0000] {processor.py:840} INFO - DAG(s) 'dag_sync_batch' retrieved from /opt/airflow/dags/DAG 2 Sincornizar batch KNIME.py
[2025-09-13T03:48:15.109+0000] {logging_mixin.py:188} INFO - [2025-09-13T03:48:15.109+0000] {dag.py:3096} INFO - Sync 1 DAGs
[2025-09-13T03:48:15.122+0000] {logging_mixin.py:188} INFO - [2025-09-13T03:48:15.122+0000] {dag.py:3954} INFO - Setting next_dagrun for dag_sync_batch to None, run_after=None
[2025-09-13T03:48:15.135+0000] {processor.py:183} INFO - Processing /opt/airflow/dags/DAG 2 Sincornizar batch KNIME.py took 0.094 seconds
[2025-09-13T03:48:45.503+0000] {processor.py:161} INFO - Started process (PID=468) to work on /opt/airflow/dags/DAG 2 Sincornizar batch KNIME.py
[2025-09-13T03:48:45.504+0000] {processor.py:830} INFO - Processing file /opt/airflow/dags/DAG 2 Sincornizar batch KNIME.py for tasks to queue
[2025-09-13T03:48:45.504+0000] {logging_mixin.py:188} INFO - [2025-09-13T03:48:45.504+0000] {dagbag.py:545} INFO - Filling up the DagBag from /opt/airflow/dags/DAG 2 Sincornizar batch KNIME.py
[2025-09-13T03:48:45.521+0000] {processor.py:840} INFO - DAG(s) 'dag_sync_batch' retrieved from /opt/airflow/dags/DAG 2 Sincornizar batch KNIME.py
[2025-09-13T03:48:45.552+0000] {logging_mixin.py:188} INFO - [2025-09-13T03:48:45.552+0000] {dag.py:3096} INFO - Sync 1 DAGs
[2025-09-13T03:48:45.562+0000] {logging_mixin.py:188} INFO - [2025-09-13T03:48:45.562+0000] {dag.py:3954} INFO - Setting next_dagrun for dag_sync_batch to None, run_after=None
[2025-09-13T03:48:45.580+0000] {processor.py:183} INFO - Processing /opt/airflow/dags/DAG 2 Sincornizar batch KNIME.py took 0.091 seconds
