[2025-09-13T02:57:14.406+0000] {processor.py:161} INFO - Started process (PID=427) to work on /opt/airflow/dags/DAG 1 QA y agregados de sismos.py
[2025-09-13T02:57:14.408+0000] {processor.py:830} INFO - Processing file /opt/airflow/dags/DAG 1 QA y agregados de sismos.py for tasks to queue
[2025-09-13T02:57:14.413+0000] {logging_mixin.py:188} INFO - [2025-09-13T02:57:14.410+0000] {dagbag.py:545} INFO - Filling up the DagBag from /opt/airflow/dags/DAG 1 QA y agregados de sismos.py
[2025-09-13T02:57:14.461+0000] {processor.py:840} INFO - DAG(s) 'dag_ejemplo_basico' retrieved from /opt/airflow/dags/DAG 1 QA y agregados de sismos.py
[2025-09-13T02:57:14.857+0000] {logging_mixin.py:188} INFO - [2025-09-13T02:57:14.857+0000] {dag.py:3096} INFO - Sync 1 DAGs
[2025-09-13T02:57:14.874+0000] {logging_mixin.py:188} INFO - [2025-09-13T02:57:14.874+0000] {dag.py:3954} INFO - Setting next_dagrun for dag_ejemplo_basico to None, run_after=None
[2025-09-13T02:57:14.973+0000] {processor.py:183} INFO - Processing /opt/airflow/dags/DAG 1 QA y agregados de sismos.py took 0.595 seconds
[2025-09-13T02:57:45.487+0000] {processor.py:161} INFO - Started process (PID=452) to work on /opt/airflow/dags/DAG 1 QA y agregados de sismos.py
[2025-09-13T02:57:45.489+0000] {processor.py:830} INFO - Processing file /opt/airflow/dags/DAG 1 QA y agregados de sismos.py for tasks to queue
[2025-09-13T02:57:45.491+0000] {logging_mixin.py:188} INFO - [2025-09-13T02:57:45.490+0000] {dagbag.py:545} INFO - Filling up the DagBag from /opt/airflow/dags/DAG 1 QA y agregados de sismos.py
[2025-09-13T02:57:45.533+0000] {processor.py:840} INFO - DAG(s) 'dag_ejemplo_basico' retrieved from /opt/airflow/dags/DAG 1 QA y agregados de sismos.py
[2025-09-13T02:57:45.618+0000] {logging_mixin.py:188} INFO - [2025-09-13T02:57:45.618+0000] {dag.py:3096} INFO - Sync 1 DAGs
[2025-09-13T02:57:45.634+0000] {logging_mixin.py:188} INFO - [2025-09-13T02:57:45.634+0000] {dag.py:3954} INFO - Setting next_dagrun for dag_ejemplo_basico to None, run_after=None
[2025-09-13T02:57:45.656+0000] {processor.py:183} INFO - Processing /opt/airflow/dags/DAG 1 QA y agregados de sismos.py took 0.190 seconds
[2025-09-13T02:58:15.911+0000] {processor.py:161} INFO - Started process (PID=467) to work on /opt/airflow/dags/DAG 1 QA y agregados de sismos.py
[2025-09-13T02:58:15.920+0000] {processor.py:830} INFO - Processing file /opt/airflow/dags/DAG 1 QA y agregados de sismos.py for tasks to queue
[2025-09-13T02:58:15.924+0000] {logging_mixin.py:188} INFO - [2025-09-13T02:58:15.922+0000] {dagbag.py:545} INFO - Filling up the DagBag from /opt/airflow/dags/DAG 1 QA y agregados de sismos.py
[2025-09-13T02:58:16.086+0000] {processor.py:840} INFO - DAG(s) 'dag_ejemplo_basico' retrieved from /opt/airflow/dags/DAG 1 QA y agregados de sismos.py
[2025-09-13T02:58:16.326+0000] {logging_mixin.py:188} INFO - [2025-09-13T02:58:16.316+0000] {dag.py:3096} INFO - Sync 1 DAGs
[2025-09-13T02:58:16.444+0000] {logging_mixin.py:188} INFO - [2025-09-13T02:58:16.442+0000] {dag.py:3954} INFO - Setting next_dagrun for dag_ejemplo_basico to None, run_after=None
[2025-09-13T02:58:16.619+0000] {processor.py:183} INFO - Processing /opt/airflow/dags/DAG 1 QA y agregados de sismos.py took 0.777 seconds
[2025-09-13T02:58:46.796+0000] {processor.py:161} INFO - Started process (PID=477) to work on /opt/airflow/dags/DAG 1 QA y agregados de sismos.py
[2025-09-13T02:58:46.801+0000] {processor.py:830} INFO - Processing file /opt/airflow/dags/DAG 1 QA y agregados de sismos.py for tasks to queue
[2025-09-13T02:58:46.805+0000] {logging_mixin.py:188} INFO - [2025-09-13T02:58:46.804+0000] {dagbag.py:545} INFO - Filling up the DagBag from /opt/airflow/dags/DAG 1 QA y agregados de sismos.py
[2025-09-13T02:58:46.849+0000] {processor.py:840} INFO - DAG(s) 'dag_ejemplo_basico' retrieved from /opt/airflow/dags/DAG 1 QA y agregados de sismos.py
[2025-09-13T02:58:46.928+0000] {logging_mixin.py:188} INFO - [2025-09-13T02:58:46.927+0000] {dag.py:3096} INFO - Sync 1 DAGs
[2025-09-13T02:58:46.950+0000] {logging_mixin.py:188} INFO - [2025-09-13T02:58:46.950+0000] {dag.py:3954} INFO - Setting next_dagrun for dag_ejemplo_basico to None, run_after=None
[2025-09-13T02:58:46.970+0000] {processor.py:183} INFO - Processing /opt/airflow/dags/DAG 1 QA y agregados de sismos.py took 0.190 seconds
[2025-09-13T02:59:17.786+0000] {processor.py:161} INFO - Started process (PID=487) to work on /opt/airflow/dags/DAG 1 QA y agregados de sismos.py
[2025-09-13T02:59:17.788+0000] {processor.py:830} INFO - Processing file /opt/airflow/dags/DAG 1 QA y agregados de sismos.py for tasks to queue
[2025-09-13T02:59:17.789+0000] {logging_mixin.py:188} INFO - [2025-09-13T02:59:17.788+0000] {dagbag.py:545} INFO - Filling up the DagBag from /opt/airflow/dags/DAG 1 QA y agregados de sismos.py
[2025-09-13T02:59:17.820+0000] {processor.py:840} INFO - DAG(s) 'dag_ejemplo_basico' retrieved from /opt/airflow/dags/DAG 1 QA y agregados de sismos.py
[2025-09-13T02:59:17.875+0000] {logging_mixin.py:188} INFO - [2025-09-13T02:59:17.875+0000] {dag.py:3096} INFO - Sync 1 DAGs
[2025-09-13T02:59:17.890+0000] {logging_mixin.py:188} INFO - [2025-09-13T02:59:17.890+0000] {dag.py:3954} INFO - Setting next_dagrun for dag_ejemplo_basico to None, run_after=None
[2025-09-13T02:59:17.905+0000] {processor.py:183} INFO - Processing /opt/airflow/dags/DAG 1 QA y agregados de sismos.py took 0.132 seconds
[2025-09-13T02:59:49.079+0000] {processor.py:161} INFO - Started process (PID=497) to work on /opt/airflow/dags/DAG 1 QA y agregados de sismos.py
[2025-09-13T02:59:49.118+0000] {processor.py:830} INFO - Processing file /opt/airflow/dags/DAG 1 QA y agregados de sismos.py for tasks to queue
[2025-09-13T02:59:49.124+0000] {logging_mixin.py:188} INFO - [2025-09-13T02:59:49.123+0000] {dagbag.py:545} INFO - Filling up the DagBag from /opt/airflow/dags/DAG 1 QA y agregados de sismos.py
[2025-09-13T02:59:49.403+0000] {processor.py:840} INFO - DAG(s) 'dag_ejemplo_basico' retrieved from /opt/airflow/dags/DAG 1 QA y agregados de sismos.py
[2025-09-13T02:59:49.556+0000] {logging_mixin.py:188} INFO - [2025-09-13T02:59:49.555+0000] {dag.py:3096} INFO - Sync 1 DAGs
[2025-09-13T02:59:49.587+0000] {logging_mixin.py:188} INFO - [2025-09-13T02:59:49.586+0000] {dag.py:3954} INFO - Setting next_dagrun for dag_ejemplo_basico to None, run_after=None
[2025-09-13T02:59:49.626+0000] {processor.py:183} INFO - Processing /opt/airflow/dags/DAG 1 QA y agregados de sismos.py took 0.601 seconds
[2025-09-13T03:00:19.935+0000] {processor.py:161} INFO - Started process (PID=512) to work on /opt/airflow/dags/DAG 1 QA y agregados de sismos.py
[2025-09-13T03:00:19.939+0000] {processor.py:830} INFO - Processing file /opt/airflow/dags/DAG 1 QA y agregados de sismos.py for tasks to queue
[2025-09-13T03:00:19.940+0000] {logging_mixin.py:188} INFO - [2025-09-13T03:00:19.939+0000] {dagbag.py:545} INFO - Filling up the DagBag from /opt/airflow/dags/DAG 1 QA y agregados de sismos.py
[2025-09-13T03:00:19.962+0000] {processor.py:840} INFO - DAG(s) 'dag_ejemplo_basico' retrieved from /opt/airflow/dags/DAG 1 QA y agregados de sismos.py
[2025-09-13T03:00:20.022+0000] {logging_mixin.py:188} INFO - [2025-09-13T03:00:20.021+0000] {dag.py:3096} INFO - Sync 1 DAGs
[2025-09-13T03:00:20.034+0000] {logging_mixin.py:188} INFO - [2025-09-13T03:00:20.034+0000] {dag.py:3954} INFO - Setting next_dagrun for dag_ejemplo_basico to None, run_after=None
[2025-09-13T03:00:20.046+0000] {processor.py:183} INFO - Processing /opt/airflow/dags/DAG 1 QA y agregados de sismos.py took 0.120 seconds
[2025-09-13T03:00:50.715+0000] {processor.py:161} INFO - Started process (PID=522) to work on /opt/airflow/dags/DAG 1 QA y agregados de sismos.py
[2025-09-13T03:00:50.726+0000] {processor.py:830} INFO - Processing file /opt/airflow/dags/DAG 1 QA y agregados de sismos.py for tasks to queue
[2025-09-13T03:00:50.736+0000] {logging_mixin.py:188} INFO - [2025-09-13T03:00:50.730+0000] {dagbag.py:545} INFO - Filling up the DagBag from /opt/airflow/dags/DAG 1 QA y agregados de sismos.py
[2025-09-13T03:00:50.817+0000] {processor.py:840} INFO - DAG(s) 'dag_ejemplo_basico' retrieved from /opt/airflow/dags/DAG 1 QA y agregados de sismos.py
[2025-09-13T03:00:51.384+0000] {logging_mixin.py:188} INFO - [2025-09-13T03:00:51.377+0000] {dag.py:3096} INFO - Sync 1 DAGs
[2025-09-13T03:00:51.453+0000] {logging_mixin.py:188} INFO - [2025-09-13T03:00:51.453+0000] {dag.py:3954} INFO - Setting next_dagrun for dag_ejemplo_basico to None, run_after=None
[2025-09-13T03:00:51.485+0000] {processor.py:183} INFO - Processing /opt/airflow/dags/DAG 1 QA y agregados de sismos.py took 0.820 seconds
[2025-09-13T03:01:21.810+0000] {processor.py:161} INFO - Started process (PID=532) to work on /opt/airflow/dags/DAG 1 QA y agregados de sismos.py
[2025-09-13T03:01:21.821+0000] {processor.py:830} INFO - Processing file /opt/airflow/dags/DAG 1 QA y agregados de sismos.py for tasks to queue
[2025-09-13T03:01:21.824+0000] {logging_mixin.py:188} INFO - [2025-09-13T03:01:21.823+0000] {dagbag.py:545} INFO - Filling up the DagBag from /opt/airflow/dags/DAG 1 QA y agregados de sismos.py
[2025-09-13T03:01:21.863+0000] {processor.py:840} INFO - DAG(s) 'dag_ejemplo_basico' retrieved from /opt/airflow/dags/DAG 1 QA y agregados de sismos.py
[2025-09-13T03:01:21.967+0000] {logging_mixin.py:188} INFO - [2025-09-13T03:01:21.967+0000] {dag.py:3096} INFO - Sync 1 DAGs
[2025-09-13T03:01:21.990+0000] {logging_mixin.py:188} INFO - [2025-09-13T03:01:21.989+0000] {dag.py:3954} INFO - Setting next_dagrun for dag_ejemplo_basico to None, run_after=None
[2025-09-13T03:01:22.013+0000] {processor.py:183} INFO - Processing /opt/airflow/dags/DAG 1 QA y agregados de sismos.py took 0.221 seconds
[2025-09-13T03:01:52.383+0000] {processor.py:161} INFO - Started process (PID=542) to work on /opt/airflow/dags/DAG 1 QA y agregados de sismos.py
[2025-09-13T03:01:52.385+0000] {processor.py:830} INFO - Processing file /opt/airflow/dags/DAG 1 QA y agregados de sismos.py for tasks to queue
[2025-09-13T03:01:52.386+0000] {logging_mixin.py:188} INFO - [2025-09-13T03:01:52.385+0000] {dagbag.py:545} INFO - Filling up the DagBag from /opt/airflow/dags/DAG 1 QA y agregados de sismos.py
[2025-09-13T03:01:52.412+0000] {processor.py:840} INFO - DAG(s) 'dag_ejemplo_basico' retrieved from /opt/airflow/dags/DAG 1 QA y agregados de sismos.py
[2025-09-13T03:01:52.472+0000] {logging_mixin.py:188} INFO - [2025-09-13T03:01:52.472+0000] {dag.py:3096} INFO - Sync 1 DAGs
[2025-09-13T03:01:52.489+0000] {logging_mixin.py:188} INFO - [2025-09-13T03:01:52.488+0000] {dag.py:3954} INFO - Setting next_dagrun for dag_ejemplo_basico to None, run_after=None
[2025-09-13T03:01:52.507+0000] {processor.py:183} INFO - Processing /opt/airflow/dags/DAG 1 QA y agregados de sismos.py took 0.136 seconds
[2025-09-13T03:02:22.964+0000] {processor.py:161} INFO - Started process (PID=557) to work on /opt/airflow/dags/DAG 1 QA y agregados de sismos.py
[2025-09-13T03:02:22.968+0000] {processor.py:830} INFO - Processing file /opt/airflow/dags/DAG 1 QA y agregados de sismos.py for tasks to queue
[2025-09-13T03:02:22.971+0000] {logging_mixin.py:188} INFO - [2025-09-13T03:02:22.970+0000] {dagbag.py:545} INFO - Filling up the DagBag from /opt/airflow/dags/DAG 1 QA y agregados de sismos.py
[2025-09-13T03:02:23.003+0000] {processor.py:840} INFO - DAG(s) 'dag_ejemplo_basico' retrieved from /opt/airflow/dags/DAG 1 QA y agregados de sismos.py
[2025-09-13T03:02:23.085+0000] {logging_mixin.py:188} INFO - [2025-09-13T03:02:23.085+0000] {dag.py:3096} INFO - Sync 1 DAGs
[2025-09-13T03:02:23.102+0000] {logging_mixin.py:188} INFO - [2025-09-13T03:02:23.102+0000] {dag.py:3954} INFO - Setting next_dagrun for dag_ejemplo_basico to None, run_after=None
[2025-09-13T03:02:23.115+0000] {processor.py:183} INFO - Processing /opt/airflow/dags/DAG 1 QA y agregados de sismos.py took 0.179 seconds
[2025-09-13T03:02:53.639+0000] {processor.py:161} INFO - Started process (PID=572) to work on /opt/airflow/dags/DAG 1 QA y agregados de sismos.py
[2025-09-13T03:02:53.641+0000] {processor.py:830} INFO - Processing file /opt/airflow/dags/DAG 1 QA y agregados de sismos.py for tasks to queue
[2025-09-13T03:02:53.643+0000] {logging_mixin.py:188} INFO - [2025-09-13T03:02:53.642+0000] {dagbag.py:545} INFO - Filling up the DagBag from /opt/airflow/dags/DAG 1 QA y agregados de sismos.py
[2025-09-13T03:02:53.674+0000] {processor.py:840} INFO - DAG(s) 'dag_ejemplo_basico' retrieved from /opt/airflow/dags/DAG 1 QA y agregados de sismos.py
[2025-09-13T03:02:53.777+0000] {logging_mixin.py:188} INFO - [2025-09-13T03:02:53.777+0000] {dag.py:3096} INFO - Sync 1 DAGs
[2025-09-13T03:02:53.790+0000] {logging_mixin.py:188} INFO - [2025-09-13T03:02:53.790+0000] {dag.py:3954} INFO - Setting next_dagrun for dag_ejemplo_basico to None, run_after=None
[2025-09-13T03:02:53.806+0000] {processor.py:183} INFO - Processing /opt/airflow/dags/DAG 1 QA y agregados de sismos.py took 0.183 seconds
[2025-09-13T03:03:23.936+0000] {processor.py:161} INFO - Started process (PID=587) to work on /opt/airflow/dags/DAG 1 QA y agregados de sismos.py
[2025-09-13T03:03:23.938+0000] {processor.py:830} INFO - Processing file /opt/airflow/dags/DAG 1 QA y agregados de sismos.py for tasks to queue
[2025-09-13T03:03:23.940+0000] {logging_mixin.py:188} INFO - [2025-09-13T03:03:23.938+0000] {dagbag.py:545} INFO - Filling up the DagBag from /opt/airflow/dags/DAG 1 QA y agregados de sismos.py
[2025-09-13T03:03:23.975+0000] {processor.py:840} INFO - DAG(s) 'dag_ejemplo_basico' retrieved from /opt/airflow/dags/DAG 1 QA y agregados de sismos.py
[2025-09-13T03:03:24.059+0000] {logging_mixin.py:188} INFO - [2025-09-13T03:03:24.059+0000] {dag.py:3096} INFO - Sync 1 DAGs
[2025-09-13T03:03:24.079+0000] {logging_mixin.py:188} INFO - [2025-09-13T03:03:24.079+0000] {dag.py:3954} INFO - Setting next_dagrun for dag_ejemplo_basico to None, run_after=None
[2025-09-13T03:03:24.091+0000] {processor.py:183} INFO - Processing /opt/airflow/dags/DAG 1 QA y agregados de sismos.py took 0.170 seconds
[2025-09-13T03:03:54.283+0000] {processor.py:161} INFO - Started process (PID=602) to work on /opt/airflow/dags/DAG 1 QA y agregados de sismos.py
[2025-09-13T03:03:54.285+0000] {processor.py:830} INFO - Processing file /opt/airflow/dags/DAG 1 QA y agregados de sismos.py for tasks to queue
[2025-09-13T03:03:54.286+0000] {logging_mixin.py:188} INFO - [2025-09-13T03:03:54.285+0000] {dagbag.py:545} INFO - Filling up the DagBag from /opt/airflow/dags/DAG 1 QA y agregados de sismos.py
[2025-09-13T03:03:54.308+0000] {processor.py:840} INFO - DAG(s) 'dag_ejemplo_basico' retrieved from /opt/airflow/dags/DAG 1 QA y agregados de sismos.py
[2025-09-13T03:03:54.368+0000] {logging_mixin.py:188} INFO - [2025-09-13T03:03:54.368+0000] {dag.py:3096} INFO - Sync 1 DAGs
[2025-09-13T03:03:54.380+0000] {logging_mixin.py:188} INFO - [2025-09-13T03:03:54.380+0000] {dag.py:3954} INFO - Setting next_dagrun for dag_ejemplo_basico to None, run_after=None
[2025-09-13T03:03:54.390+0000] {processor.py:183} INFO - Processing /opt/airflow/dags/DAG 1 QA y agregados de sismos.py took 0.126 seconds
[2025-09-13T03:04:25.110+0000] {processor.py:161} INFO - Started process (PID=617) to work on /opt/airflow/dags/DAG 1 QA y agregados de sismos.py
[2025-09-13T03:04:25.112+0000] {processor.py:830} INFO - Processing file /opt/airflow/dags/DAG 1 QA y agregados de sismos.py for tasks to queue
[2025-09-13T03:04:25.115+0000] {logging_mixin.py:188} INFO - [2025-09-13T03:04:25.113+0000] {dagbag.py:545} INFO - Filling up the DagBag from /opt/airflow/dags/DAG 1 QA y agregados de sismos.py
[2025-09-13T03:04:25.196+0000] {processor.py:840} INFO - DAG(s) 'dag_ejemplo_basico' retrieved from /opt/airflow/dags/DAG 1 QA y agregados de sismos.py
[2025-09-13T03:04:26.250+0000] {logging_mixin.py:188} INFO - [2025-09-13T03:04:26.245+0000] {dag.py:3096} INFO - Sync 1 DAGs
[2025-09-13T03:04:26.324+0000] {logging_mixin.py:188} INFO - [2025-09-13T03:04:26.320+0000] {dag.py:3954} INFO - Setting next_dagrun for dag_ejemplo_basico to None, run_after=None
[2025-09-13T03:04:27.138+0000] {processor.py:183} INFO - Processing /opt/airflow/dags/DAG 1 QA y agregados de sismos.py took 2.051 seconds
[2025-09-13T03:05:05.338+0000] {processor.py:161} INFO - Started process (PID=632) to work on /opt/airflow/dags/DAG 1 QA y agregados de sismos.py
[2025-09-13T03:05:05.339+0000] {processor.py:830} INFO - Processing file /opt/airflow/dags/DAG 1 QA y agregados de sismos.py for tasks to queue
[2025-09-13T03:05:05.340+0000] {logging_mixin.py:188} INFO - [2025-09-13T03:05:05.340+0000] {dagbag.py:545} INFO - Filling up the DagBag from /opt/airflow/dags/DAG 1 QA y agregados de sismos.py
[2025-09-13T03:05:05.354+0000] {processor.py:840} INFO - DAG(s) 'dag_ejemplo_basico' retrieved from /opt/airflow/dags/DAG 1 QA y agregados de sismos.py
[2025-09-13T03:05:05.384+0000] {logging_mixin.py:188} INFO - [2025-09-13T03:05:05.383+0000] {dag.py:3096} INFO - Sync 1 DAGs
[2025-09-13T03:05:05.396+0000] {logging_mixin.py:188} INFO - [2025-09-13T03:05:05.396+0000] {dag.py:3954} INFO - Setting next_dagrun for dag_ejemplo_basico to None, run_after=None
[2025-09-13T03:05:05.410+0000] {processor.py:183} INFO - Processing /opt/airflow/dags/DAG 1 QA y agregados de sismos.py took 0.086 seconds
[2025-09-13T03:05:36.062+0000] {processor.py:161} INFO - Started process (PID=639) to work on /opt/airflow/dags/DAG 1 QA y agregados de sismos.py
[2025-09-13T03:05:36.063+0000] {processor.py:830} INFO - Processing file /opt/airflow/dags/DAG 1 QA y agregados de sismos.py for tasks to queue
[2025-09-13T03:05:36.066+0000] {logging_mixin.py:188} INFO - [2025-09-13T03:05:36.065+0000] {dagbag.py:545} INFO - Filling up the DagBag from /opt/airflow/dags/DAG 1 QA y agregados de sismos.py
[2025-09-13T03:05:36.093+0000] {processor.py:840} INFO - DAG(s) 'dag_ejemplo_basico' retrieved from /opt/airflow/dags/DAG 1 QA y agregados de sismos.py
[2025-09-13T03:05:36.141+0000] {logging_mixin.py:188} INFO - [2025-09-13T03:05:36.141+0000] {dag.py:3096} INFO - Sync 1 DAGs
[2025-09-13T03:05:36.152+0000] {logging_mixin.py:188} INFO - [2025-09-13T03:05:36.152+0000] {dag.py:3954} INFO - Setting next_dagrun for dag_ejemplo_basico to None, run_after=None
[2025-09-13T03:05:36.178+0000] {processor.py:183} INFO - Processing /opt/airflow/dags/DAG 1 QA y agregados de sismos.py took 0.133 seconds
[2025-09-13T03:06:06.566+0000] {processor.py:161} INFO - Started process (PID=654) to work on /opt/airflow/dags/DAG 1 QA y agregados de sismos.py
[2025-09-13T03:06:06.567+0000] {processor.py:830} INFO - Processing file /opt/airflow/dags/DAG 1 QA y agregados de sismos.py for tasks to queue
[2025-09-13T03:06:06.569+0000] {logging_mixin.py:188} INFO - [2025-09-13T03:06:06.568+0000] {dagbag.py:545} INFO - Filling up the DagBag from /opt/airflow/dags/DAG 1 QA y agregados de sismos.py
[2025-09-13T03:06:06.585+0000] {processor.py:840} INFO - DAG(s) 'dag_ejemplo_basico' retrieved from /opt/airflow/dags/DAG 1 QA y agregados de sismos.py
[2025-09-13T03:06:06.628+0000] {logging_mixin.py:188} INFO - [2025-09-13T03:06:06.628+0000] {dag.py:3096} INFO - Sync 1 DAGs
[2025-09-13T03:06:06.647+0000] {logging_mixin.py:188} INFO - [2025-09-13T03:06:06.647+0000] {dag.py:3954} INFO - Setting next_dagrun for dag_ejemplo_basico to None, run_after=None
[2025-09-13T03:06:06.666+0000] {processor.py:183} INFO - Processing /opt/airflow/dags/DAG 1 QA y agregados de sismos.py took 0.118 seconds
[2025-09-13T03:06:37.122+0000] {processor.py:161} INFO - Started process (PID=670) to work on /opt/airflow/dags/DAG 1 QA y agregados de sismos.py
[2025-09-13T03:06:37.123+0000] {processor.py:830} INFO - Processing file /opt/airflow/dags/DAG 1 QA y agregados de sismos.py for tasks to queue
[2025-09-13T03:06:37.125+0000] {logging_mixin.py:188} INFO - [2025-09-13T03:06:37.124+0000] {dagbag.py:545} INFO - Filling up the DagBag from /opt/airflow/dags/DAG 1 QA y agregados de sismos.py
[2025-09-13T03:06:37.151+0000] {processor.py:840} INFO - DAG(s) 'dag_ejemplo_basico' retrieved from /opt/airflow/dags/DAG 1 QA y agregados de sismos.py
[2025-09-13T03:06:37.198+0000] {logging_mixin.py:188} INFO - [2025-09-13T03:06:37.198+0000] {dag.py:3096} INFO - Sync 1 DAGs
[2025-09-13T03:06:37.215+0000] {logging_mixin.py:188} INFO - [2025-09-13T03:06:37.214+0000] {dag.py:3954} INFO - Setting next_dagrun for dag_ejemplo_basico to None, run_after=None
[2025-09-13T03:06:37.236+0000] {processor.py:183} INFO - Processing /opt/airflow/dags/DAG 1 QA y agregados de sismos.py took 0.125 seconds
[2025-09-13T03:07:08.027+0000] {processor.py:161} INFO - Started process (PID=685) to work on /opt/airflow/dags/DAG 1 QA y agregados de sismos.py
[2025-09-13T03:07:08.028+0000] {processor.py:830} INFO - Processing file /opt/airflow/dags/DAG 1 QA y agregados de sismos.py for tasks to queue
[2025-09-13T03:07:08.030+0000] {logging_mixin.py:188} INFO - [2025-09-13T03:07:08.029+0000] {dagbag.py:545} INFO - Filling up the DagBag from /opt/airflow/dags/DAG 1 QA y agregados de sismos.py
[2025-09-13T03:07:08.076+0000] {processor.py:840} INFO - DAG(s) 'dag_ejemplo_basico' retrieved from /opt/airflow/dags/DAG 1 QA y agregados de sismos.py
[2025-09-13T03:07:08.167+0000] {logging_mixin.py:188} INFO - [2025-09-13T03:07:08.167+0000] {dag.py:3096} INFO - Sync 1 DAGs
[2025-09-13T03:07:08.185+0000] {logging_mixin.py:188} INFO - [2025-09-13T03:07:08.185+0000] {dag.py:3954} INFO - Setting next_dagrun for dag_ejemplo_basico to None, run_after=None
[2025-09-13T03:07:08.207+0000] {processor.py:183} INFO - Processing /opt/airflow/dags/DAG 1 QA y agregados de sismos.py took 0.193 seconds
[2025-09-13T03:07:38.926+0000] {processor.py:161} INFO - Started process (PID=699) to work on /opt/airflow/dags/DAG 1 QA y agregados de sismos.py
[2025-09-13T03:07:38.927+0000] {processor.py:830} INFO - Processing file /opt/airflow/dags/DAG 1 QA y agregados de sismos.py for tasks to queue
[2025-09-13T03:07:38.929+0000] {logging_mixin.py:188} INFO - [2025-09-13T03:07:38.929+0000] {dagbag.py:545} INFO - Filling up the DagBag from /opt/airflow/dags/DAG 1 QA y agregados de sismos.py
[2025-09-13T03:07:38.955+0000] {processor.py:840} INFO - DAG(s) 'dag_ejemplo_basico' retrieved from /opt/airflow/dags/DAG 1 QA y agregados de sismos.py
[2025-09-13T03:07:39.015+0000] {logging_mixin.py:188} INFO - [2025-09-13T03:07:39.015+0000] {dag.py:3096} INFO - Sync 1 DAGs
[2025-09-13T03:07:39.035+0000] {logging_mixin.py:188} INFO - [2025-09-13T03:07:39.035+0000] {dag.py:3954} INFO - Setting next_dagrun for dag_ejemplo_basico to None, run_after=None
[2025-09-13T03:07:39.060+0000] {processor.py:183} INFO - Processing /opt/airflow/dags/DAG 1 QA y agregados de sismos.py took 0.151 seconds
[2025-09-13T03:08:09.692+0000] {processor.py:161} INFO - Started process (PID=714) to work on /opt/airflow/dags/DAG 1 QA y agregados de sismos.py
[2025-09-13T03:08:09.694+0000] {processor.py:830} INFO - Processing file /opt/airflow/dags/DAG 1 QA y agregados de sismos.py for tasks to queue
[2025-09-13T03:08:09.697+0000] {logging_mixin.py:188} INFO - [2025-09-13T03:08:09.696+0000] {dagbag.py:545} INFO - Filling up the DagBag from /opt/airflow/dags/DAG 1 QA y agregados de sismos.py
[2025-09-13T03:08:09.731+0000] {processor.py:840} INFO - DAG(s) 'dag_ejemplo_basico' retrieved from /opt/airflow/dags/DAG 1 QA y agregados de sismos.py
[2025-09-13T03:08:09.800+0000] {logging_mixin.py:188} INFO - [2025-09-13T03:08:09.799+0000] {dag.py:3096} INFO - Sync 1 DAGs
[2025-09-13T03:08:09.835+0000] {logging_mixin.py:188} INFO - [2025-09-13T03:08:09.835+0000] {dag.py:3954} INFO - Setting next_dagrun for dag_ejemplo_basico to None, run_after=None
[2025-09-13T03:08:09.873+0000] {processor.py:183} INFO - Processing /opt/airflow/dags/DAG 1 QA y agregados de sismos.py took 0.196 seconds
[2025-09-13T03:08:40.347+0000] {processor.py:161} INFO - Started process (PID=730) to work on /opt/airflow/dags/DAG 1 QA y agregados de sismos.py
[2025-09-13T03:08:40.348+0000] {processor.py:830} INFO - Processing file /opt/airflow/dags/DAG 1 QA y agregados de sismos.py for tasks to queue
[2025-09-13T03:08:40.349+0000] {logging_mixin.py:188} INFO - [2025-09-13T03:08:40.349+0000] {dagbag.py:545} INFO - Filling up the DagBag from /opt/airflow/dags/DAG 1 QA y agregados de sismos.py
[2025-09-13T03:08:40.372+0000] {processor.py:840} INFO - DAG(s) 'dag_ejemplo_basico' retrieved from /opt/airflow/dags/DAG 1 QA y agregados de sismos.py
[2025-09-13T03:08:40.421+0000] {logging_mixin.py:188} INFO - [2025-09-13T03:08:40.421+0000] {dag.py:3096} INFO - Sync 1 DAGs
[2025-09-13T03:08:40.439+0000] {logging_mixin.py:188} INFO - [2025-09-13T03:08:40.439+0000] {dag.py:3954} INFO - Setting next_dagrun for dag_ejemplo_basico to None, run_after=None
[2025-09-13T03:08:40.455+0000] {processor.py:183} INFO - Processing /opt/airflow/dags/DAG 1 QA y agregados de sismos.py took 0.117 seconds
[2025-09-13T03:09:11.348+0000] {processor.py:161} INFO - Started process (PID=743) to work on /opt/airflow/dags/DAG 1 QA y agregados de sismos.py
[2025-09-13T03:09:11.349+0000] {processor.py:830} INFO - Processing file /opt/airflow/dags/DAG 1 QA y agregados de sismos.py for tasks to queue
[2025-09-13T03:09:11.351+0000] {logging_mixin.py:188} INFO - [2025-09-13T03:09:11.350+0000] {dagbag.py:545} INFO - Filling up the DagBag from /opt/airflow/dags/DAG 1 QA y agregados de sismos.py
[2025-09-13T03:09:11.378+0000] {processor.py:840} INFO - DAG(s) 'dag_ejemplo_basico' retrieved from /opt/airflow/dags/DAG 1 QA y agregados de sismos.py
[2025-09-13T03:09:11.425+0000] {logging_mixin.py:188} INFO - [2025-09-13T03:09:11.425+0000] {dag.py:3096} INFO - Sync 1 DAGs
[2025-09-13T03:09:11.439+0000] {logging_mixin.py:188} INFO - [2025-09-13T03:09:11.439+0000] {dag.py:3954} INFO - Setting next_dagrun for dag_ejemplo_basico to None, run_after=None
[2025-09-13T03:09:11.454+0000] {processor.py:183} INFO - Processing /opt/airflow/dags/DAG 1 QA y agregados de sismos.py took 0.118 seconds
[2025-09-13T03:09:42.053+0000] {processor.py:161} INFO - Started process (PID=760) to work on /opt/airflow/dags/DAG 1 QA y agregados de sismos.py
[2025-09-13T03:09:42.055+0000] {processor.py:830} INFO - Processing file /opt/airflow/dags/DAG 1 QA y agregados de sismos.py for tasks to queue
[2025-09-13T03:09:42.061+0000] {logging_mixin.py:188} INFO - [2025-09-13T03:09:42.060+0000] {dagbag.py:545} INFO - Filling up the DagBag from /opt/airflow/dags/DAG 1 QA y agregados de sismos.py
[2025-09-13T03:09:42.082+0000] {processor.py:840} INFO - DAG(s) 'dag_ejemplo_basico' retrieved from /opt/airflow/dags/DAG 1 QA y agregados de sismos.py
[2025-09-13T03:09:42.140+0000] {logging_mixin.py:188} INFO - [2025-09-13T03:09:42.139+0000] {dag.py:3096} INFO - Sync 1 DAGs
[2025-09-13T03:09:42.158+0000] {logging_mixin.py:188} INFO - [2025-09-13T03:09:42.158+0000] {dag.py:3954} INFO - Setting next_dagrun for dag_ejemplo_basico to None, run_after=None
[2025-09-13T03:09:42.182+0000] {processor.py:183} INFO - Processing /opt/airflow/dags/DAG 1 QA y agregados de sismos.py took 0.157 seconds
[2025-09-13T03:10:12.797+0000] {processor.py:161} INFO - Started process (PID=774) to work on /opt/airflow/dags/DAG 1 QA y agregados de sismos.py
[2025-09-13T03:10:12.798+0000] {processor.py:830} INFO - Processing file /opt/airflow/dags/DAG 1 QA y agregados de sismos.py for tasks to queue
[2025-09-13T03:10:12.799+0000] {logging_mixin.py:188} INFO - [2025-09-13T03:10:12.798+0000] {dagbag.py:545} INFO - Filling up the DagBag from /opt/airflow/dags/DAG 1 QA y agregados de sismos.py
[2025-09-13T03:10:12.826+0000] {processor.py:840} INFO - DAG(s) 'dag_ejemplo_basico' retrieved from /opt/airflow/dags/DAG 1 QA y agregados de sismos.py
[2025-09-13T03:10:12.870+0000] {logging_mixin.py:188} INFO - [2025-09-13T03:10:12.869+0000] {dag.py:3096} INFO - Sync 1 DAGs
[2025-09-13T03:10:12.881+0000] {logging_mixin.py:188} INFO - [2025-09-13T03:10:12.881+0000] {dag.py:3954} INFO - Setting next_dagrun for dag_ejemplo_basico to None, run_after=None
[2025-09-13T03:10:12.895+0000] {processor.py:183} INFO - Processing /opt/airflow/dags/DAG 1 QA y agregados de sismos.py took 0.109 seconds
[2025-09-13T03:10:43.315+0000] {processor.py:161} INFO - Started process (PID=790) to work on /opt/airflow/dags/DAG 1 QA y agregados de sismos.py
[2025-09-13T03:10:43.316+0000] {processor.py:830} INFO - Processing file /opt/airflow/dags/DAG 1 QA y agregados de sismos.py for tasks to queue
[2025-09-13T03:10:43.317+0000] {logging_mixin.py:188} INFO - [2025-09-13T03:10:43.316+0000] {dagbag.py:545} INFO - Filling up the DagBag from /opt/airflow/dags/DAG 1 QA y agregados de sismos.py
[2025-09-13T03:10:43.338+0000] {processor.py:840} INFO - DAG(s) 'dag_ejemplo_basico' retrieved from /opt/airflow/dags/DAG 1 QA y agregados de sismos.py
[2025-09-13T03:10:43.383+0000] {logging_mixin.py:188} INFO - [2025-09-13T03:10:43.382+0000] {dag.py:3096} INFO - Sync 1 DAGs
[2025-09-13T03:10:43.395+0000] {logging_mixin.py:188} INFO - [2025-09-13T03:10:43.395+0000] {dag.py:3954} INFO - Setting next_dagrun for dag_ejemplo_basico to None, run_after=None
[2025-09-13T03:10:43.407+0000] {processor.py:183} INFO - Processing /opt/airflow/dags/DAG 1 QA y agregados de sismos.py took 0.102 seconds
[2025-09-13T03:11:13.878+0000] {processor.py:161} INFO - Started process (PID=804) to work on /opt/airflow/dags/DAG 1 QA y agregados de sismos.py
[2025-09-13T03:11:13.880+0000] {processor.py:830} INFO - Processing file /opt/airflow/dags/DAG 1 QA y agregados de sismos.py for tasks to queue
[2025-09-13T03:11:13.881+0000] {logging_mixin.py:188} INFO - [2025-09-13T03:11:13.881+0000] {dagbag.py:545} INFO - Filling up the DagBag from /opt/airflow/dags/DAG 1 QA y agregados de sismos.py
[2025-09-13T03:11:13.902+0000] {processor.py:840} INFO - DAG(s) 'dag_ejemplo_basico' retrieved from /opt/airflow/dags/DAG 1 QA y agregados de sismos.py
[2025-09-13T03:11:13.951+0000] {logging_mixin.py:188} INFO - [2025-09-13T03:11:13.950+0000] {dag.py:3096} INFO - Sync 1 DAGs
[2025-09-13T03:11:14.004+0000] {logging_mixin.py:188} INFO - [2025-09-13T03:11:14.004+0000] {dag.py:3954} INFO - Setting next_dagrun for dag_ejemplo_basico to None, run_after=None
[2025-09-13T03:11:14.036+0000] {processor.py:183} INFO - Processing /opt/airflow/dags/DAG 1 QA y agregados de sismos.py took 0.172 seconds
[2025-09-13T03:11:44.665+0000] {processor.py:161} INFO - Started process (PID=820) to work on /opt/airflow/dags/DAG 1 QA y agregados de sismos.py
[2025-09-13T03:11:44.667+0000] {processor.py:830} INFO - Processing file /opt/airflow/dags/DAG 1 QA y agregados de sismos.py for tasks to queue
[2025-09-13T03:11:44.671+0000] {logging_mixin.py:188} INFO - [2025-09-13T03:11:44.668+0000] {dagbag.py:545} INFO - Filling up the DagBag from /opt/airflow/dags/DAG 1 QA y agregados de sismos.py
[2025-09-13T03:11:44.724+0000] {processor.py:840} INFO - DAG(s) 'dag_ejemplo_basico' retrieved from /opt/airflow/dags/DAG 1 QA y agregados de sismos.py
[2025-09-13T03:11:44.780+0000] {logging_mixin.py:188} INFO - [2025-09-13T03:11:44.780+0000] {dag.py:3096} INFO - Sync 1 DAGs
[2025-09-13T03:11:44.800+0000] {logging_mixin.py:188} INFO - [2025-09-13T03:11:44.800+0000] {dag.py:3954} INFO - Setting next_dagrun for dag_ejemplo_basico to None, run_after=None
[2025-09-13T03:11:44.813+0000] {processor.py:183} INFO - Processing /opt/airflow/dags/DAG 1 QA y agregados de sismos.py took 0.159 seconds
[2025-09-13T03:12:15.556+0000] {processor.py:161} INFO - Started process (PID=833) to work on /opt/airflow/dags/DAG 1 QA y agregados de sismos.py
[2025-09-13T03:12:15.558+0000] {processor.py:830} INFO - Processing file /opt/airflow/dags/DAG 1 QA y agregados de sismos.py for tasks to queue
[2025-09-13T03:12:15.559+0000] {logging_mixin.py:188} INFO - [2025-09-13T03:12:15.559+0000] {dagbag.py:545} INFO - Filling up the DagBag from /opt/airflow/dags/DAG 1 QA y agregados de sismos.py
[2025-09-13T03:12:15.593+0000] {processor.py:840} INFO - DAG(s) 'dag_ejemplo_basico' retrieved from /opt/airflow/dags/DAG 1 QA y agregados de sismos.py
[2025-09-13T03:12:15.656+0000] {logging_mixin.py:188} INFO - [2025-09-13T03:12:15.656+0000] {dag.py:3096} INFO - Sync 1 DAGs
[2025-09-13T03:12:15.678+0000] {logging_mixin.py:188} INFO - [2025-09-13T03:12:15.677+0000] {dag.py:3954} INFO - Setting next_dagrun for dag_ejemplo_basico to None, run_after=None
[2025-09-13T03:12:15.695+0000] {processor.py:183} INFO - Processing /opt/airflow/dags/DAG 1 QA y agregados de sismos.py took 0.154 seconds
[2025-09-13T03:12:46.171+0000] {processor.py:161} INFO - Started process (PID=849) to work on /opt/airflow/dags/DAG 1 QA y agregados de sismos.py
[2025-09-13T03:12:46.173+0000] {processor.py:830} INFO - Processing file /opt/airflow/dags/DAG 1 QA y agregados de sismos.py for tasks to queue
[2025-09-13T03:12:46.176+0000] {logging_mixin.py:188} INFO - [2025-09-13T03:12:46.175+0000] {dagbag.py:545} INFO - Filling up the DagBag from /opt/airflow/dags/DAG 1 QA y agregados de sismos.py
[2025-09-13T03:12:46.203+0000] {processor.py:840} INFO - DAG(s) 'dag_ejemplo_basico' retrieved from /opt/airflow/dags/DAG 1 QA y agregados de sismos.py
[2025-09-13T03:12:46.243+0000] {logging_mixin.py:188} INFO - [2025-09-13T03:12:46.243+0000] {dag.py:3096} INFO - Sync 1 DAGs
[2025-09-13T03:12:46.258+0000] {logging_mixin.py:188} INFO - [2025-09-13T03:12:46.258+0000] {dag.py:3954} INFO - Setting next_dagrun for dag_ejemplo_basico to None, run_after=None
[2025-09-13T03:12:46.281+0000] {processor.py:183} INFO - Processing /opt/airflow/dags/DAG 1 QA y agregados de sismos.py took 0.130 seconds
[2025-09-13T03:13:16.807+0000] {processor.py:161} INFO - Started process (PID=864) to work on /opt/airflow/dags/DAG 1 QA y agregados de sismos.py
[2025-09-13T03:13:16.808+0000] {processor.py:830} INFO - Processing file /opt/airflow/dags/DAG 1 QA y agregados de sismos.py for tasks to queue
[2025-09-13T03:13:16.809+0000] {logging_mixin.py:188} INFO - [2025-09-13T03:13:16.809+0000] {dagbag.py:545} INFO - Filling up the DagBag from /opt/airflow/dags/DAG 1 QA y agregados de sismos.py
[2025-09-13T03:13:16.838+0000] {processor.py:840} INFO - DAG(s) 'dag_ejemplo_basico' retrieved from /opt/airflow/dags/DAG 1 QA y agregados de sismos.py
[2025-09-13T03:13:16.876+0000] {logging_mixin.py:188} INFO - [2025-09-13T03:13:16.876+0000] {dag.py:3096} INFO - Sync 1 DAGs
[2025-09-13T03:13:16.891+0000] {logging_mixin.py:188} INFO - [2025-09-13T03:13:16.891+0000] {dag.py:3954} INFO - Setting next_dagrun for dag_ejemplo_basico to None, run_after=None
[2025-09-13T03:13:16.910+0000] {processor.py:183} INFO - Processing /opt/airflow/dags/DAG 1 QA y agregados de sismos.py took 0.115 seconds
[2025-09-13T03:13:47.671+0000] {processor.py:161} INFO - Started process (PID=879) to work on /opt/airflow/dags/DAG 1 QA y agregados de sismos.py
[2025-09-13T03:13:47.673+0000] {processor.py:830} INFO - Processing file /opt/airflow/dags/DAG 1 QA y agregados de sismos.py for tasks to queue
[2025-09-13T03:13:47.674+0000] {logging_mixin.py:188} INFO - [2025-09-13T03:13:47.674+0000] {dagbag.py:545} INFO - Filling up the DagBag from /opt/airflow/dags/DAG 1 QA y agregados de sismos.py
[2025-09-13T03:13:47.695+0000] {processor.py:840} INFO - DAG(s) 'dag_ejemplo_basico' retrieved from /opt/airflow/dags/DAG 1 QA y agregados de sismos.py
[2025-09-13T03:13:47.755+0000] {logging_mixin.py:188} INFO - [2025-09-13T03:13:47.755+0000] {dag.py:3096} INFO - Sync 1 DAGs
[2025-09-13T03:13:47.781+0000] {logging_mixin.py:188} INFO - [2025-09-13T03:13:47.780+0000] {dag.py:3954} INFO - Setting next_dagrun for dag_ejemplo_basico to None, run_after=None
[2025-09-13T03:13:47.807+0000] {processor.py:183} INFO - Processing /opt/airflow/dags/DAG 1 QA y agregados de sismos.py took 0.150 seconds
[2025-09-13T03:14:18.384+0000] {processor.py:161} INFO - Started process (PID=894) to work on /opt/airflow/dags/DAG 1 QA y agregados de sismos.py
[2025-09-13T03:14:18.388+0000] {processor.py:830} INFO - Processing file /opt/airflow/dags/DAG 1 QA y agregados de sismos.py for tasks to queue
[2025-09-13T03:14:18.393+0000] {logging_mixin.py:188} INFO - [2025-09-13T03:14:18.391+0000] {dagbag.py:545} INFO - Filling up the DagBag from /opt/airflow/dags/DAG 1 QA y agregados de sismos.py
[2025-09-13T03:14:18.445+0000] {processor.py:840} INFO - DAG(s) 'dag_ejemplo_basico' retrieved from /opt/airflow/dags/DAG 1 QA y agregados de sismos.py
[2025-09-13T03:14:18.503+0000] {logging_mixin.py:188} INFO - [2025-09-13T03:14:18.503+0000] {dag.py:3096} INFO - Sync 1 DAGs
[2025-09-13T03:14:18.519+0000] {logging_mixin.py:188} INFO - [2025-09-13T03:14:18.519+0000] {dag.py:3954} INFO - Setting next_dagrun for dag_ejemplo_basico to None, run_after=None
[2025-09-13T03:14:18.534+0000] {processor.py:183} INFO - Processing /opt/airflow/dags/DAG 1 QA y agregados de sismos.py took 0.173 seconds
[2025-09-13T03:14:49.003+0000] {processor.py:161} INFO - Started process (PID=909) to work on /opt/airflow/dags/DAG 1 QA y agregados de sismos.py
[2025-09-13T03:14:49.004+0000] {processor.py:830} INFO - Processing file /opt/airflow/dags/DAG 1 QA y agregados de sismos.py for tasks to queue
[2025-09-13T03:14:49.005+0000] {logging_mixin.py:188} INFO - [2025-09-13T03:14:49.005+0000] {dagbag.py:545} INFO - Filling up the DagBag from /opt/airflow/dags/DAG 1 QA y agregados de sismos.py
[2025-09-13T03:14:49.030+0000] {processor.py:840} INFO - DAG(s) 'dag_ejemplo_basico' retrieved from /opt/airflow/dags/DAG 1 QA y agregados de sismos.py
[2025-09-13T03:14:49.097+0000] {logging_mixin.py:188} INFO - [2025-09-13T03:14:49.097+0000] {dag.py:3096} INFO - Sync 1 DAGs
[2025-09-13T03:14:49.137+0000] {logging_mixin.py:188} INFO - [2025-09-13T03:14:49.137+0000] {dag.py:3954} INFO - Setting next_dagrun for dag_ejemplo_basico to None, run_after=None
[2025-09-13T03:14:49.146+0000] {processor.py:183} INFO - Processing /opt/airflow/dags/DAG 1 QA y agregados de sismos.py took 0.154 seconds
[2025-09-13T03:15:19.644+0000] {processor.py:161} INFO - Started process (PID=924) to work on /opt/airflow/dags/DAG 1 QA y agregados de sismos.py
[2025-09-13T03:15:19.645+0000] {processor.py:830} INFO - Processing file /opt/airflow/dags/DAG 1 QA y agregados de sismos.py for tasks to queue
[2025-09-13T03:15:19.646+0000] {logging_mixin.py:188} INFO - [2025-09-13T03:15:19.646+0000] {dagbag.py:545} INFO - Filling up the DagBag from /opt/airflow/dags/DAG 1 QA y agregados de sismos.py
[2025-09-13T03:15:19.668+0000] {processor.py:840} INFO - DAG(s) 'dag_ejemplo_basico' retrieved from /opt/airflow/dags/DAG 1 QA y agregados de sismos.py
[2025-09-13T03:15:19.706+0000] {logging_mixin.py:188} INFO - [2025-09-13T03:15:19.706+0000] {dag.py:3096} INFO - Sync 1 DAGs
[2025-09-13T03:15:19.716+0000] {logging_mixin.py:188} INFO - [2025-09-13T03:15:19.716+0000] {dag.py:3954} INFO - Setting next_dagrun for dag_ejemplo_basico to None, run_after=None
[2025-09-13T03:15:19.733+0000] {processor.py:183} INFO - Processing /opt/airflow/dags/DAG 1 QA y agregados de sismos.py took 0.106 seconds
[2025-09-13T03:15:50.158+0000] {processor.py:161} INFO - Started process (PID=940) to work on /opt/airflow/dags/DAG 1 QA y agregados de sismos.py
[2025-09-13T03:15:50.159+0000] {processor.py:830} INFO - Processing file /opt/airflow/dags/DAG 1 QA y agregados de sismos.py for tasks to queue
[2025-09-13T03:15:50.161+0000] {logging_mixin.py:188} INFO - [2025-09-13T03:15:50.161+0000] {dagbag.py:545} INFO - Filling up the DagBag from /opt/airflow/dags/DAG 1 QA y agregados de sismos.py
[2025-09-13T03:15:50.180+0000] {processor.py:840} INFO - DAG(s) 'dag_ejemplo_basico' retrieved from /opt/airflow/dags/DAG 1 QA y agregados de sismos.py
[2025-09-13T03:15:50.216+0000] {logging_mixin.py:188} INFO - [2025-09-13T03:15:50.216+0000] {dag.py:3096} INFO - Sync 1 DAGs
[2025-09-13T03:15:50.226+0000] {logging_mixin.py:188} INFO - [2025-09-13T03:15:50.226+0000] {dag.py:3954} INFO - Setting next_dagrun for dag_ejemplo_basico to None, run_after=None
[2025-09-13T03:15:50.242+0000] {processor.py:183} INFO - Processing /opt/airflow/dags/DAG 1 QA y agregados de sismos.py took 0.097 seconds
[2025-09-13T03:16:20.808+0000] {processor.py:161} INFO - Started process (PID=954) to work on /opt/airflow/dags/DAG 1 QA y agregados de sismos.py
[2025-09-13T03:16:20.809+0000] {processor.py:830} INFO - Processing file /opt/airflow/dags/DAG 1 QA y agregados de sismos.py for tasks to queue
[2025-09-13T03:16:20.812+0000] {logging_mixin.py:188} INFO - [2025-09-13T03:16:20.810+0000] {dagbag.py:545} INFO - Filling up the DagBag from /opt/airflow/dags/DAG 1 QA y agregados de sismos.py
[2025-09-13T03:16:20.832+0000] {processor.py:840} INFO - DAG(s) 'dag_ejemplo_basico' retrieved from /opt/airflow/dags/DAG 1 QA y agregados de sismos.py
[2025-09-13T03:16:20.871+0000] {logging_mixin.py:188} INFO - [2025-09-13T03:16:20.871+0000] {dag.py:3096} INFO - Sync 1 DAGs
[2025-09-13T03:16:20.885+0000] {logging_mixin.py:188} INFO - [2025-09-13T03:16:20.884+0000] {dag.py:3954} INFO - Setting next_dagrun for dag_ejemplo_basico to None, run_after=None
[2025-09-13T03:16:20.895+0000] {processor.py:183} INFO - Processing /opt/airflow/dags/DAG 1 QA y agregados de sismos.py took 0.099 seconds
[2025-09-13T03:16:51.739+0000] {processor.py:161} INFO - Started process (PID=969) to work on /opt/airflow/dags/DAG 1 QA y agregados de sismos.py
[2025-09-13T03:16:51.740+0000] {processor.py:830} INFO - Processing file /opt/airflow/dags/DAG 1 QA y agregados de sismos.py for tasks to queue
[2025-09-13T03:16:51.742+0000] {logging_mixin.py:188} INFO - [2025-09-13T03:16:51.741+0000] {dagbag.py:545} INFO - Filling up the DagBag from /opt/airflow/dags/DAG 1 QA y agregados de sismos.py
[2025-09-13T03:16:51.762+0000] {processor.py:840} INFO - DAG(s) 'dag_ejemplo_basico' retrieved from /opt/airflow/dags/DAG 1 QA y agregados de sismos.py
[2025-09-13T03:16:51.794+0000] {logging_mixin.py:188} INFO - [2025-09-13T03:16:51.793+0000] {dag.py:3096} INFO - Sync 1 DAGs
[2025-09-13T03:16:51.831+0000] {logging_mixin.py:188} INFO - [2025-09-13T03:16:51.831+0000] {dag.py:3954} INFO - Setting next_dagrun for dag_ejemplo_basico to None, run_after=None
[2025-09-13T03:16:51.857+0000] {processor.py:183} INFO - Processing /opt/airflow/dags/DAG 1 QA y agregados de sismos.py took 0.127 seconds
[2025-09-13T03:17:22.297+0000] {processor.py:161} INFO - Started process (PID=983) to work on /opt/airflow/dags/DAG 1 QA y agregados de sismos.py
[2025-09-13T03:17:22.297+0000] {processor.py:830} INFO - Processing file /opt/airflow/dags/DAG 1 QA y agregados de sismos.py for tasks to queue
[2025-09-13T03:17:22.298+0000] {logging_mixin.py:188} INFO - [2025-09-13T03:17:22.298+0000] {dagbag.py:545} INFO - Filling up the DagBag from /opt/airflow/dags/DAG 1 QA y agregados de sismos.py
[2025-09-13T03:17:22.317+0000] {processor.py:840} INFO - DAG(s) 'dag_ejemplo_basico' retrieved from /opt/airflow/dags/DAG 1 QA y agregados de sismos.py
[2025-09-13T03:17:22.366+0000] {logging_mixin.py:188} INFO - [2025-09-13T03:17:22.366+0000] {dag.py:3096} INFO - Sync 1 DAGs
[2025-09-13T03:17:22.402+0000] {logging_mixin.py:188} INFO - [2025-09-13T03:17:22.401+0000] {dag.py:3954} INFO - Setting next_dagrun for dag_ejemplo_basico to None, run_after=None
[2025-09-13T03:17:22.434+0000] {processor.py:183} INFO - Processing /opt/airflow/dags/DAG 1 QA y agregados de sismos.py took 0.146 seconds
[2025-09-13T03:17:53.303+0000] {processor.py:161} INFO - Started process (PID=999) to work on /opt/airflow/dags/DAG 1 QA y agregados de sismos.py
[2025-09-13T03:17:53.309+0000] {processor.py:830} INFO - Processing file /opt/airflow/dags/DAG 1 QA y agregados de sismos.py for tasks to queue
[2025-09-13T03:17:53.314+0000] {logging_mixin.py:188} INFO - [2025-09-13T03:17:53.312+0000] {dagbag.py:545} INFO - Filling up the DagBag from /opt/airflow/dags/DAG 1 QA y agregados de sismos.py
[2025-09-13T03:17:53.423+0000] {processor.py:840} INFO - DAG(s) 'dag_ejemplo_basico' retrieved from /opt/airflow/dags/DAG 1 QA y agregados de sismos.py
[2025-09-13T03:17:53.601+0000] {logging_mixin.py:188} INFO - [2025-09-13T03:17:53.601+0000] {dag.py:3096} INFO - Sync 1 DAGs
[2025-09-13T03:17:53.644+0000] {logging_mixin.py:188} INFO - [2025-09-13T03:17:53.644+0000] {dag.py:3954} INFO - Setting next_dagrun for dag_ejemplo_basico to None, run_after=None
[2025-09-13T03:17:53.690+0000] {processor.py:183} INFO - Processing /opt/airflow/dags/DAG 1 QA y agregados de sismos.py took 0.556 seconds
[2025-09-13T03:18:24.914+0000] {processor.py:161} INFO - Started process (PID=1014) to work on /opt/airflow/dags/DAG 1 QA y agregados de sismos.py
[2025-09-13T03:18:24.922+0000] {processor.py:830} INFO - Processing file /opt/airflow/dags/DAG 1 QA y agregados de sismos.py for tasks to queue
[2025-09-13T03:18:24.926+0000] {logging_mixin.py:188} INFO - [2025-09-13T03:18:24.925+0000] {dagbag.py:545} INFO - Filling up the DagBag from /opt/airflow/dags/DAG 1 QA y agregados de sismos.py
[2025-09-13T03:18:25.024+0000] {processor.py:840} INFO - DAG(s) 'dag_ejemplo_basico' retrieved from /opt/airflow/dags/DAG 1 QA y agregados de sismos.py
[2025-09-13T03:18:25.170+0000] {logging_mixin.py:188} INFO - [2025-09-13T03:18:25.170+0000] {dag.py:3096} INFO - Sync 1 DAGs
[2025-09-13T03:18:25.207+0000] {logging_mixin.py:188} INFO - [2025-09-13T03:18:25.207+0000] {dag.py:3954} INFO - Setting next_dagrun for dag_ejemplo_basico to None, run_after=None
[2025-09-13T03:18:25.238+0000] {processor.py:183} INFO - Processing /opt/airflow/dags/DAG 1 QA y agregados de sismos.py took 0.347 seconds
[2025-09-13T03:23:51.598+0000] {processor.py:161} INFO - Started process (PID=185) to work on /opt/airflow/dags/DAG 1 QA y agregados de sismos.py
[2025-09-13T03:23:51.601+0000] {processor.py:830} INFO - Processing file /opt/airflow/dags/DAG 1 QA y agregados de sismos.py for tasks to queue
[2025-09-13T03:23:51.605+0000] {logging_mixin.py:188} INFO - [2025-09-13T03:23:51.605+0000] {dagbag.py:545} INFO - Filling up the DagBag from /opt/airflow/dags/DAG 1 QA y agregados de sismos.py
[2025-09-13T03:23:51.638+0000] {processor.py:840} INFO - DAG(s) 'dag_ejemplo_basico' retrieved from /opt/airflow/dags/DAG 1 QA y agregados de sismos.py
[2025-09-13T03:23:51.687+0000] {logging_mixin.py:188} INFO - [2025-09-13T03:23:51.686+0000] {dag.py:3096} INFO - Sync 1 DAGs
[2025-09-13T03:23:51.716+0000] {logging_mixin.py:188} INFO - [2025-09-13T03:23:51.716+0000] {dag.py:3954} INFO - Setting next_dagrun for dag_ejemplo_basico to None, run_after=None
[2025-09-13T03:23:51.733+0000] {processor.py:183} INFO - Processing /opt/airflow/dags/DAG 1 QA y agregados de sismos.py took 0.148 seconds
[2025-09-13T03:24:22.773+0000] {processor.py:161} INFO - Started process (PID=199) to work on /opt/airflow/dags/DAG 1 QA y agregados de sismos.py
[2025-09-13T03:24:22.776+0000] {processor.py:830} INFO - Processing file /opt/airflow/dags/DAG 1 QA y agregados de sismos.py for tasks to queue
[2025-09-13T03:24:22.795+0000] {logging_mixin.py:188} INFO - [2025-09-13T03:24:22.794+0000] {dagbag.py:545} INFO - Filling up the DagBag from /opt/airflow/dags/DAG 1 QA y agregados de sismos.py
[2025-09-13T03:24:22.861+0000] {processor.py:840} INFO - DAG(s) 'dag_ejemplo_basico' retrieved from /opt/airflow/dags/DAG 1 QA y agregados de sismos.py
[2025-09-13T03:24:23.659+0000] {logging_mixin.py:188} INFO - [2025-09-13T03:24:23.656+0000] {dag.py:3096} INFO - Sync 1 DAGs
[2025-09-13T03:24:23.713+0000] {logging_mixin.py:188} INFO - [2025-09-13T03:24:23.713+0000] {dag.py:3954} INFO - Setting next_dagrun for dag_ejemplo_basico to None, run_after=None
[2025-09-13T03:24:23.803+0000] {processor.py:183} INFO - Processing /opt/airflow/dags/DAG 1 QA y agregados de sismos.py took 1.054 seconds
[2025-09-13T03:24:54.534+0000] {processor.py:161} INFO - Started process (PID=214) to work on /opt/airflow/dags/DAG 1 QA y agregados de sismos.py
[2025-09-13T03:24:54.537+0000] {processor.py:830} INFO - Processing file /opt/airflow/dags/DAG 1 QA y agregados de sismos.py for tasks to queue
[2025-09-13T03:24:54.541+0000] {logging_mixin.py:188} INFO - [2025-09-13T03:24:54.541+0000] {dagbag.py:545} INFO - Filling up the DagBag from /opt/airflow/dags/DAG 1 QA y agregados de sismos.py
[2025-09-13T03:24:54.561+0000] {processor.py:840} INFO - DAG(s) 'dag_ejemplo_basico' retrieved from /opt/airflow/dags/DAG 1 QA y agregados de sismos.py
[2025-09-13T03:24:54.618+0000] {logging_mixin.py:188} INFO - [2025-09-13T03:24:54.618+0000] {dag.py:3096} INFO - Sync 1 DAGs
[2025-09-13T03:24:54.637+0000] {logging_mixin.py:188} INFO - [2025-09-13T03:24:54.637+0000] {dag.py:3954} INFO - Setting next_dagrun for dag_ejemplo_basico to None, run_after=None
[2025-09-13T03:24:54.653+0000] {processor.py:183} INFO - Processing /opt/airflow/dags/DAG 1 QA y agregados de sismos.py took 0.129 seconds
[2025-09-13T03:25:25.273+0000] {processor.py:161} INFO - Started process (PID=230) to work on /opt/airflow/dags/DAG 1 QA y agregados de sismos.py
[2025-09-13T03:25:25.275+0000] {processor.py:830} INFO - Processing file /opt/airflow/dags/DAG 1 QA y agregados de sismos.py for tasks to queue
[2025-09-13T03:25:25.278+0000] {logging_mixin.py:188} INFO - [2025-09-13T03:25:25.277+0000] {dagbag.py:545} INFO - Filling up the DagBag from /opt/airflow/dags/DAG 1 QA y agregados de sismos.py
[2025-09-13T03:25:25.305+0000] {processor.py:840} INFO - DAG(s) 'dag_ejemplo_basico' retrieved from /opt/airflow/dags/DAG 1 QA y agregados de sismos.py
[2025-09-13T03:25:25.378+0000] {logging_mixin.py:188} INFO - [2025-09-13T03:25:25.378+0000] {dag.py:3096} INFO - Sync 1 DAGs
[2025-09-13T03:25:25.395+0000] {logging_mixin.py:188} INFO - [2025-09-13T03:25:25.395+0000] {dag.py:3954} INFO - Setting next_dagrun for dag_ejemplo_basico to None, run_after=None
[2025-09-13T03:25:25.417+0000] {processor.py:183} INFO - Processing /opt/airflow/dags/DAG 1 QA y agregados de sismos.py took 0.168 seconds
[2025-09-13T03:25:56.083+0000] {processor.py:161} INFO - Started process (PID=243) to work on /opt/airflow/dags/DAG 1 QA y agregados de sismos.py
[2025-09-13T03:25:56.088+0000] {processor.py:830} INFO - Processing file /opt/airflow/dags/DAG 1 QA y agregados de sismos.py for tasks to queue
[2025-09-13T03:25:56.091+0000] {logging_mixin.py:188} INFO - [2025-09-13T03:25:56.091+0000] {dagbag.py:545} INFO - Filling up the DagBag from /opt/airflow/dags/DAG 1 QA y agregados de sismos.py
[2025-09-13T03:25:56.121+0000] {processor.py:840} INFO - DAG(s) 'dag_ejemplo_basico' retrieved from /opt/airflow/dags/DAG 1 QA y agregados de sismos.py
[2025-09-13T03:25:56.194+0000] {logging_mixin.py:188} INFO - [2025-09-13T03:25:56.193+0000] {dag.py:3096} INFO - Sync 1 DAGs
[2025-09-13T03:25:56.245+0000] {logging_mixin.py:188} INFO - [2025-09-13T03:25:56.245+0000] {dag.py:3954} INFO - Setting next_dagrun for dag_ejemplo_basico to None, run_after=None
[2025-09-13T03:25:56.282+0000] {processor.py:183} INFO - Processing /opt/airflow/dags/DAG 1 QA y agregados de sismos.py took 0.226 seconds
[2025-09-13T03:26:26.728+0000] {processor.py:161} INFO - Started process (PID=260) to work on /opt/airflow/dags/DAG 1 QA y agregados de sismos.py
[2025-09-13T03:26:26.734+0000] {processor.py:830} INFO - Processing file /opt/airflow/dags/DAG 1 QA y agregados de sismos.py for tasks to queue
[2025-09-13T03:26:26.737+0000] {logging_mixin.py:188} INFO - [2025-09-13T03:26:26.736+0000] {dagbag.py:545} INFO - Filling up the DagBag from /opt/airflow/dags/DAG 1 QA y agregados de sismos.py
[2025-09-13T03:26:26.768+0000] {processor.py:840} INFO - DAG(s) 'dag_ejemplo_basico' retrieved from /opt/airflow/dags/DAG 1 QA y agregados de sismos.py
[2025-09-13T03:26:26.818+0000] {logging_mixin.py:188} INFO - [2025-09-13T03:26:26.818+0000] {dag.py:3096} INFO - Sync 1 DAGs
[2025-09-13T03:26:26.832+0000] {logging_mixin.py:188} INFO - [2025-09-13T03:26:26.832+0000] {dag.py:3954} INFO - Setting next_dagrun for dag_ejemplo_basico to None, run_after=None
[2025-09-13T03:26:26.851+0000] {processor.py:183} INFO - Processing /opt/airflow/dags/DAG 1 QA y agregados de sismos.py took 0.133 seconds
[2025-09-13T03:26:57.585+0000] {processor.py:161} INFO - Started process (PID=275) to work on /opt/airflow/dags/DAG 1 QA y agregados de sismos.py
[2025-09-13T03:26:57.587+0000] {processor.py:830} INFO - Processing file /opt/airflow/dags/DAG 1 QA y agregados de sismos.py for tasks to queue
[2025-09-13T03:26:57.591+0000] {logging_mixin.py:188} INFO - [2025-09-13T03:26:57.590+0000] {dagbag.py:545} INFO - Filling up the DagBag from /opt/airflow/dags/DAG 1 QA y agregados de sismos.py
[2025-09-13T03:26:57.609+0000] {processor.py:840} INFO - DAG(s) 'dag_ejemplo_basico' retrieved from /opt/airflow/dags/DAG 1 QA y agregados de sismos.py
[2025-09-13T03:26:57.652+0000] {logging_mixin.py:188} INFO - [2025-09-13T03:26:57.652+0000] {dag.py:3096} INFO - Sync 1 DAGs
[2025-09-13T03:26:57.674+0000] {logging_mixin.py:188} INFO - [2025-09-13T03:26:57.674+0000] {dag.py:3954} INFO - Setting next_dagrun for dag_ejemplo_basico to None, run_after=None
[2025-09-13T03:26:57.717+0000] {processor.py:183} INFO - Processing /opt/airflow/dags/DAG 1 QA y agregados de sismos.py took 0.140 seconds
[2025-09-13T03:27:28.469+0000] {processor.py:161} INFO - Started process (PID=290) to work on /opt/airflow/dags/DAG 1 QA y agregados de sismos.py
[2025-09-13T03:27:28.471+0000] {processor.py:830} INFO - Processing file /opt/airflow/dags/DAG 1 QA y agregados de sismos.py for tasks to queue
[2025-09-13T03:27:28.473+0000] {logging_mixin.py:188} INFO - [2025-09-13T03:27:28.473+0000] {dagbag.py:545} INFO - Filling up the DagBag from /opt/airflow/dags/DAG 1 QA y agregados de sismos.py
[2025-09-13T03:27:28.492+0000] {processor.py:840} INFO - DAG(s) 'dag_ejemplo_basico' retrieved from /opt/airflow/dags/DAG 1 QA y agregados de sismos.py
[2025-09-13T03:27:28.535+0000] {logging_mixin.py:188} INFO - [2025-09-13T03:27:28.534+0000] {dag.py:3096} INFO - Sync 1 DAGs
[2025-09-13T03:27:28.549+0000] {logging_mixin.py:188} INFO - [2025-09-13T03:27:28.549+0000] {dag.py:3954} INFO - Setting next_dagrun for dag_ejemplo_basico to None, run_after=None
[2025-09-13T03:27:28.566+0000] {processor.py:183} INFO - Processing /opt/airflow/dags/DAG 1 QA y agregados de sismos.py took 0.113 seconds
[2025-09-13T03:27:59.089+0000] {processor.py:161} INFO - Started process (PID=305) to work on /opt/airflow/dags/DAG 1 QA y agregados de sismos.py
[2025-09-13T03:27:59.091+0000] {processor.py:830} INFO - Processing file /opt/airflow/dags/DAG 1 QA y agregados de sismos.py for tasks to queue
[2025-09-13T03:27:59.094+0000] {logging_mixin.py:188} INFO - [2025-09-13T03:27:59.093+0000] {dagbag.py:545} INFO - Filling up the DagBag from /opt/airflow/dags/DAG 1 QA y agregados de sismos.py
[2025-09-13T03:27:59.118+0000] {processor.py:840} INFO - DAG(s) 'dag_ejemplo_basico' retrieved from /opt/airflow/dags/DAG 1 QA y agregados de sismos.py
[2025-09-13T03:27:59.169+0000] {logging_mixin.py:188} INFO - [2025-09-13T03:27:59.169+0000] {dag.py:3096} INFO - Sync 1 DAGs
[2025-09-13T03:27:59.187+0000] {logging_mixin.py:188} INFO - [2025-09-13T03:27:59.187+0000] {dag.py:3954} INFO - Setting next_dagrun for dag_ejemplo_basico to None, run_after=None
[2025-09-13T03:27:59.201+0000] {processor.py:183} INFO - Processing /opt/airflow/dags/DAG 1 QA y agregados de sismos.py took 0.121 seconds
[2025-09-13T03:28:30.182+0000] {processor.py:161} INFO - Started process (PID=319) to work on /opt/airflow/dags/DAG 1 QA y agregados de sismos.py
[2025-09-13T03:28:30.188+0000] {processor.py:830} INFO - Processing file /opt/airflow/dags/DAG 1 QA y agregados de sismos.py for tasks to queue
[2025-09-13T03:28:30.205+0000] {logging_mixin.py:188} INFO - [2025-09-13T03:28:30.203+0000] {dagbag.py:545} INFO - Filling up the DagBag from /opt/airflow/dags/DAG 1 QA y agregados de sismos.py
[2025-09-13T03:28:30.324+0000] {processor.py:840} INFO - DAG(s) 'dag_ejemplo_basico' retrieved from /opt/airflow/dags/DAG 1 QA y agregados de sismos.py
[2025-09-13T03:28:30.452+0000] {logging_mixin.py:188} INFO - [2025-09-13T03:28:30.451+0000] {dag.py:3096} INFO - Sync 1 DAGs
[2025-09-13T03:28:30.476+0000] {logging_mixin.py:188} INFO - [2025-09-13T03:28:30.476+0000] {dag.py:3954} INFO - Setting next_dagrun for dag_ejemplo_basico to None, run_after=None
[2025-09-13T03:28:30.503+0000] {processor.py:183} INFO - Processing /opt/airflow/dags/DAG 1 QA y agregados de sismos.py took 0.379 seconds
[2025-09-13T03:29:00.969+0000] {processor.py:161} INFO - Started process (PID=333) to work on /opt/airflow/dags/DAG 1 QA y agregados de sismos.py
[2025-09-13T03:29:00.972+0000] {processor.py:830} INFO - Processing file /opt/airflow/dags/DAG 1 QA y agregados de sismos.py for tasks to queue
[2025-09-13T03:29:00.983+0000] {logging_mixin.py:188} INFO - [2025-09-13T03:29:00.982+0000] {dagbag.py:545} INFO - Filling up the DagBag from /opt/airflow/dags/DAG 1 QA y agregados de sismos.py
[2025-09-13T03:29:01.014+0000] {processor.py:840} INFO - DAG(s) 'dag_ejemplo_basico' retrieved from /opt/airflow/dags/DAG 1 QA y agregados de sismos.py
[2025-09-13T03:29:01.090+0000] {logging_mixin.py:188} INFO - [2025-09-13T03:29:01.089+0000] {dag.py:3096} INFO - Sync 1 DAGs
[2025-09-13T03:29:01.317+0000] {logging_mixin.py:188} INFO - [2025-09-13T03:29:01.310+0000] {dag.py:3954} INFO - Setting next_dagrun for dag_ejemplo_basico to None, run_after=None
[2025-09-13T03:29:01.488+0000] {processor.py:183} INFO - Processing /opt/airflow/dags/DAG 1 QA y agregados de sismos.py took 0.560 seconds
[2025-09-13T03:29:32.174+0000] {processor.py:161} INFO - Started process (PID=349) to work on /opt/airflow/dags/DAG 1 QA y agregados de sismos.py
[2025-09-13T03:29:32.185+0000] {processor.py:830} INFO - Processing file /opt/airflow/dags/DAG 1 QA y agregados de sismos.py for tasks to queue
[2025-09-13T03:29:32.199+0000] {logging_mixin.py:188} INFO - [2025-09-13T03:29:32.199+0000] {dagbag.py:545} INFO - Filling up the DagBag from /opt/airflow/dags/DAG 1 QA y agregados de sismos.py
[2025-09-13T03:29:32.272+0000] {processor.py:840} INFO - DAG(s) 'dag_ejemplo_basico' retrieved from /opt/airflow/dags/DAG 1 QA y agregados de sismos.py
[2025-09-13T03:29:32.386+0000] {logging_mixin.py:188} INFO - [2025-09-13T03:29:32.386+0000] {dag.py:3096} INFO - Sync 1 DAGs
[2025-09-13T03:29:32.418+0000] {logging_mixin.py:188} INFO - [2025-09-13T03:29:32.418+0000] {dag.py:3954} INFO - Setting next_dagrun for dag_ejemplo_basico to None, run_after=None
[2025-09-13T03:29:32.493+0000] {processor.py:183} INFO - Processing /opt/airflow/dags/DAG 1 QA y agregados de sismos.py took 0.351 seconds
[2025-09-13T03:30:02.992+0000] {processor.py:161} INFO - Started process (PID=365) to work on /opt/airflow/dags/DAG 1 QA y agregados de sismos.py
[2025-09-13T03:30:02.993+0000] {processor.py:830} INFO - Processing file /opt/airflow/dags/DAG 1 QA y agregados de sismos.py for tasks to queue
[2025-09-13T03:30:02.997+0000] {logging_mixin.py:188} INFO - [2025-09-13T03:30:02.996+0000] {dagbag.py:545} INFO - Filling up the DagBag from /opt/airflow/dags/DAG 1 QA y agregados de sismos.py
[2025-09-13T03:30:03.014+0000] {processor.py:840} INFO - DAG(s) 'dag_ejemplo_basico' retrieved from /opt/airflow/dags/DAG 1 QA y agregados de sismos.py
[2025-09-13T03:30:03.053+0000] {logging_mixin.py:188} INFO - [2025-09-13T03:30:03.053+0000] {dag.py:3096} INFO - Sync 1 DAGs
[2025-09-13T03:30:03.067+0000] {logging_mixin.py:188} INFO - [2025-09-13T03:30:03.067+0000] {dag.py:3954} INFO - Setting next_dagrun for dag_ejemplo_basico to None, run_after=None
[2025-09-13T03:30:03.085+0000] {processor.py:183} INFO - Processing /opt/airflow/dags/DAG 1 QA y agregados de sismos.py took 0.098 seconds
[2025-09-13T03:30:33.702+0000] {processor.py:161} INFO - Started process (PID=379) to work on /opt/airflow/dags/DAG 1 QA y agregados de sismos.py
[2025-09-13T03:30:33.704+0000] {processor.py:830} INFO - Processing file /opt/airflow/dags/DAG 1 QA y agregados de sismos.py for tasks to queue
[2025-09-13T03:30:33.709+0000] {logging_mixin.py:188} INFO - [2025-09-13T03:30:33.709+0000] {dagbag.py:545} INFO - Filling up the DagBag from /opt/airflow/dags/DAG 1 QA y agregados de sismos.py
[2025-09-13T03:30:33.731+0000] {processor.py:840} INFO - DAG(s) 'dag_ejemplo_basico' retrieved from /opt/airflow/dags/DAG 1 QA y agregados de sismos.py
[2025-09-13T03:30:33.783+0000] {logging_mixin.py:188} INFO - [2025-09-13T03:30:33.783+0000] {dag.py:3096} INFO - Sync 1 DAGs
[2025-09-13T03:30:33.801+0000] {logging_mixin.py:188} INFO - [2025-09-13T03:30:33.801+0000] {dag.py:3954} INFO - Setting next_dagrun for dag_ejemplo_basico to None, run_after=None
[2025-09-13T03:30:33.816+0000] {processor.py:183} INFO - Processing /opt/airflow/dags/DAG 1 QA y agregados de sismos.py took 0.139 seconds
[2025-09-13T03:31:04.550+0000] {processor.py:161} INFO - Started process (PID=395) to work on /opt/airflow/dags/DAG 1 QA y agregados de sismos.py
[2025-09-13T03:31:04.552+0000] {processor.py:830} INFO - Processing file /opt/airflow/dags/DAG 1 QA y agregados de sismos.py for tasks to queue
[2025-09-13T03:31:04.558+0000] {logging_mixin.py:188} INFO - [2025-09-13T03:31:04.557+0000] {dagbag.py:545} INFO - Filling up the DagBag from /opt/airflow/dags/DAG 1 QA y agregados de sismos.py
[2025-09-13T03:31:04.582+0000] {processor.py:840} INFO - DAG(s) 'dag_ejemplo_basico' retrieved from /opt/airflow/dags/DAG 1 QA y agregados de sismos.py
[2025-09-13T03:31:04.651+0000] {logging_mixin.py:188} INFO - [2025-09-13T03:31:04.651+0000] {dag.py:3096} INFO - Sync 1 DAGs
[2025-09-13T03:31:04.666+0000] {logging_mixin.py:188} INFO - [2025-09-13T03:31:04.666+0000] {dag.py:3954} INFO - Setting next_dagrun for dag_ejemplo_basico to None, run_after=None
[2025-09-13T03:31:04.683+0000] {processor.py:183} INFO - Processing /opt/airflow/dags/DAG 1 QA y agregados de sismos.py took 0.146 seconds
[2025-09-13T03:31:35.548+0000] {processor.py:161} INFO - Started process (PID=410) to work on /opt/airflow/dags/DAG 1 QA y agregados de sismos.py
[2025-09-13T03:31:35.549+0000] {processor.py:830} INFO - Processing file /opt/airflow/dags/DAG 1 QA y agregados de sismos.py for tasks to queue
[2025-09-13T03:31:35.554+0000] {logging_mixin.py:188} INFO - [2025-09-13T03:31:35.554+0000] {dagbag.py:545} INFO - Filling up the DagBag from /opt/airflow/dags/DAG 1 QA y agregados de sismos.py
[2025-09-13T03:31:35.592+0000] {processor.py:840} INFO - DAG(s) 'dag_ejemplo_basico' retrieved from /opt/airflow/dags/DAG 1 QA y agregados de sismos.py
[2025-09-13T03:31:35.674+0000] {logging_mixin.py:188} INFO - [2025-09-13T03:31:35.673+0000] {dag.py:3096} INFO - Sync 1 DAGs
[2025-09-13T03:31:35.712+0000] {logging_mixin.py:188} INFO - [2025-09-13T03:31:35.712+0000] {dag.py:3954} INFO - Setting next_dagrun for dag_ejemplo_basico to None, run_after=None
[2025-09-13T03:31:35.748+0000] {processor.py:183} INFO - Processing /opt/airflow/dags/DAG 1 QA y agregados de sismos.py took 0.217 seconds
[2025-09-13T03:32:06.203+0000] {processor.py:161} INFO - Started process (PID=425) to work on /opt/airflow/dags/DAG 1 QA y agregados de sismos.py
[2025-09-13T03:32:06.205+0000] {processor.py:830} INFO - Processing file /opt/airflow/dags/DAG 1 QA y agregados de sismos.py for tasks to queue
[2025-09-13T03:32:06.213+0000] {logging_mixin.py:188} INFO - [2025-09-13T03:32:06.212+0000] {dagbag.py:545} INFO - Filling up the DagBag from /opt/airflow/dags/DAG 1 QA y agregados de sismos.py
[2025-09-13T03:32:06.232+0000] {processor.py:840} INFO - DAG(s) 'dag_ejemplo_basico' retrieved from /opt/airflow/dags/DAG 1 QA y agregados de sismos.py
[2025-09-13T03:32:06.273+0000] {logging_mixin.py:188} INFO - [2025-09-13T03:32:06.273+0000] {dag.py:3096} INFO - Sync 1 DAGs
[2025-09-13T03:32:06.286+0000] {logging_mixin.py:188} INFO - [2025-09-13T03:32:06.286+0000] {dag.py:3954} INFO - Setting next_dagrun for dag_ejemplo_basico to None, run_after=None
[2025-09-13T03:32:06.302+0000] {processor.py:183} INFO - Processing /opt/airflow/dags/DAG 1 QA y agregados de sismos.py took 0.108 seconds
[2025-09-13T03:32:36.763+0000] {processor.py:161} INFO - Started process (PID=440) to work on /opt/airflow/dags/DAG 1 QA y agregados de sismos.py
[2025-09-13T03:32:36.767+0000] {processor.py:830} INFO - Processing file /opt/airflow/dags/DAG 1 QA y agregados de sismos.py for tasks to queue
[2025-09-13T03:32:36.769+0000] {logging_mixin.py:188} INFO - [2025-09-13T03:32:36.769+0000] {dagbag.py:545} INFO - Filling up the DagBag from /opt/airflow/dags/DAG 1 QA y agregados de sismos.py
[2025-09-13T03:32:36.789+0000] {processor.py:840} INFO - DAG(s) 'dag_ejemplo_basico' retrieved from /opt/airflow/dags/DAG 1 QA y agregados de sismos.py
[2025-09-13T03:32:36.833+0000] {logging_mixin.py:188} INFO - [2025-09-13T03:32:36.833+0000] {dag.py:3096} INFO - Sync 1 DAGs
[2025-09-13T03:32:36.848+0000] {logging_mixin.py:188} INFO - [2025-09-13T03:32:36.848+0000] {dag.py:3954} INFO - Setting next_dagrun for dag_ejemplo_basico to None, run_after=None
[2025-09-13T03:32:36.861+0000] {processor.py:183} INFO - Processing /opt/airflow/dags/DAG 1 QA y agregados de sismos.py took 0.104 seconds
[2025-09-13T03:33:07.291+0000] {processor.py:161} INFO - Started process (PID=455) to work on /opt/airflow/dags/DAG 1 QA y agregados de sismos.py
[2025-09-13T03:33:07.293+0000] {processor.py:830} INFO - Processing file /opt/airflow/dags/DAG 1 QA y agregados de sismos.py for tasks to queue
[2025-09-13T03:33:07.294+0000] {logging_mixin.py:188} INFO - [2025-09-13T03:33:07.294+0000] {dagbag.py:545} INFO - Filling up the DagBag from /opt/airflow/dags/DAG 1 QA y agregados de sismos.py
[2025-09-13T03:33:07.312+0000] {processor.py:840} INFO - DAG(s) 'dag_ejemplo_basico' retrieved from /opt/airflow/dags/DAG 1 QA y agregados de sismos.py
[2025-09-13T03:33:07.350+0000] {logging_mixin.py:188} INFO - [2025-09-13T03:33:07.349+0000] {dag.py:3096} INFO - Sync 1 DAGs
[2025-09-13T03:33:07.363+0000] {logging_mixin.py:188} INFO - [2025-09-13T03:33:07.363+0000] {dag.py:3954} INFO - Setting next_dagrun for dag_ejemplo_basico to None, run_after=None
[2025-09-13T03:33:07.376+0000] {processor.py:183} INFO - Processing /opt/airflow/dags/DAG 1 QA y agregados de sismos.py took 0.095 seconds
[2025-09-13T03:33:37.744+0000] {processor.py:161} INFO - Started process (PID=470) to work on /opt/airflow/dags/DAG 1 QA y agregados de sismos.py
[2025-09-13T03:33:37.746+0000] {processor.py:830} INFO - Processing file /opt/airflow/dags/DAG 1 QA y agregados de sismos.py for tasks to queue
[2025-09-13T03:33:37.749+0000] {logging_mixin.py:188} INFO - [2025-09-13T03:33:37.749+0000] {dagbag.py:545} INFO - Filling up the DagBag from /opt/airflow/dags/DAG 1 QA y agregados de sismos.py
[2025-09-13T03:33:37.768+0000] {processor.py:840} INFO - DAG(s) 'dag_ejemplo_basico' retrieved from /opt/airflow/dags/DAG 1 QA y agregados de sismos.py
[2025-09-13T03:33:37.806+0000] {logging_mixin.py:188} INFO - [2025-09-13T03:33:37.806+0000] {dag.py:3096} INFO - Sync 1 DAGs
[2025-09-13T03:33:37.823+0000] {logging_mixin.py:188} INFO - [2025-09-13T03:33:37.822+0000] {dag.py:3954} INFO - Setting next_dagrun for dag_ejemplo_basico to None, run_after=None
[2025-09-13T03:33:37.833+0000] {processor.py:183} INFO - Processing /opt/airflow/dags/DAG 1 QA y agregados de sismos.py took 0.100 seconds
[2025-09-13T03:34:08.238+0000] {processor.py:161} INFO - Started process (PID=483) to work on /opt/airflow/dags/DAG 1 QA y agregados de sismos.py
[2025-09-13T03:34:08.239+0000] {processor.py:830} INFO - Processing file /opt/airflow/dags/DAG 1 QA y agregados de sismos.py for tasks to queue
[2025-09-13T03:34:08.247+0000] {logging_mixin.py:188} INFO - [2025-09-13T03:34:08.246+0000] {dagbag.py:545} INFO - Filling up the DagBag from /opt/airflow/dags/DAG 1 QA y agregados de sismos.py
[2025-09-13T03:34:08.265+0000] {processor.py:840} INFO - DAG(s) 'dag_ejemplo_basico' retrieved from /opt/airflow/dags/DAG 1 QA y agregados de sismos.py
[2025-09-13T03:34:08.306+0000] {logging_mixin.py:188} INFO - [2025-09-13T03:34:08.306+0000] {dag.py:3096} INFO - Sync 1 DAGs
[2025-09-13T03:34:08.315+0000] {logging_mixin.py:188} INFO - [2025-09-13T03:34:08.315+0000] {dag.py:3954} INFO - Setting next_dagrun for dag_ejemplo_basico to None, run_after=None
[2025-09-13T03:34:08.331+0000] {processor.py:183} INFO - Processing /opt/airflow/dags/DAG 1 QA y agregados de sismos.py took 0.105 seconds
[2025-09-13T03:34:38.650+0000] {processor.py:161} INFO - Started process (PID=499) to work on /opt/airflow/dags/DAG 1 QA y agregados de sismos.py
[2025-09-13T03:34:38.651+0000] {processor.py:830} INFO - Processing file /opt/airflow/dags/DAG 1 QA y agregados de sismos.py for tasks to queue
[2025-09-13T03:34:38.656+0000] {logging_mixin.py:188} INFO - [2025-09-13T03:34:38.655+0000] {dagbag.py:545} INFO - Filling up the DagBag from /opt/airflow/dags/DAG 1 QA y agregados de sismos.py
[2025-09-13T03:34:38.676+0000] {processor.py:840} INFO - DAG(s) 'dag_ejemplo_basico' retrieved from /opt/airflow/dags/DAG 1 QA y agregados de sismos.py
[2025-09-13T03:34:38.710+0000] {logging_mixin.py:188} INFO - [2025-09-13T03:34:38.710+0000] {dag.py:3096} INFO - Sync 1 DAGs
[2025-09-13T03:34:38.724+0000] {logging_mixin.py:188} INFO - [2025-09-13T03:34:38.724+0000] {dag.py:3954} INFO - Setting next_dagrun for dag_ejemplo_basico to None, run_after=None
[2025-09-13T03:34:38.738+0000] {processor.py:183} INFO - Processing /opt/airflow/dags/DAG 1 QA y agregados de sismos.py took 0.095 seconds
[2025-09-13T03:35:09.086+0000] {processor.py:161} INFO - Started process (PID=514) to work on /opt/airflow/dags/DAG 1 QA y agregados de sismos.py
[2025-09-13T03:35:09.088+0000] {processor.py:830} INFO - Processing file /opt/airflow/dags/DAG 1 QA y agregados de sismos.py for tasks to queue
[2025-09-13T03:35:09.093+0000] {logging_mixin.py:188} INFO - [2025-09-13T03:35:09.093+0000] {dagbag.py:545} INFO - Filling up the DagBag from /opt/airflow/dags/DAG 1 QA y agregados de sismos.py
[2025-09-13T03:35:09.116+0000] {processor.py:840} INFO - DAG(s) 'dag_ejemplo_basico' retrieved from /opt/airflow/dags/DAG 1 QA y agregados de sismos.py
[2025-09-13T03:35:09.192+0000] {logging_mixin.py:188} INFO - [2025-09-13T03:35:09.191+0000] {dag.py:3096} INFO - Sync 1 DAGs
[2025-09-13T03:35:09.211+0000] {logging_mixin.py:188} INFO - [2025-09-13T03:35:09.210+0000] {dag.py:3954} INFO - Setting next_dagrun for dag_ejemplo_basico to None, run_after=None
[2025-09-13T03:35:09.225+0000] {processor.py:183} INFO - Processing /opt/airflow/dags/DAG 1 QA y agregados de sismos.py took 0.156 seconds
[2025-09-13T03:35:39.553+0000] {processor.py:161} INFO - Started process (PID=529) to work on /opt/airflow/dags/DAG 1 QA y agregados de sismos.py
[2025-09-13T03:35:39.555+0000] {processor.py:830} INFO - Processing file /opt/airflow/dags/DAG 1 QA y agregados de sismos.py for tasks to queue
[2025-09-13T03:35:39.562+0000] {logging_mixin.py:188} INFO - [2025-09-13T03:35:39.562+0000] {dagbag.py:545} INFO - Filling up the DagBag from /opt/airflow/dags/DAG 1 QA y agregados de sismos.py
[2025-09-13T03:35:39.580+0000] {processor.py:840} INFO - DAG(s) 'dag_ejemplo_basico' retrieved from /opt/airflow/dags/DAG 1 QA y agregados de sismos.py
[2025-09-13T03:35:39.621+0000] {logging_mixin.py:188} INFO - [2025-09-13T03:35:39.620+0000] {dag.py:3096} INFO - Sync 1 DAGs
[2025-09-13T03:35:39.632+0000] {logging_mixin.py:188} INFO - [2025-09-13T03:35:39.631+0000] {dag.py:3954} INFO - Setting next_dagrun for dag_ejemplo_basico to None, run_after=None
[2025-09-13T03:35:39.649+0000] {processor.py:183} INFO - Processing /opt/airflow/dags/DAG 1 QA y agregados de sismos.py took 0.110 seconds
[2025-09-13T03:36:09.968+0000] {processor.py:161} INFO - Started process (PID=545) to work on /opt/airflow/dags/DAG 1 QA y agregados de sismos.py
[2025-09-13T03:36:09.971+0000] {processor.py:830} INFO - Processing file /opt/airflow/dags/DAG 1 QA y agregados de sismos.py for tasks to queue
[2025-09-13T03:36:09.974+0000] {logging_mixin.py:188} INFO - [2025-09-13T03:36:09.973+0000] {dagbag.py:545} INFO - Filling up the DagBag from /opt/airflow/dags/DAG 1 QA y agregados de sismos.py
[2025-09-13T03:36:09.992+0000] {processor.py:840} INFO - DAG(s) 'dag_ejemplo_basico' retrieved from /opt/airflow/dags/DAG 1 QA y agregados de sismos.py
[2025-09-13T03:36:10.028+0000] {logging_mixin.py:188} INFO - [2025-09-13T03:36:10.027+0000] {dag.py:3096} INFO - Sync 1 DAGs
[2025-09-13T03:36:10.039+0000] {logging_mixin.py:188} INFO - [2025-09-13T03:36:10.039+0000] {dag.py:3954} INFO - Setting next_dagrun for dag_ejemplo_basico to None, run_after=None
[2025-09-13T03:36:10.053+0000] {processor.py:183} INFO - Processing /opt/airflow/dags/DAG 1 QA y agregados de sismos.py took 0.095 seconds
[2025-09-13T03:36:40.501+0000] {processor.py:161} INFO - Started process (PID=559) to work on /opt/airflow/dags/DAG 1 QA y agregados de sismos.py
[2025-09-13T03:36:40.503+0000] {processor.py:830} INFO - Processing file /opt/airflow/dags/DAG 1 QA y agregados de sismos.py for tasks to queue
[2025-09-13T03:36:40.507+0000] {logging_mixin.py:188} INFO - [2025-09-13T03:36:40.506+0000] {dagbag.py:545} INFO - Filling up the DagBag from /opt/airflow/dags/DAG 1 QA y agregados de sismos.py
[2025-09-13T03:36:40.525+0000] {processor.py:840} INFO - DAG(s) 'dag_ejemplo_basico' retrieved from /opt/airflow/dags/DAG 1 QA y agregados de sismos.py
[2025-09-13T03:36:40.562+0000] {logging_mixin.py:188} INFO - [2025-09-13T03:36:40.562+0000] {dag.py:3096} INFO - Sync 1 DAGs
[2025-09-13T03:36:40.576+0000] {logging_mixin.py:188} INFO - [2025-09-13T03:36:40.575+0000] {dag.py:3954} INFO - Setting next_dagrun for dag_ejemplo_basico to None, run_after=None
[2025-09-13T03:36:40.589+0000] {processor.py:183} INFO - Processing /opt/airflow/dags/DAG 1 QA y agregados de sismos.py took 0.099 seconds
[2025-09-13T03:37:11.070+0000] {processor.py:161} INFO - Started process (PID=575) to work on /opt/airflow/dags/DAG 1 QA y agregados de sismos.py
[2025-09-13T03:37:11.074+0000] {processor.py:830} INFO - Processing file /opt/airflow/dags/DAG 1 QA y agregados de sismos.py for tasks to queue
[2025-09-13T03:37:11.077+0000] {logging_mixin.py:188} INFO - [2025-09-13T03:37:11.077+0000] {dagbag.py:545} INFO - Filling up the DagBag from /opt/airflow/dags/DAG 1 QA y agregados de sismos.py
[2025-09-13T03:37:11.096+0000] {processor.py:840} INFO - DAG(s) 'dag_ejemplo_basico' retrieved from /opt/airflow/dags/DAG 1 QA y agregados de sismos.py
[2025-09-13T03:37:11.141+0000] {logging_mixin.py:188} INFO - [2025-09-13T03:37:11.141+0000] {dag.py:3096} INFO - Sync 1 DAGs
[2025-09-13T03:37:11.152+0000] {logging_mixin.py:188} INFO - [2025-09-13T03:37:11.151+0000] {dag.py:3954} INFO - Setting next_dagrun for dag_ejemplo_basico to None, run_after=None
[2025-09-13T03:37:11.166+0000] {processor.py:183} INFO - Processing /opt/airflow/dags/DAG 1 QA y agregados de sismos.py took 0.104 seconds
[2025-09-13T03:37:41.650+0000] {processor.py:161} INFO - Started process (PID=590) to work on /opt/airflow/dags/DAG 1 QA y agregados de sismos.py
[2025-09-13T03:37:41.652+0000] {processor.py:830} INFO - Processing file /opt/airflow/dags/DAG 1 QA y agregados de sismos.py for tasks to queue
[2025-09-13T03:37:41.656+0000] {logging_mixin.py:188} INFO - [2025-09-13T03:37:41.655+0000] {dagbag.py:545} INFO - Filling up the DagBag from /opt/airflow/dags/DAG 1 QA y agregados de sismos.py
[2025-09-13T03:37:41.673+0000] {processor.py:840} INFO - DAG(s) 'dag_ejemplo_basico' retrieved from /opt/airflow/dags/DAG 1 QA y agregados de sismos.py
[2025-09-13T03:37:41.716+0000] {logging_mixin.py:188} INFO - [2025-09-13T03:37:41.716+0000] {dag.py:3096} INFO - Sync 1 DAGs
[2025-09-13T03:37:41.729+0000] {logging_mixin.py:188} INFO - [2025-09-13T03:37:41.729+0000] {dag.py:3954} INFO - Setting next_dagrun for dag_ejemplo_basico to None, run_after=None
[2025-09-13T03:37:41.746+0000] {processor.py:183} INFO - Processing /opt/airflow/dags/DAG 1 QA y agregados de sismos.py took 0.106 seconds
[2025-09-13T03:38:12.301+0000] {processor.py:161} INFO - Started process (PID=609) to work on /opt/airflow/dags/DAG 1 QA y agregados de sismos.py
[2025-09-13T03:38:12.304+0000] {processor.py:830} INFO - Processing file /opt/airflow/dags/DAG 1 QA y agregados de sismos.py for tasks to queue
[2025-09-13T03:38:12.308+0000] {logging_mixin.py:188} INFO - [2025-09-13T03:38:12.308+0000] {dagbag.py:545} INFO - Filling up the DagBag from /opt/airflow/dags/DAG 1 QA y agregados de sismos.py
[2025-09-13T03:38:12.326+0000] {processor.py:840} INFO - DAG(s) 'dag_ejemplo_basico' retrieved from /opt/airflow/dags/DAG 1 QA y agregados de sismos.py
[2025-09-13T03:38:12.356+0000] {logging_mixin.py:188} INFO - [2025-09-13T03:38:12.356+0000] {dag.py:3096} INFO - Sync 1 DAGs
[2025-09-13T03:38:12.366+0000] {logging_mixin.py:188} INFO - [2025-09-13T03:38:12.366+0000] {dag.py:3954} INFO - Setting next_dagrun for dag_ejemplo_basico to None, run_after=None
[2025-09-13T03:38:12.378+0000] {processor.py:183} INFO - Processing /opt/airflow/dags/DAG 1 QA y agregados de sismos.py took 0.087 seconds
[2025-09-13T03:39:03.477+0000] {processor.py:161} INFO - Started process (PID=191) to work on /opt/airflow/dags/DAG 1 QA y agregados de sismos.py
[2025-09-13T03:39:03.478+0000] {processor.py:830} INFO - Processing file /opt/airflow/dags/DAG 1 QA y agregados de sismos.py for tasks to queue
[2025-09-13T03:39:03.479+0000] {logging_mixin.py:188} INFO - [2025-09-13T03:39:03.479+0000] {dagbag.py:545} INFO - Filling up the DagBag from /opt/airflow/dags/DAG 1 QA y agregados de sismos.py
[2025-09-13T03:39:03.484+0000] {processor.py:840} INFO - DAG(s) 'dag_ejemplo_basico' retrieved from /opt/airflow/dags/DAG 1 QA y agregados de sismos.py
[2025-09-13T03:39:03.499+0000] {logging_mixin.py:188} INFO - [2025-09-13T03:39:03.499+0000] {dag.py:3096} INFO - Sync 1 DAGs
[2025-09-13T03:39:03.505+0000] {logging_mixin.py:188} INFO - [2025-09-13T03:39:03.504+0000] {dag.py:3954} INFO - Setting next_dagrun for dag_ejemplo_basico to None, run_after=None
[2025-09-13T03:39:03.514+0000] {processor.py:183} INFO - Processing /opt/airflow/dags/DAG 1 QA y agregados de sismos.py took 0.042 seconds
[2025-09-13T03:39:33.988+0000] {processor.py:161} INFO - Started process (PID=206) to work on /opt/airflow/dags/DAG 1 QA y agregados de sismos.py
[2025-09-13T03:39:33.988+0000] {processor.py:830} INFO - Processing file /opt/airflow/dags/DAG 1 QA y agregados de sismos.py for tasks to queue
[2025-09-13T03:39:33.989+0000] {logging_mixin.py:188} INFO - [2025-09-13T03:39:33.989+0000] {dagbag.py:545} INFO - Filling up the DagBag from /opt/airflow/dags/DAG 1 QA y agregados de sismos.py
[2025-09-13T03:39:33.996+0000] {processor.py:840} INFO - DAG(s) 'dag_ejemplo_basico' retrieved from /opt/airflow/dags/DAG 1 QA y agregados de sismos.py
[2025-09-13T03:39:34.009+0000] {logging_mixin.py:188} INFO - [2025-09-13T03:39:34.009+0000] {dag.py:3096} INFO - Sync 1 DAGs
[2025-09-13T03:39:34.015+0000] {logging_mixin.py:188} INFO - [2025-09-13T03:39:34.015+0000] {dag.py:3954} INFO - Setting next_dagrun for dag_ejemplo_basico to None, run_after=None
[2025-09-13T03:39:34.023+0000] {processor.py:183} INFO - Processing /opt/airflow/dags/DAG 1 QA y agregados de sismos.py took 0.038 seconds
[2025-09-13T03:40:04.795+0000] {processor.py:161} INFO - Started process (PID=221) to work on /opt/airflow/dags/DAG 1 QA y agregados de sismos.py
[2025-09-13T03:40:04.795+0000] {processor.py:830} INFO - Processing file /opt/airflow/dags/DAG 1 QA y agregados de sismos.py for tasks to queue
[2025-09-13T03:40:04.796+0000] {logging_mixin.py:188} INFO - [2025-09-13T03:40:04.796+0000] {dagbag.py:545} INFO - Filling up the DagBag from /opt/airflow/dags/DAG 1 QA y agregados de sismos.py
[2025-09-13T03:40:04.802+0000] {processor.py:840} INFO - DAG(s) 'dag_ejemplo_basico' retrieved from /opt/airflow/dags/DAG 1 QA y agregados de sismos.py
[2025-09-13T03:40:04.855+0000] {logging_mixin.py:188} INFO - [2025-09-13T03:40:04.854+0000] {dag.py:3096} INFO - Sync 1 DAGs
[2025-09-13T03:40:04.894+0000] {logging_mixin.py:188} INFO - [2025-09-13T03:40:04.894+0000] {dag.py:3954} INFO - Setting next_dagrun for dag_ejemplo_basico to None, run_after=None
[2025-09-13T03:40:04.904+0000] {processor.py:183} INFO - Processing /opt/airflow/dags/DAG 1 QA y agregados de sismos.py took 0.115 seconds
[2025-09-13T03:40:35.743+0000] {processor.py:161} INFO - Started process (PID=236) to work on /opt/airflow/dags/DAG 1 QA y agregados de sismos.py
[2025-09-13T03:40:35.745+0000] {processor.py:830} INFO - Processing file /opt/airflow/dags/DAG 1 QA y agregados de sismos.py for tasks to queue
[2025-09-13T03:40:35.749+0000] {logging_mixin.py:188} INFO - [2025-09-13T03:40:35.748+0000] {dagbag.py:545} INFO - Filling up the DagBag from /opt/airflow/dags/DAG 1 QA y agregados de sismos.py
[2025-09-13T03:40:35.762+0000] {processor.py:840} INFO - DAG(s) 'dag_ejemplo_basico' retrieved from /opt/airflow/dags/DAG 1 QA y agregados de sismos.py
[2025-09-13T03:40:35.785+0000] {logging_mixin.py:188} INFO - [2025-09-13T03:40:35.784+0000] {dag.py:3096} INFO - Sync 1 DAGs
[2025-09-13T03:40:35.792+0000] {logging_mixin.py:188} INFO - [2025-09-13T03:40:35.792+0000] {dag.py:3954} INFO - Setting next_dagrun for dag_ejemplo_basico to None, run_after=None
[2025-09-13T03:40:35.801+0000] {processor.py:183} INFO - Processing /opt/airflow/dags/DAG 1 QA y agregados de sismos.py took 0.075 seconds
[2025-09-13T03:41:06.506+0000] {processor.py:161} INFO - Started process (PID=251) to work on /opt/airflow/dags/DAG 1 QA y agregados de sismos.py
[2025-09-13T03:41:06.507+0000] {processor.py:830} INFO - Processing file /opt/airflow/dags/DAG 1 QA y agregados de sismos.py for tasks to queue
[2025-09-13T03:41:06.508+0000] {logging_mixin.py:188} INFO - [2025-09-13T03:41:06.508+0000] {dagbag.py:545} INFO - Filling up the DagBag from /opt/airflow/dags/DAG 1 QA y agregados de sismos.py
[2025-09-13T03:41:06.513+0000] {processor.py:840} INFO - DAG(s) 'dag_ejemplo_basico' retrieved from /opt/airflow/dags/DAG 1 QA y agregados de sismos.py
[2025-09-13T03:41:06.525+0000] {logging_mixin.py:188} INFO - [2025-09-13T03:41:06.525+0000] {dag.py:3096} INFO - Sync 1 DAGs
[2025-09-13T03:41:06.530+0000] {logging_mixin.py:188} INFO - [2025-09-13T03:41:06.530+0000] {dag.py:3954} INFO - Setting next_dagrun for dag_ejemplo_basico to None, run_after=None
[2025-09-13T03:41:06.537+0000] {processor.py:183} INFO - Processing /opt/airflow/dags/DAG 1 QA y agregados de sismos.py took 0.033 seconds
[2025-09-13T03:41:37.215+0000] {processor.py:161} INFO - Started process (PID=266) to work on /opt/airflow/dags/DAG 1 QA y agregados de sismos.py
[2025-09-13T03:41:37.215+0000] {processor.py:830} INFO - Processing file /opt/airflow/dags/DAG 1 QA y agregados de sismos.py for tasks to queue
[2025-09-13T03:41:37.217+0000] {logging_mixin.py:188} INFO - [2025-09-13T03:41:37.216+0000] {dagbag.py:545} INFO - Filling up the DagBag from /opt/airflow/dags/DAG 1 QA y agregados de sismos.py
[2025-09-13T03:41:37.222+0000] {processor.py:840} INFO - DAG(s) 'dag_ejemplo_basico' retrieved from /opt/airflow/dags/DAG 1 QA y agregados de sismos.py
[2025-09-13T03:41:37.236+0000] {logging_mixin.py:188} INFO - [2025-09-13T03:41:37.236+0000] {dag.py:3096} INFO - Sync 1 DAGs
[2025-09-13T03:41:37.242+0000] {logging_mixin.py:188} INFO - [2025-09-13T03:41:37.242+0000] {dag.py:3954} INFO - Setting next_dagrun for dag_ejemplo_basico to None, run_after=None
[2025-09-13T03:41:37.249+0000] {processor.py:183} INFO - Processing /opt/airflow/dags/DAG 1 QA y agregados de sismos.py took 0.040 seconds
[2025-09-13T03:42:07.783+0000] {processor.py:161} INFO - Started process (PID=281) to work on /opt/airflow/dags/DAG 1 QA y agregados de sismos.py
[2025-09-13T03:42:07.783+0000] {processor.py:830} INFO - Processing file /opt/airflow/dags/DAG 1 QA y agregados de sismos.py for tasks to queue
[2025-09-13T03:42:07.785+0000] {logging_mixin.py:188} INFO - [2025-09-13T03:42:07.784+0000] {dagbag.py:545} INFO - Filling up the DagBag from /opt/airflow/dags/DAG 1 QA y agregados de sismos.py
[2025-09-13T03:42:07.790+0000] {processor.py:840} INFO - DAG(s) 'dag_ejemplo_basico' retrieved from /opt/airflow/dags/DAG 1 QA y agregados de sismos.py
[2025-09-13T03:42:07.809+0000] {logging_mixin.py:188} INFO - [2025-09-13T03:42:07.809+0000] {dag.py:3096} INFO - Sync 1 DAGs
[2025-09-13T03:42:07.815+0000] {logging_mixin.py:188} INFO - [2025-09-13T03:42:07.815+0000] {dag.py:3954} INFO - Setting next_dagrun for dag_ejemplo_basico to None, run_after=None
[2025-09-13T03:42:07.823+0000] {processor.py:183} INFO - Processing /opt/airflow/dags/DAG 1 QA y agregados de sismos.py took 0.044 seconds
[2025-09-13T03:42:38.409+0000] {processor.py:161} INFO - Started process (PID=296) to work on /opt/airflow/dags/DAG 1 QA y agregados de sismos.py
[2025-09-13T03:42:38.410+0000] {processor.py:830} INFO - Processing file /opt/airflow/dags/DAG 1 QA y agregados de sismos.py for tasks to queue
[2025-09-13T03:42:38.411+0000] {logging_mixin.py:188} INFO - [2025-09-13T03:42:38.411+0000] {dagbag.py:545} INFO - Filling up the DagBag from /opt/airflow/dags/DAG 1 QA y agregados de sismos.py
[2025-09-13T03:42:38.416+0000] {processor.py:840} INFO - DAG(s) 'dag_ejemplo_basico' retrieved from /opt/airflow/dags/DAG 1 QA y agregados de sismos.py
[2025-09-13T03:42:38.431+0000] {logging_mixin.py:188} INFO - [2025-09-13T03:42:38.431+0000] {dag.py:3096} INFO - Sync 1 DAGs
[2025-09-13T03:42:38.435+0000] {logging_mixin.py:188} INFO - [2025-09-13T03:42:38.435+0000] {dag.py:3954} INFO - Setting next_dagrun for dag_ejemplo_basico to None, run_after=None
[2025-09-13T03:42:38.442+0000] {processor.py:183} INFO - Processing /opt/airflow/dags/DAG 1 QA y agregados de sismos.py took 0.035 seconds
[2025-09-13T03:43:08.974+0000] {processor.py:161} INFO - Started process (PID=311) to work on /opt/airflow/dags/DAG 1 QA y agregados de sismos.py
[2025-09-13T03:43:08.975+0000] {processor.py:830} INFO - Processing file /opt/airflow/dags/DAG 1 QA y agregados de sismos.py for tasks to queue
[2025-09-13T03:43:08.976+0000] {logging_mixin.py:188} INFO - [2025-09-13T03:43:08.976+0000] {dagbag.py:545} INFO - Filling up the DagBag from /opt/airflow/dags/DAG 1 QA y agregados de sismos.py
[2025-09-13T03:43:08.981+0000] {processor.py:840} INFO - DAG(s) 'dag_ejemplo_basico' retrieved from /opt/airflow/dags/DAG 1 QA y agregados de sismos.py
[2025-09-13T03:43:09.003+0000] {logging_mixin.py:188} INFO - [2025-09-13T03:43:09.002+0000] {dag.py:3096} INFO - Sync 1 DAGs
[2025-09-13T03:43:09.022+0000] {logging_mixin.py:188} INFO - [2025-09-13T03:43:09.022+0000] {dag.py:3954} INFO - Setting next_dagrun for dag_ejemplo_basico to None, run_after=None
[2025-09-13T03:43:09.029+0000] {processor.py:183} INFO - Processing /opt/airflow/dags/DAG 1 QA y agregados de sismos.py took 0.058 seconds
[2025-09-13T03:43:39.771+0000] {processor.py:161} INFO - Started process (PID=326) to work on /opt/airflow/dags/DAG 1 QA y agregados de sismos.py
[2025-09-13T03:43:39.771+0000] {processor.py:830} INFO - Processing file /opt/airflow/dags/DAG 1 QA y agregados de sismos.py for tasks to queue
[2025-09-13T03:43:39.772+0000] {logging_mixin.py:188} INFO - [2025-09-13T03:43:39.772+0000] {dagbag.py:545} INFO - Filling up the DagBag from /opt/airflow/dags/DAG 1 QA y agregados de sismos.py
[2025-09-13T03:43:39.779+0000] {processor.py:840} INFO - DAG(s) 'dag_ejemplo_basico' retrieved from /opt/airflow/dags/DAG 1 QA y agregados de sismos.py
[2025-09-13T03:43:39.794+0000] {logging_mixin.py:188} INFO - [2025-09-13T03:43:39.794+0000] {dag.py:3096} INFO - Sync 1 DAGs
[2025-09-13T03:43:39.799+0000] {logging_mixin.py:188} INFO - [2025-09-13T03:43:39.799+0000] {dag.py:3954} INFO - Setting next_dagrun for dag_ejemplo_basico to None, run_after=None
[2025-09-13T03:43:39.807+0000] {processor.py:183} INFO - Processing /opt/airflow/dags/DAG 1 QA y agregados de sismos.py took 0.039 seconds
[2025-09-13T03:44:10.347+0000] {processor.py:161} INFO - Started process (PID=341) to work on /opt/airflow/dags/DAG 1 QA y agregados de sismos.py
[2025-09-13T03:44:10.348+0000] {processor.py:830} INFO - Processing file /opt/airflow/dags/DAG 1 QA y agregados de sismos.py for tasks to queue
[2025-09-13T03:44:10.349+0000] {logging_mixin.py:188} INFO - [2025-09-13T03:44:10.349+0000] {dagbag.py:545} INFO - Filling up the DagBag from /opt/airflow/dags/DAG 1 QA y agregados de sismos.py
[2025-09-13T03:44:10.354+0000] {processor.py:840} INFO - DAG(s) 'dag_ejemplo_basico' retrieved from /opt/airflow/dags/DAG 1 QA y agregados de sismos.py
[2025-09-13T03:44:10.370+0000] {logging_mixin.py:188} INFO - [2025-09-13T03:44:10.369+0000] {dag.py:3096} INFO - Sync 1 DAGs
[2025-09-13T03:44:10.374+0000] {logging_mixin.py:188} INFO - [2025-09-13T03:44:10.374+0000] {dag.py:3954} INFO - Setting next_dagrun for dag_ejemplo_basico to None, run_after=None
[2025-09-13T03:44:10.381+0000] {processor.py:183} INFO - Processing /opt/airflow/dags/DAG 1 QA y agregados de sismos.py took 0.037 seconds
[2025-09-13T03:44:41.042+0000] {processor.py:161} INFO - Started process (PID=356) to work on /opt/airflow/dags/DAG 1 QA y agregados de sismos.py
[2025-09-13T03:44:41.042+0000] {processor.py:830} INFO - Processing file /opt/airflow/dags/DAG 1 QA y agregados de sismos.py for tasks to queue
[2025-09-13T03:44:41.043+0000] {logging_mixin.py:188} INFO - [2025-09-13T03:44:41.043+0000] {dagbag.py:545} INFO - Filling up the DagBag from /opt/airflow/dags/DAG 1 QA y agregados de sismos.py
[2025-09-13T03:44:41.049+0000] {processor.py:840} INFO - DAG(s) 'dag_ejemplo_basico' retrieved from /opt/airflow/dags/DAG 1 QA y agregados de sismos.py
[2025-09-13T03:44:41.063+0000] {logging_mixin.py:188} INFO - [2025-09-13T03:44:41.062+0000] {dag.py:3096} INFO - Sync 1 DAGs
[2025-09-13T03:44:41.068+0000] {logging_mixin.py:188} INFO - [2025-09-13T03:44:41.068+0000] {dag.py:3954} INFO - Setting next_dagrun for dag_ejemplo_basico to None, run_after=None
[2025-09-13T03:44:41.075+0000] {processor.py:183} INFO - Processing /opt/airflow/dags/DAG 1 QA y agregados de sismos.py took 0.036 seconds
[2025-09-13T03:45:11.447+0000] {processor.py:161} INFO - Started process (PID=371) to work on /opt/airflow/dags/DAG 1 QA y agregados de sismos.py
[2025-09-13T03:45:11.448+0000] {processor.py:830} INFO - Processing file /opt/airflow/dags/DAG 1 QA y agregados de sismos.py for tasks to queue
[2025-09-13T03:45:11.449+0000] {logging_mixin.py:188} INFO - [2025-09-13T03:45:11.448+0000] {dagbag.py:545} INFO - Filling up the DagBag from /opt/airflow/dags/DAG 1 QA y agregados de sismos.py
[2025-09-13T03:45:11.454+0000] {processor.py:840} INFO - DAG(s) 'dag_ejemplo_basico' retrieved from /opt/airflow/dags/DAG 1 QA y agregados de sismos.py
[2025-09-13T03:45:11.471+0000] {logging_mixin.py:188} INFO - [2025-09-13T03:45:11.471+0000] {dag.py:3096} INFO - Sync 1 DAGs
[2025-09-13T03:45:11.478+0000] {logging_mixin.py:188} INFO - [2025-09-13T03:45:11.477+0000] {dag.py:3954} INFO - Setting next_dagrun for dag_ejemplo_basico to None, run_after=None
[2025-09-13T03:45:11.507+0000] {processor.py:183} INFO - Processing /opt/airflow/dags/DAG 1 QA y agregados de sismos.py took 0.062 seconds
[2025-09-13T03:45:41.961+0000] {processor.py:161} INFO - Started process (PID=386) to work on /opt/airflow/dags/DAG 1 QA y agregados de sismos.py
[2025-09-13T03:45:41.962+0000] {processor.py:830} INFO - Processing file /opt/airflow/dags/DAG 1 QA y agregados de sismos.py for tasks to queue
[2025-09-13T03:45:41.963+0000] {logging_mixin.py:188} INFO - [2025-09-13T03:45:41.963+0000] {dagbag.py:545} INFO - Filling up the DagBag from /opt/airflow/dags/DAG 1 QA y agregados de sismos.py
[2025-09-13T03:45:41.972+0000] {processor.py:840} INFO - DAG(s) 'dag_ejemplo_basico' retrieved from /opt/airflow/dags/DAG 1 QA y agregados de sismos.py
[2025-09-13T03:45:41.992+0000] {logging_mixin.py:188} INFO - [2025-09-13T03:45:41.992+0000] {dag.py:3096} INFO - Sync 1 DAGs
[2025-09-13T03:45:41.997+0000] {logging_mixin.py:188} INFO - [2025-09-13T03:45:41.997+0000] {dag.py:3954} INFO - Setting next_dagrun for dag_ejemplo_basico to None, run_after=None
[2025-09-13T03:45:42.004+0000] {processor.py:183} INFO - Processing /opt/airflow/dags/DAG 1 QA y agregados de sismos.py took 0.051 seconds
[2025-09-13T03:46:12.610+0000] {processor.py:161} INFO - Started process (PID=401) to work on /opt/airflow/dags/DAG 1 QA y agregados de sismos.py
[2025-09-13T03:46:12.616+0000] {processor.py:830} INFO - Processing file /opt/airflow/dags/DAG 1 QA y agregados de sismos.py for tasks to queue
[2025-09-13T03:46:12.619+0000] {logging_mixin.py:188} INFO - [2025-09-13T03:46:12.619+0000] {dagbag.py:545} INFO - Filling up the DagBag from /opt/airflow/dags/DAG 1 QA y agregados de sismos.py
[2025-09-13T03:46:12.640+0000] {processor.py:840} INFO - DAG(s) 'dag_ejemplo_basico' retrieved from /opt/airflow/dags/DAG 1 QA y agregados de sismos.py
[2025-09-13T03:46:12.685+0000] {logging_mixin.py:188} INFO - [2025-09-13T03:46:12.685+0000] {dag.py:3096} INFO - Sync 1 DAGs
[2025-09-13T03:46:12.700+0000] {logging_mixin.py:188} INFO - [2025-09-13T03:46:12.700+0000] {dag.py:3954} INFO - Setting next_dagrun for dag_ejemplo_basico to None, run_after=None
[2025-09-13T03:46:12.736+0000] {processor.py:183} INFO - Processing /opt/airflow/dags/DAG 1 QA y agregados de sismos.py took 0.136 seconds
[2025-09-13T03:46:43.232+0000] {processor.py:161} INFO - Started process (PID=416) to work on /opt/airflow/dags/DAG 1 QA y agregados de sismos.py
[2025-09-13T03:46:43.233+0000] {processor.py:830} INFO - Processing file /opt/airflow/dags/DAG 1 QA y agregados de sismos.py for tasks to queue
[2025-09-13T03:46:43.234+0000] {logging_mixin.py:188} INFO - [2025-09-13T03:46:43.234+0000] {dagbag.py:545} INFO - Filling up the DagBag from /opt/airflow/dags/DAG 1 QA y agregados de sismos.py
[2025-09-13T03:46:43.239+0000] {processor.py:840} INFO - DAG(s) 'dag_ejemplo_basico' retrieved from /opt/airflow/dags/DAG 1 QA y agregados de sismos.py
[2025-09-13T03:46:43.257+0000] {logging_mixin.py:188} INFO - [2025-09-13T03:46:43.257+0000] {dag.py:3096} INFO - Sync 1 DAGs
[2025-09-13T03:46:43.263+0000] {logging_mixin.py:188} INFO - [2025-09-13T03:46:43.263+0000] {dag.py:3954} INFO - Setting next_dagrun for dag_ejemplo_basico to None, run_after=None
[2025-09-13T03:46:43.271+0000] {processor.py:183} INFO - Processing /opt/airflow/dags/DAG 1 QA y agregados de sismos.py took 0.042 seconds
[2025-09-13T03:47:13.958+0000] {processor.py:161} INFO - Started process (PID=431) to work on /opt/airflow/dags/DAG 1 QA y agregados de sismos.py
[2025-09-13T03:47:13.961+0000] {processor.py:830} INFO - Processing file /opt/airflow/dags/DAG 1 QA y agregados de sismos.py for tasks to queue
[2025-09-13T03:47:13.962+0000] {logging_mixin.py:188} INFO - [2025-09-13T03:47:13.962+0000] {dagbag.py:545} INFO - Filling up the DagBag from /opt/airflow/dags/DAG 1 QA y agregados de sismos.py
[2025-09-13T03:47:13.968+0000] {processor.py:840} INFO - DAG(s) 'dag_ejemplo_basico' retrieved from /opt/airflow/dags/DAG 1 QA y agregados de sismos.py
[2025-09-13T03:47:13.987+0000] {logging_mixin.py:188} INFO - [2025-09-13T03:47:13.987+0000] {dag.py:3096} INFO - Sync 1 DAGs
[2025-09-13T03:47:13.994+0000] {logging_mixin.py:188} INFO - [2025-09-13T03:47:13.994+0000] {dag.py:3954} INFO - Setting next_dagrun for dag_ejemplo_basico to None, run_after=None
[2025-09-13T03:47:14.002+0000] {processor.py:183} INFO - Processing /opt/airflow/dags/DAG 1 QA y agregados de sismos.py took 0.049 seconds
[2025-09-13T03:47:44.684+0000] {processor.py:161} INFO - Started process (PID=446) to work on /opt/airflow/dags/DAG 1 QA y agregados de sismos.py
[2025-09-13T03:47:44.685+0000] {processor.py:830} INFO - Processing file /opt/airflow/dags/DAG 1 QA y agregados de sismos.py for tasks to queue
[2025-09-13T03:47:44.686+0000] {logging_mixin.py:188} INFO - [2025-09-13T03:47:44.686+0000] {dagbag.py:545} INFO - Filling up the DagBag from /opt/airflow/dags/DAG 1 QA y agregados de sismos.py
[2025-09-13T03:47:44.691+0000] {processor.py:840} INFO - DAG(s) 'dag_ejemplo_basico' retrieved from /opt/airflow/dags/DAG 1 QA y agregados de sismos.py
[2025-09-13T03:47:44.707+0000] {logging_mixin.py:188} INFO - [2025-09-13T03:47:44.706+0000] {dag.py:3096} INFO - Sync 1 DAGs
[2025-09-13T03:47:44.712+0000] {logging_mixin.py:188} INFO - [2025-09-13T03:47:44.712+0000] {dag.py:3954} INFO - Setting next_dagrun for dag_ejemplo_basico to None, run_after=None
[2025-09-13T03:47:44.718+0000] {processor.py:183} INFO - Processing /opt/airflow/dags/DAG 1 QA y agregados de sismos.py took 0.040 seconds
[2025-09-13T03:48:15.151+0000] {processor.py:161} INFO - Started process (PID=461) to work on /opt/airflow/dags/DAG 1 QA y agregados de sismos.py
[2025-09-13T03:48:15.152+0000] {processor.py:830} INFO - Processing file /opt/airflow/dags/DAG 1 QA y agregados de sismos.py for tasks to queue
[2025-09-13T03:48:15.153+0000] {logging_mixin.py:188} INFO - [2025-09-13T03:48:15.152+0000] {dagbag.py:545} INFO - Filling up the DagBag from /opt/airflow/dags/DAG 1 QA y agregados de sismos.py
[2025-09-13T03:48:15.157+0000] {processor.py:840} INFO - DAG(s) 'dag_ejemplo_basico' retrieved from /opt/airflow/dags/DAG 1 QA y agregados de sismos.py
[2025-09-13T03:48:15.169+0000] {logging_mixin.py:188} INFO - [2025-09-13T03:48:15.169+0000] {dag.py:3096} INFO - Sync 1 DAGs
[2025-09-13T03:48:15.175+0000] {logging_mixin.py:188} INFO - [2025-09-13T03:48:15.175+0000] {dag.py:3954} INFO - Setting next_dagrun for dag_ejemplo_basico to None, run_after=None
[2025-09-13T03:48:15.181+0000] {processor.py:183} INFO - Processing /opt/airflow/dags/DAG 1 QA y agregados de sismos.py took 0.032 seconds
