[2025-09-13T07:31:07.168+0000] {processor.py:161} INFO - Started process (PID=181) to work on /opt/airflow/dags/dag_3_knime_to_es.py
[2025-09-13T07:31:07.172+0000] {processor.py:830} INFO - Processing file /opt/airflow/dags/dag_3_knime_to_es.py for tasks to queue
[2025-09-13T07:31:07.176+0000] {logging_mixin.py:188} INFO - [2025-09-13T07:31:07.175+0000] {dagbag.py:545} INFO - Filling up the DagBag from /opt/airflow/dags/dag_3_knime_to_es.py
[2025-09-13T07:31:07.210+0000] {processor.py:840} INFO - DAG(s) 'dag_3_knime_to_es' retrieved from /opt/airflow/dags/dag_3_knime_to_es.py
[2025-09-13T07:31:07.385+0000] {logging_mixin.py:188} INFO - [2025-09-13T07:31:07.383+0000] {override.py:1829} INFO - Created Permission View: can delete on DAG:dag_3_knime_to_es
[2025-09-13T07:31:07.391+0000] {logging_mixin.py:188} INFO - [2025-09-13T07:31:07.391+0000] {override.py:1829} INFO - Created Permission View: can edit on DAG:dag_3_knime_to_es
[2025-09-13T07:31:07.394+0000] {logging_mixin.py:188} INFO - [2025-09-13T07:31:07.394+0000] {override.py:1829} INFO - Created Permission View: can read on DAG:dag_3_knime_to_es
[2025-09-13T07:31:07.394+0000] {logging_mixin.py:188} INFO - [2025-09-13T07:31:07.394+0000] {dag.py:3096} INFO - Sync 1 DAGs
[2025-09-13T07:31:07.404+0000] {logging_mixin.py:188} INFO - [2025-09-13T07:31:07.404+0000] {dag.py:3118} INFO - Creating ORM DAG for dag_3_knime_to_es
[2025-09-13T07:31:07.405+0000] {logging_mixin.py:188} INFO - [2025-09-13T07:31:07.405+0000] {dag.py:3954} INFO - Setting next_dagrun for dag_3_knime_to_es to None, run_after=None
[2025-09-13T07:31:07.422+0000] {processor.py:183} INFO - Processing /opt/airflow/dags/dag_3_knime_to_es.py took 0.267 seconds
[2025-09-13T07:31:37.915+0000] {processor.py:161} INFO - Started process (PID=196) to work on /opt/airflow/dags/dag_3_knime_to_es.py
[2025-09-13T07:31:37.917+0000] {processor.py:830} INFO - Processing file /opt/airflow/dags/dag_3_knime_to_es.py for tasks to queue
[2025-09-13T07:31:37.925+0000] {logging_mixin.py:188} INFO - [2025-09-13T07:31:37.924+0000] {dagbag.py:545} INFO - Filling up the DagBag from /opt/airflow/dags/dag_3_knime_to_es.py
[2025-09-13T07:31:37.969+0000] {processor.py:840} INFO - DAG(s) 'dag_3_knime_to_es' retrieved from /opt/airflow/dags/dag_3_knime_to_es.py
[2025-09-13T07:31:38.111+0000] {logging_mixin.py:188} INFO - [2025-09-13T07:31:38.111+0000] {dag.py:3096} INFO - Sync 1 DAGs
[2025-09-13T07:31:38.134+0000] {logging_mixin.py:188} INFO - [2025-09-13T07:31:38.133+0000] {dag.py:3954} INFO - Setting next_dagrun for dag_3_knime_to_es to None, run_after=None
[2025-09-13T07:31:38.182+0000] {processor.py:183} INFO - Processing /opt/airflow/dags/dag_3_knime_to_es.py took 0.293 seconds
[2025-09-13T07:32:08.645+0000] {processor.py:161} INFO - Started process (PID=211) to work on /opt/airflow/dags/dag_3_knime_to_es.py
[2025-09-13T07:32:08.646+0000] {processor.py:830} INFO - Processing file /opt/airflow/dags/dag_3_knime_to_es.py for tasks to queue
[2025-09-13T07:32:08.652+0000] {logging_mixin.py:188} INFO - [2025-09-13T07:32:08.652+0000] {dagbag.py:545} INFO - Filling up the DagBag from /opt/airflow/dags/dag_3_knime_to_es.py
[2025-09-13T07:32:08.689+0000] {processor.py:840} INFO - DAG(s) 'dag_3_knime_to_es' retrieved from /opt/airflow/dags/dag_3_knime_to_es.py
[2025-09-13T07:32:08.742+0000] {logging_mixin.py:188} INFO - [2025-09-13T07:32:08.742+0000] {dag.py:3096} INFO - Sync 1 DAGs
[2025-09-13T07:32:08.754+0000] {logging_mixin.py:188} INFO - [2025-09-13T07:32:08.753+0000] {dag.py:3954} INFO - Setting next_dagrun for dag_3_knime_to_es to None, run_after=None
[2025-09-13T07:32:08.768+0000] {processor.py:183} INFO - Processing /opt/airflow/dags/dag_3_knime_to_es.py took 0.150 seconds
[2025-09-13T07:32:39.221+0000] {processor.py:161} INFO - Started process (PID=226) to work on /opt/airflow/dags/dag_3_knime_to_es.py
[2025-09-13T07:32:39.222+0000] {processor.py:830} INFO - Processing file /opt/airflow/dags/dag_3_knime_to_es.py for tasks to queue
[2025-09-13T07:32:39.225+0000] {logging_mixin.py:188} INFO - [2025-09-13T07:32:39.225+0000] {dagbag.py:545} INFO - Filling up the DagBag from /opt/airflow/dags/dag_3_knime_to_es.py
[2025-09-13T07:32:39.242+0000] {processor.py:840} INFO - DAG(s) 'dag_3_knime_to_es' retrieved from /opt/airflow/dags/dag_3_knime_to_es.py
[2025-09-13T07:32:39.280+0000] {logging_mixin.py:188} INFO - [2025-09-13T07:32:39.280+0000] {dag.py:3096} INFO - Sync 1 DAGs
[2025-09-13T07:32:39.294+0000] {logging_mixin.py:188} INFO - [2025-09-13T07:32:39.293+0000] {dag.py:3954} INFO - Setting next_dagrun for dag_3_knime_to_es to None, run_after=None
[2025-09-13T07:32:39.315+0000] {processor.py:183} INFO - Processing /opt/airflow/dags/dag_3_knime_to_es.py took 0.120 seconds
[2025-09-13T07:33:09.802+0000] {processor.py:161} INFO - Started process (PID=241) to work on /opt/airflow/dags/dag_3_knime_to_es.py
[2025-09-13T07:33:09.803+0000] {processor.py:830} INFO - Processing file /opt/airflow/dags/dag_3_knime_to_es.py for tasks to queue
[2025-09-13T07:33:09.807+0000] {logging_mixin.py:188} INFO - [2025-09-13T07:33:09.807+0000] {dagbag.py:545} INFO - Filling up the DagBag from /opt/airflow/dags/dag_3_knime_to_es.py
[2025-09-13T07:33:09.828+0000] {processor.py:840} INFO - DAG(s) 'dag_3_knime_to_es' retrieved from /opt/airflow/dags/dag_3_knime_to_es.py
[2025-09-13T07:33:09.867+0000] {logging_mixin.py:188} INFO - [2025-09-13T07:33:09.867+0000] {dag.py:3096} INFO - Sync 1 DAGs
[2025-09-13T07:33:09.914+0000] {logging_mixin.py:188} INFO - [2025-09-13T07:33:09.914+0000] {dag.py:3954} INFO - Setting next_dagrun for dag_3_knime_to_es to None, run_after=None
[2025-09-13T07:33:09.962+0000] {processor.py:183} INFO - Processing /opt/airflow/dags/dag_3_knime_to_es.py took 0.180 seconds
[2025-09-13T07:33:40.403+0000] {processor.py:161} INFO - Started process (PID=256) to work on /opt/airflow/dags/dag_3_knime_to_es.py
[2025-09-13T07:33:40.404+0000] {processor.py:830} INFO - Processing file /opt/airflow/dags/dag_3_knime_to_es.py for tasks to queue
[2025-09-13T07:33:40.409+0000] {logging_mixin.py:188} INFO - [2025-09-13T07:33:40.408+0000] {dagbag.py:545} INFO - Filling up the DagBag from /opt/airflow/dags/dag_3_knime_to_es.py
[2025-09-13T07:33:40.447+0000] {processor.py:840} INFO - DAG(s) 'dag_3_knime_to_es' retrieved from /opt/airflow/dags/dag_3_knime_to_es.py
[2025-09-13T07:33:40.494+0000] {logging_mixin.py:188} INFO - [2025-09-13T07:33:40.494+0000] {dag.py:3096} INFO - Sync 1 DAGs
[2025-09-13T07:33:40.509+0000] {logging_mixin.py:188} INFO - [2025-09-13T07:33:40.509+0000] {dag.py:3954} INFO - Setting next_dagrun for dag_3_knime_to_es to None, run_after=None
[2025-09-13T07:33:40.528+0000] {processor.py:183} INFO - Processing /opt/airflow/dags/dag_3_knime_to_es.py took 0.152 seconds
[2025-09-13T07:34:11.174+0000] {processor.py:161} INFO - Started process (PID=271) to work on /opt/airflow/dags/dag_3_knime_to_es.py
[2025-09-13T07:34:11.175+0000] {processor.py:830} INFO - Processing file /opt/airflow/dags/dag_3_knime_to_es.py for tasks to queue
[2025-09-13T07:34:11.183+0000] {logging_mixin.py:188} INFO - [2025-09-13T07:34:11.183+0000] {dagbag.py:545} INFO - Filling up the DagBag from /opt/airflow/dags/dag_3_knime_to_es.py
[2025-09-13T07:34:11.216+0000] {processor.py:840} INFO - DAG(s) 'dag_3_knime_to_es' retrieved from /opt/airflow/dags/dag_3_knime_to_es.py
[2025-09-13T07:34:11.250+0000] {logging_mixin.py:188} INFO - [2025-09-13T07:34:11.250+0000] {dag.py:3096} INFO - Sync 1 DAGs
[2025-09-13T07:34:11.264+0000] {logging_mixin.py:188} INFO - [2025-09-13T07:34:11.263+0000] {dag.py:3954} INFO - Setting next_dagrun for dag_3_knime_to_es to None, run_after=None
[2025-09-13T07:34:11.275+0000] {processor.py:183} INFO - Processing /opt/airflow/dags/dag_3_knime_to_es.py took 0.128 seconds
[2025-09-13T07:34:41.650+0000] {processor.py:161} INFO - Started process (PID=286) to work on /opt/airflow/dags/dag_3_knime_to_es.py
[2025-09-13T07:34:41.651+0000] {processor.py:830} INFO - Processing file /opt/airflow/dags/dag_3_knime_to_es.py for tasks to queue
[2025-09-13T07:34:41.657+0000] {logging_mixin.py:188} INFO - [2025-09-13T07:34:41.657+0000] {dagbag.py:545} INFO - Filling up the DagBag from /opt/airflow/dags/dag_3_knime_to_es.py
[2025-09-13T07:34:41.687+0000] {processor.py:840} INFO - DAG(s) 'dag_3_knime_to_es' retrieved from /opt/airflow/dags/dag_3_knime_to_es.py
[2025-09-13T07:34:41.724+0000] {logging_mixin.py:188} INFO - [2025-09-13T07:34:41.724+0000] {dag.py:3096} INFO - Sync 1 DAGs
[2025-09-13T07:34:41.735+0000] {logging_mixin.py:188} INFO - [2025-09-13T07:34:41.735+0000] {dag.py:3954} INFO - Setting next_dagrun for dag_3_knime_to_es to None, run_after=None
[2025-09-13T07:34:41.754+0000] {processor.py:183} INFO - Processing /opt/airflow/dags/dag_3_knime_to_es.py took 0.134 seconds
[2025-09-13T07:35:12.166+0000] {processor.py:161} INFO - Started process (PID=301) to work on /opt/airflow/dags/dag_3_knime_to_es.py
[2025-09-13T07:35:12.167+0000] {processor.py:830} INFO - Processing file /opt/airflow/dags/dag_3_knime_to_es.py for tasks to queue
[2025-09-13T07:35:12.170+0000] {logging_mixin.py:188} INFO - [2025-09-13T07:35:12.170+0000] {dagbag.py:545} INFO - Filling up the DagBag from /opt/airflow/dags/dag_3_knime_to_es.py
[2025-09-13T07:35:12.189+0000] {processor.py:840} INFO - DAG(s) 'dag_3_knime_to_es' retrieved from /opt/airflow/dags/dag_3_knime_to_es.py
[2025-09-13T07:35:12.229+0000] {logging_mixin.py:188} INFO - [2025-09-13T07:35:12.229+0000] {dag.py:3096} INFO - Sync 1 DAGs
[2025-09-13T07:35:12.239+0000] {logging_mixin.py:188} INFO - [2025-09-13T07:35:12.239+0000] {dag.py:3954} INFO - Setting next_dagrun for dag_3_knime_to_es to None, run_after=None
[2025-09-13T07:35:12.257+0000] {processor.py:183} INFO - Processing /opt/airflow/dags/dag_3_knime_to_es.py took 0.118 seconds
[2025-09-13T07:35:42.814+0000] {processor.py:161} INFO - Started process (PID=316) to work on /opt/airflow/dags/dag_3_knime_to_es.py
[2025-09-13T07:35:42.817+0000] {processor.py:830} INFO - Processing file /opt/airflow/dags/dag_3_knime_to_es.py for tasks to queue
[2025-09-13T07:35:42.820+0000] {logging_mixin.py:188} INFO - [2025-09-13T07:35:42.820+0000] {dagbag.py:545} INFO - Filling up the DagBag from /opt/airflow/dags/dag_3_knime_to_es.py
[2025-09-13T07:35:42.846+0000] {processor.py:840} INFO - DAG(s) 'dag_3_knime_to_es' retrieved from /opt/airflow/dags/dag_3_knime_to_es.py
[2025-09-13T07:35:42.920+0000] {logging_mixin.py:188} INFO - [2025-09-13T07:35:42.920+0000] {dag.py:3096} INFO - Sync 1 DAGs
[2025-09-13T07:35:42.936+0000] {logging_mixin.py:188} INFO - [2025-09-13T07:35:42.936+0000] {dag.py:3954} INFO - Setting next_dagrun for dag_3_knime_to_es to None, run_after=None
[2025-09-13T07:35:42.954+0000] {processor.py:183} INFO - Processing /opt/airflow/dags/dag_3_knime_to_es.py took 0.172 seconds
[2025-09-13T07:36:13.429+0000] {processor.py:161} INFO - Started process (PID=331) to work on /opt/airflow/dags/dag_3_knime_to_es.py
[2025-09-13T07:36:13.435+0000] {processor.py:830} INFO - Processing file /opt/airflow/dags/dag_3_knime_to_es.py for tasks to queue
[2025-09-13T07:36:13.437+0000] {logging_mixin.py:188} INFO - [2025-09-13T07:36:13.437+0000] {dagbag.py:545} INFO - Filling up the DagBag from /opt/airflow/dags/dag_3_knime_to_es.py
[2025-09-13T07:36:13.456+0000] {processor.py:840} INFO - DAG(s) 'dag_3_knime_to_es' retrieved from /opt/airflow/dags/dag_3_knime_to_es.py
[2025-09-13T07:36:13.500+0000] {logging_mixin.py:188} INFO - [2025-09-13T07:36:13.500+0000] {dag.py:3096} INFO - Sync 1 DAGs
[2025-09-13T07:36:13.517+0000] {logging_mixin.py:188} INFO - [2025-09-13T07:36:13.517+0000] {dag.py:3954} INFO - Setting next_dagrun for dag_3_knime_to_es to None, run_after=None
[2025-09-13T07:36:13.529+0000] {processor.py:183} INFO - Processing /opt/airflow/dags/dag_3_knime_to_es.py took 0.119 seconds
[2025-09-13T07:36:44.052+0000] {processor.py:161} INFO - Started process (PID=346) to work on /opt/airflow/dags/dag_3_knime_to_es.py
[2025-09-13T07:36:44.053+0000] {processor.py:830} INFO - Processing file /opt/airflow/dags/dag_3_knime_to_es.py for tasks to queue
[2025-09-13T07:36:44.060+0000] {logging_mixin.py:188} INFO - [2025-09-13T07:36:44.060+0000] {dagbag.py:545} INFO - Filling up the DagBag from /opt/airflow/dags/dag_3_knime_to_es.py
[2025-09-13T07:36:44.093+0000] {processor.py:840} INFO - DAG(s) 'dag_3_knime_to_es' retrieved from /opt/airflow/dags/dag_3_knime_to_es.py
[2025-09-13T07:36:44.132+0000] {logging_mixin.py:188} INFO - [2025-09-13T07:36:44.132+0000] {dag.py:3096} INFO - Sync 1 DAGs
[2025-09-13T07:36:44.143+0000] {logging_mixin.py:188} INFO - [2025-09-13T07:36:44.143+0000] {dag.py:3954} INFO - Setting next_dagrun for dag_3_knime_to_es to None, run_after=None
[2025-09-13T07:36:44.161+0000] {processor.py:183} INFO - Processing /opt/airflow/dags/dag_3_knime_to_es.py took 0.138 seconds
[2025-09-13T07:37:14.786+0000] {processor.py:161} INFO - Started process (PID=361) to work on /opt/airflow/dags/dag_3_knime_to_es.py
[2025-09-13T07:37:14.789+0000] {processor.py:830} INFO - Processing file /opt/airflow/dags/dag_3_knime_to_es.py for tasks to queue
[2025-09-13T07:37:14.792+0000] {logging_mixin.py:188} INFO - [2025-09-13T07:37:14.792+0000] {dagbag.py:545} INFO - Filling up the DagBag from /opt/airflow/dags/dag_3_knime_to_es.py
[2025-09-13T07:37:14.812+0000] {processor.py:840} INFO - DAG(s) 'dag_3_knime_to_es' retrieved from /opt/airflow/dags/dag_3_knime_to_es.py
[2025-09-13T07:37:14.858+0000] {logging_mixin.py:188} INFO - [2025-09-13T07:37:14.858+0000] {dag.py:3096} INFO - Sync 1 DAGs
[2025-09-13T07:37:14.869+0000] {logging_mixin.py:188} INFO - [2025-09-13T07:37:14.869+0000] {dag.py:3954} INFO - Setting next_dagrun for dag_3_knime_to_es to None, run_after=None
[2025-09-13T07:37:14.890+0000] {processor.py:183} INFO - Processing /opt/airflow/dags/dag_3_knime_to_es.py took 0.131 seconds
[2025-09-13T07:37:45.384+0000] {processor.py:161} INFO - Started process (PID=378) to work on /opt/airflow/dags/dag_3_knime_to_es.py
[2025-09-13T07:37:45.385+0000] {processor.py:830} INFO - Processing file /opt/airflow/dags/dag_3_knime_to_es.py for tasks to queue
[2025-09-13T07:37:45.388+0000] {logging_mixin.py:188} INFO - [2025-09-13T07:37:45.387+0000] {dagbag.py:545} INFO - Filling up the DagBag from /opt/airflow/dags/dag_3_knime_to_es.py
[2025-09-13T07:37:45.410+0000] {processor.py:840} INFO - DAG(s) 'dag_3_knime_to_es' retrieved from /opt/airflow/dags/dag_3_knime_to_es.py
[2025-09-13T07:37:45.440+0000] {logging_mixin.py:188} INFO - [2025-09-13T07:37:45.440+0000] {dag.py:3096} INFO - Sync 1 DAGs
[2025-09-13T07:37:45.450+0000] {logging_mixin.py:188} INFO - [2025-09-13T07:37:45.450+0000] {dag.py:3954} INFO - Setting next_dagrun for dag_3_knime_to_es to None, run_after=None
[2025-09-13T07:37:45.467+0000] {processor.py:183} INFO - Processing /opt/airflow/dags/dag_3_knime_to_es.py took 0.101 seconds
[2025-09-13T07:38:15.943+0000] {processor.py:161} INFO - Started process (PID=393) to work on /opt/airflow/dags/dag_3_knime_to_es.py
[2025-09-13T07:38:15.945+0000] {processor.py:830} INFO - Processing file /opt/airflow/dags/dag_3_knime_to_es.py for tasks to queue
[2025-09-13T07:38:15.949+0000] {logging_mixin.py:188} INFO - [2025-09-13T07:38:15.948+0000] {dagbag.py:545} INFO - Filling up the DagBag from /opt/airflow/dags/dag_3_knime_to_es.py
[2025-09-13T07:38:15.977+0000] {processor.py:840} INFO - DAG(s) 'dag_3_knime_to_es' retrieved from /opt/airflow/dags/dag_3_knime_to_es.py
[2025-09-13T07:38:16.036+0000] {logging_mixin.py:188} INFO - [2025-09-13T07:38:16.035+0000] {dag.py:3096} INFO - Sync 1 DAGs
[2025-09-13T07:38:16.096+0000] {logging_mixin.py:188} INFO - [2025-09-13T07:38:16.096+0000] {dag.py:3954} INFO - Setting next_dagrun for dag_3_knime_to_es to None, run_after=None
[2025-09-13T07:38:16.121+0000] {processor.py:183} INFO - Processing /opt/airflow/dags/dag_3_knime_to_es.py took 0.217 seconds
[2025-09-13T07:38:46.605+0000] {processor.py:161} INFO - Started process (PID=408) to work on /opt/airflow/dags/dag_3_knime_to_es.py
[2025-09-13T07:38:46.606+0000] {processor.py:830} INFO - Processing file /opt/airflow/dags/dag_3_knime_to_es.py for tasks to queue
[2025-09-13T07:38:46.611+0000] {logging_mixin.py:188} INFO - [2025-09-13T07:38:46.611+0000] {dagbag.py:545} INFO - Filling up the DagBag from /opt/airflow/dags/dag_3_knime_to_es.py
[2025-09-13T07:38:46.631+0000] {processor.py:840} INFO - DAG(s) 'dag_3_knime_to_es' retrieved from /opt/airflow/dags/dag_3_knime_to_es.py
[2025-09-13T07:38:46.665+0000] {logging_mixin.py:188} INFO - [2025-09-13T07:38:46.665+0000] {dag.py:3096} INFO - Sync 1 DAGs
[2025-09-13T07:38:46.684+0000] {logging_mixin.py:188} INFO - [2025-09-13T07:38:46.684+0000] {dag.py:3954} INFO - Setting next_dagrun for dag_3_knime_to_es to None, run_after=None
[2025-09-13T07:38:46.704+0000] {processor.py:183} INFO - Processing /opt/airflow/dags/dag_3_knime_to_es.py took 0.122 seconds
[2025-09-13T07:39:17.167+0000] {processor.py:161} INFO - Started process (PID=423) to work on /opt/airflow/dags/dag_3_knime_to_es.py
[2025-09-13T07:39:17.169+0000] {processor.py:830} INFO - Processing file /opt/airflow/dags/dag_3_knime_to_es.py for tasks to queue
[2025-09-13T07:39:17.177+0000] {logging_mixin.py:188} INFO - [2025-09-13T07:39:17.176+0000] {dagbag.py:545} INFO - Filling up the DagBag from /opt/airflow/dags/dag_3_knime_to_es.py
[2025-09-13T07:39:17.236+0000] {processor.py:840} INFO - DAG(s) 'dag_3_knime_to_es' retrieved from /opt/airflow/dags/dag_3_knime_to_es.py
[2025-09-13T07:39:17.336+0000] {logging_mixin.py:188} INFO - [2025-09-13T07:39:17.336+0000] {dag.py:3096} INFO - Sync 1 DAGs
[2025-09-13T07:39:17.357+0000] {logging_mixin.py:188} INFO - [2025-09-13T07:39:17.356+0000] {dag.py:3954} INFO - Setting next_dagrun for dag_3_knime_to_es to None, run_after=None
[2025-09-13T07:39:17.428+0000] {processor.py:183} INFO - Processing /opt/airflow/dags/dag_3_knime_to_es.py took 0.292 seconds
[2025-09-13T07:39:47.871+0000] {processor.py:161} INFO - Started process (PID=438) to work on /opt/airflow/dags/dag_3_knime_to_es.py
[2025-09-13T07:39:47.873+0000] {processor.py:830} INFO - Processing file /opt/airflow/dags/dag_3_knime_to_es.py for tasks to queue
[2025-09-13T07:39:47.875+0000] {logging_mixin.py:188} INFO - [2025-09-13T07:39:47.875+0000] {dagbag.py:545} INFO - Filling up the DagBag from /opt/airflow/dags/dag_3_knime_to_es.py
[2025-09-13T07:39:47.900+0000] {processor.py:840} INFO - DAG(s) 'dag_3_knime_to_es' retrieved from /opt/airflow/dags/dag_3_knime_to_es.py
[2025-09-13T07:39:47.929+0000] {logging_mixin.py:188} INFO - [2025-09-13T07:39:47.928+0000] {dag.py:3096} INFO - Sync 1 DAGs
[2025-09-13T07:39:47.949+0000] {logging_mixin.py:188} INFO - [2025-09-13T07:39:47.949+0000] {dag.py:3954} INFO - Setting next_dagrun for dag_3_knime_to_es to None, run_after=None
[2025-09-13T07:39:47.979+0000] {processor.py:183} INFO - Processing /opt/airflow/dags/dag_3_knime_to_es.py took 0.130 seconds
[2025-09-13T07:40:18.434+0000] {processor.py:161} INFO - Started process (PID=453) to work on /opt/airflow/dags/dag_3_knime_to_es.py
[2025-09-13T07:40:18.435+0000] {processor.py:830} INFO - Processing file /opt/airflow/dags/dag_3_knime_to_es.py for tasks to queue
[2025-09-13T07:40:18.439+0000] {logging_mixin.py:188} INFO - [2025-09-13T07:40:18.439+0000] {dagbag.py:545} INFO - Filling up the DagBag from /opt/airflow/dags/dag_3_knime_to_es.py
[2025-09-13T07:40:18.487+0000] {processor.py:840} INFO - DAG(s) 'dag_3_knime_to_es' retrieved from /opt/airflow/dags/dag_3_knime_to_es.py
[2025-09-13T07:40:18.531+0000] {logging_mixin.py:188} INFO - [2025-09-13T07:40:18.531+0000] {dag.py:3096} INFO - Sync 1 DAGs
[2025-09-13T07:40:18.543+0000] {logging_mixin.py:188} INFO - [2025-09-13T07:40:18.543+0000] {dag.py:3954} INFO - Setting next_dagrun for dag_3_knime_to_es to None, run_after=None
[2025-09-13T07:40:18.565+0000] {processor.py:183} INFO - Processing /opt/airflow/dags/dag_3_knime_to_es.py took 0.158 seconds
[2025-09-13T07:40:49.020+0000] {processor.py:161} INFO - Started process (PID=468) to work on /opt/airflow/dags/dag_3_knime_to_es.py
[2025-09-13T07:40:49.022+0000] {processor.py:830} INFO - Processing file /opt/airflow/dags/dag_3_knime_to_es.py for tasks to queue
[2025-09-13T07:40:49.024+0000] {logging_mixin.py:188} INFO - [2025-09-13T07:40:49.024+0000] {dagbag.py:545} INFO - Filling up the DagBag from /opt/airflow/dags/dag_3_knime_to_es.py
[2025-09-13T07:40:49.045+0000] {processor.py:840} INFO - DAG(s) 'dag_3_knime_to_es' retrieved from /opt/airflow/dags/dag_3_knime_to_es.py
[2025-09-13T07:40:49.110+0000] {logging_mixin.py:188} INFO - [2025-09-13T07:40:49.110+0000] {dag.py:3096} INFO - Sync 1 DAGs
[2025-09-13T07:40:49.141+0000] {logging_mixin.py:188} INFO - [2025-09-13T07:40:49.141+0000] {dag.py:3954} INFO - Setting next_dagrun for dag_3_knime_to_es to None, run_after=None
[2025-09-13T07:40:49.167+0000] {processor.py:183} INFO - Processing /opt/airflow/dags/dag_3_knime_to_es.py took 0.167 seconds
[2025-09-13T07:41:19.670+0000] {processor.py:161} INFO - Started process (PID=483) to work on /opt/airflow/dags/dag_3_knime_to_es.py
[2025-09-13T07:41:19.671+0000] {processor.py:830} INFO - Processing file /opt/airflow/dags/dag_3_knime_to_es.py for tasks to queue
[2025-09-13T07:41:19.674+0000] {logging_mixin.py:188} INFO - [2025-09-13T07:41:19.673+0000] {dagbag.py:545} INFO - Filling up the DagBag from /opt/airflow/dags/dag_3_knime_to_es.py
[2025-09-13T07:41:19.695+0000] {processor.py:840} INFO - DAG(s) 'dag_3_knime_to_es' retrieved from /opt/airflow/dags/dag_3_knime_to_es.py
[2025-09-13T07:41:19.726+0000] {logging_mixin.py:188} INFO - [2025-09-13T07:41:19.726+0000] {dag.py:3096} INFO - Sync 1 DAGs
[2025-09-13T07:41:19.738+0000] {logging_mixin.py:188} INFO - [2025-09-13T07:41:19.738+0000] {dag.py:3954} INFO - Setting next_dagrun for dag_3_knime_to_es to None, run_after=None
[2025-09-13T07:41:19.760+0000] {processor.py:183} INFO - Processing /opt/airflow/dags/dag_3_knime_to_es.py took 0.110 seconds
[2025-09-13T07:41:50.184+0000] {processor.py:161} INFO - Started process (PID=498) to work on /opt/airflow/dags/dag_3_knime_to_es.py
[2025-09-13T07:41:50.185+0000] {processor.py:830} INFO - Processing file /opt/airflow/dags/dag_3_knime_to_es.py for tasks to queue
[2025-09-13T07:41:50.188+0000] {logging_mixin.py:188} INFO - [2025-09-13T07:41:50.187+0000] {dagbag.py:545} INFO - Filling up the DagBag from /opt/airflow/dags/dag_3_knime_to_es.py
[2025-09-13T07:41:50.207+0000] {processor.py:840} INFO - DAG(s) 'dag_3_knime_to_es' retrieved from /opt/airflow/dags/dag_3_knime_to_es.py
[2025-09-13T07:41:50.258+0000] {logging_mixin.py:188} INFO - [2025-09-13T07:41:50.258+0000] {dag.py:3096} INFO - Sync 1 DAGs
[2025-09-13T07:41:50.268+0000] {logging_mixin.py:188} INFO - [2025-09-13T07:41:50.268+0000] {dag.py:3954} INFO - Setting next_dagrun for dag_3_knime_to_es to None, run_after=None
[2025-09-13T07:41:50.286+0000] {processor.py:183} INFO - Processing /opt/airflow/dags/dag_3_knime_to_es.py took 0.122 seconds
[2025-09-13T07:42:20.736+0000] {processor.py:161} INFO - Started process (PID=513) to work on /opt/airflow/dags/dag_3_knime_to_es.py
[2025-09-13T07:42:20.739+0000] {processor.py:830} INFO - Processing file /opt/airflow/dags/dag_3_knime_to_es.py for tasks to queue
[2025-09-13T07:42:20.741+0000] {logging_mixin.py:188} INFO - [2025-09-13T07:42:20.741+0000] {dagbag.py:545} INFO - Filling up the DagBag from /opt/airflow/dags/dag_3_knime_to_es.py
[2025-09-13T07:42:20.766+0000] {processor.py:840} INFO - DAG(s) 'dag_3_knime_to_es' retrieved from /opt/airflow/dags/dag_3_knime_to_es.py
[2025-09-13T07:42:20.795+0000] {logging_mixin.py:188} INFO - [2025-09-13T07:42:20.795+0000] {dag.py:3096} INFO - Sync 1 DAGs
[2025-09-13T07:42:20.810+0000] {logging_mixin.py:188} INFO - [2025-09-13T07:42:20.810+0000] {dag.py:3954} INFO - Setting next_dagrun for dag_3_knime_to_es to None, run_after=None
[2025-09-13T07:42:20.834+0000] {processor.py:183} INFO - Processing /opt/airflow/dags/dag_3_knime_to_es.py took 0.115 seconds
[2025-09-13T07:42:51.258+0000] {processor.py:161} INFO - Started process (PID=530) to work on /opt/airflow/dags/dag_3_knime_to_es.py
[2025-09-13T07:42:51.259+0000] {processor.py:830} INFO - Processing file /opt/airflow/dags/dag_3_knime_to_es.py for tasks to queue
[2025-09-13T07:42:51.264+0000] {logging_mixin.py:188} INFO - [2025-09-13T07:42:51.264+0000] {dagbag.py:545} INFO - Filling up the DagBag from /opt/airflow/dags/dag_3_knime_to_es.py
[2025-09-13T07:42:51.284+0000] {processor.py:840} INFO - DAG(s) 'dag_3_knime_to_es' retrieved from /opt/airflow/dags/dag_3_knime_to_es.py
[2025-09-13T07:42:51.314+0000] {logging_mixin.py:188} INFO - [2025-09-13T07:42:51.313+0000] {dag.py:3096} INFO - Sync 1 DAGs
[2025-09-13T07:42:51.325+0000] {logging_mixin.py:188} INFO - [2025-09-13T07:42:51.325+0000] {dag.py:3954} INFO - Setting next_dagrun for dag_3_knime_to_es to None, run_after=None
[2025-09-13T07:42:51.339+0000] {processor.py:183} INFO - Processing /opt/airflow/dags/dag_3_knime_to_es.py took 0.101 seconds
[2025-09-13T07:43:21.727+0000] {processor.py:161} INFO - Started process (PID=545) to work on /opt/airflow/dags/dag_3_knime_to_es.py
[2025-09-13T07:43:21.727+0000] {processor.py:830} INFO - Processing file /opt/airflow/dags/dag_3_knime_to_es.py for tasks to queue
[2025-09-13T07:43:21.735+0000] {logging_mixin.py:188} INFO - [2025-09-13T07:43:21.735+0000] {dagbag.py:545} INFO - Filling up the DagBag from /opt/airflow/dags/dag_3_knime_to_es.py
[2025-09-13T07:43:21.748+0000] {processor.py:840} INFO - DAG(s) 'dag_3_knime_to_es' retrieved from /opt/airflow/dags/dag_3_knime_to_es.py
[2025-09-13T07:43:21.774+0000] {logging_mixin.py:188} INFO - [2025-09-13T07:43:21.774+0000] {dag.py:3096} INFO - Sync 1 DAGs
[2025-09-13T07:43:21.787+0000] {logging_mixin.py:188} INFO - [2025-09-13T07:43:21.787+0000] {dag.py:3954} INFO - Setting next_dagrun for dag_3_knime_to_es to None, run_after=None
[2025-09-13T07:43:21.801+0000] {processor.py:183} INFO - Processing /opt/airflow/dags/dag_3_knime_to_es.py took 0.088 seconds
[2025-09-13T07:43:52.207+0000] {processor.py:161} INFO - Started process (PID=560) to work on /opt/airflow/dags/dag_3_knime_to_es.py
[2025-09-13T07:43:52.208+0000] {processor.py:830} INFO - Processing file /opt/airflow/dags/dag_3_knime_to_es.py for tasks to queue
[2025-09-13T07:43:52.216+0000] {logging_mixin.py:188} INFO - [2025-09-13T07:43:52.215+0000] {dagbag.py:545} INFO - Filling up the DagBag from /opt/airflow/dags/dag_3_knime_to_es.py
[2025-09-13T07:43:52.260+0000] {processor.py:840} INFO - DAG(s) 'dag_3_knime_to_es' retrieved from /opt/airflow/dags/dag_3_knime_to_es.py
[2025-09-13T07:43:52.303+0000] {logging_mixin.py:188} INFO - [2025-09-13T07:43:52.303+0000] {dag.py:3096} INFO - Sync 1 DAGs
[2025-09-13T07:43:52.313+0000] {logging_mixin.py:188} INFO - [2025-09-13T07:43:52.313+0000] {dag.py:3954} INFO - Setting next_dagrun for dag_3_knime_to_es to None, run_after=None
[2025-09-13T07:43:52.327+0000] {processor.py:183} INFO - Processing /opt/airflow/dags/dag_3_knime_to_es.py took 0.142 seconds
[2025-09-13T07:44:22.759+0000] {processor.py:161} INFO - Started process (PID=575) to work on /opt/airflow/dags/dag_3_knime_to_es.py
[2025-09-13T07:44:22.764+0000] {processor.py:830} INFO - Processing file /opt/airflow/dags/dag_3_knime_to_es.py for tasks to queue
[2025-09-13T07:44:22.771+0000] {logging_mixin.py:188} INFO - [2025-09-13T07:44:22.770+0000] {dagbag.py:545} INFO - Filling up the DagBag from /opt/airflow/dags/dag_3_knime_to_es.py
[2025-09-13T07:44:22.794+0000] {processor.py:840} INFO - DAG(s) 'dag_3_knime_to_es' retrieved from /opt/airflow/dags/dag_3_knime_to_es.py
[2025-09-13T07:44:22.821+0000] {logging_mixin.py:188} INFO - [2025-09-13T07:44:22.821+0000] {dag.py:3096} INFO - Sync 1 DAGs
[2025-09-13T07:44:22.834+0000] {logging_mixin.py:188} INFO - [2025-09-13T07:44:22.834+0000] {dag.py:3954} INFO - Setting next_dagrun for dag_3_knime_to_es to None, run_after=None
[2025-09-13T07:44:22.851+0000] {processor.py:183} INFO - Processing /opt/airflow/dags/dag_3_knime_to_es.py took 0.174 seconds
[2025-09-13T07:44:53.209+0000] {processor.py:161} INFO - Started process (PID=590) to work on /opt/airflow/dags/dag_3_knime_to_es.py
[2025-09-13T07:44:53.210+0000] {processor.py:830} INFO - Processing file /opt/airflow/dags/dag_3_knime_to_es.py for tasks to queue
[2025-09-13T07:44:53.212+0000] {logging_mixin.py:188} INFO - [2025-09-13T07:44:53.211+0000] {dagbag.py:545} INFO - Filling up the DagBag from /opt/airflow/dags/dag_3_knime_to_es.py
[2025-09-13T07:44:53.227+0000] {processor.py:840} INFO - DAG(s) 'dag_3_knime_to_es' retrieved from /opt/airflow/dags/dag_3_knime_to_es.py
[2025-09-13T07:44:53.258+0000] {logging_mixin.py:188} INFO - [2025-09-13T07:44:53.256+0000] {dag.py:3096} INFO - Sync 1 DAGs
[2025-09-13T07:44:53.269+0000] {logging_mixin.py:188} INFO - [2025-09-13T07:44:53.269+0000] {dag.py:3954} INFO - Setting next_dagrun for dag_3_knime_to_es to None, run_after=None
[2025-09-13T07:44:53.287+0000] {processor.py:183} INFO - Processing /opt/airflow/dags/dag_3_knime_to_es.py took 0.093 seconds
[2025-09-13T07:45:23.663+0000] {processor.py:161} INFO - Started process (PID=605) to work on /opt/airflow/dags/dag_3_knime_to_es.py
[2025-09-13T07:45:23.663+0000] {processor.py:830} INFO - Processing file /opt/airflow/dags/dag_3_knime_to_es.py for tasks to queue
[2025-09-13T07:45:23.666+0000] {logging_mixin.py:188} INFO - [2025-09-13T07:45:23.666+0000] {dagbag.py:545} INFO - Filling up the DagBag from /opt/airflow/dags/dag_3_knime_to_es.py
[2025-09-13T07:45:23.684+0000] {processor.py:840} INFO - DAG(s) 'dag_3_knime_to_es' retrieved from /opt/airflow/dags/dag_3_knime_to_es.py
[2025-09-13T07:45:23.716+0000] {logging_mixin.py:188} INFO - [2025-09-13T07:45:23.716+0000] {dag.py:3096} INFO - Sync 1 DAGs
[2025-09-13T07:45:23.727+0000] {logging_mixin.py:188} INFO - [2025-09-13T07:45:23.727+0000] {dag.py:3954} INFO - Setting next_dagrun for dag_3_knime_to_es to None, run_after=None
[2025-09-13T07:45:23.739+0000] {processor.py:183} INFO - Processing /opt/airflow/dags/dag_3_knime_to_es.py took 0.089 seconds
[2025-09-13T07:45:54.164+0000] {processor.py:161} INFO - Started process (PID=620) to work on /opt/airflow/dags/dag_3_knime_to_es.py
[2025-09-13T07:45:54.165+0000] {processor.py:830} INFO - Processing file /opt/airflow/dags/dag_3_knime_to_es.py for tasks to queue
[2025-09-13T07:45:54.167+0000] {logging_mixin.py:188} INFO - [2025-09-13T07:45:54.167+0000] {dagbag.py:545} INFO - Filling up the DagBag from /opt/airflow/dags/dag_3_knime_to_es.py
[2025-09-13T07:45:54.181+0000] {processor.py:840} INFO - DAG(s) 'dag_3_knime_to_es' retrieved from /opt/airflow/dags/dag_3_knime_to_es.py
[2025-09-13T07:45:54.207+0000] {logging_mixin.py:188} INFO - [2025-09-13T07:45:54.206+0000] {dag.py:3096} INFO - Sync 1 DAGs
[2025-09-13T07:45:54.219+0000] {logging_mixin.py:188} INFO - [2025-09-13T07:45:54.219+0000] {dag.py:3954} INFO - Setting next_dagrun for dag_3_knime_to_es to None, run_after=None
[2025-09-13T07:45:54.233+0000] {processor.py:183} INFO - Processing /opt/airflow/dags/dag_3_knime_to_es.py took 0.082 seconds
[2025-09-13T07:46:24.797+0000] {processor.py:161} INFO - Started process (PID=635) to work on /opt/airflow/dags/dag_3_knime_to_es.py
[2025-09-13T07:46:24.798+0000] {processor.py:830} INFO - Processing file /opt/airflow/dags/dag_3_knime_to_es.py for tasks to queue
[2025-09-13T07:46:24.802+0000] {logging_mixin.py:188} INFO - [2025-09-13T07:46:24.801+0000] {dagbag.py:545} INFO - Filling up the DagBag from /opt/airflow/dags/dag_3_knime_to_es.py
[2025-09-13T07:46:24.825+0000] {processor.py:840} INFO - DAG(s) 'dag_3_knime_to_es' retrieved from /opt/airflow/dags/dag_3_knime_to_es.py
[2025-09-13T07:46:24.864+0000] {logging_mixin.py:188} INFO - [2025-09-13T07:46:24.864+0000] {dag.py:3096} INFO - Sync 1 DAGs
[2025-09-13T07:46:24.874+0000] {logging_mixin.py:188} INFO - [2025-09-13T07:46:24.874+0000] {dag.py:3954} INFO - Setting next_dagrun for dag_3_knime_to_es to None, run_after=None
[2025-09-13T07:46:24.884+0000] {processor.py:183} INFO - Processing /opt/airflow/dags/dag_3_knime_to_es.py took 0.110 seconds
[2025-09-13T07:46:55.662+0000] {processor.py:161} INFO - Started process (PID=650) to work on /opt/airflow/dags/dag_3_knime_to_es.py
[2025-09-13T07:46:55.664+0000] {processor.py:830} INFO - Processing file /opt/airflow/dags/dag_3_knime_to_es.py for tasks to queue
[2025-09-13T07:46:55.671+0000] {logging_mixin.py:188} INFO - [2025-09-13T07:46:55.671+0000] {dagbag.py:545} INFO - Filling up the DagBag from /opt/airflow/dags/dag_3_knime_to_es.py
[2025-09-13T07:46:55.693+0000] {processor.py:840} INFO - DAG(s) 'dag_3_knime_to_es' retrieved from /opt/airflow/dags/dag_3_knime_to_es.py
[2025-09-13T07:46:55.737+0000] {logging_mixin.py:188} INFO - [2025-09-13T07:46:55.737+0000] {dag.py:3096} INFO - Sync 1 DAGs
[2025-09-13T07:46:55.752+0000] {logging_mixin.py:188} INFO - [2025-09-13T07:46:55.751+0000] {dag.py:3954} INFO - Setting next_dagrun for dag_3_knime_to_es to None, run_after=None
[2025-09-13T07:46:55.768+0000] {processor.py:183} INFO - Processing /opt/airflow/dags/dag_3_knime_to_es.py took 0.127 seconds
[2025-09-13T07:47:26.656+0000] {processor.py:161} INFO - Started process (PID=665) to work on /opt/airflow/dags/dag_3_knime_to_es.py
[2025-09-13T07:47:26.657+0000] {processor.py:830} INFO - Processing file /opt/airflow/dags/dag_3_knime_to_es.py for tasks to queue
[2025-09-13T07:47:26.660+0000] {logging_mixin.py:188} INFO - [2025-09-13T07:47:26.659+0000] {dagbag.py:545} INFO - Filling up the DagBag from /opt/airflow/dags/dag_3_knime_to_es.py
[2025-09-13T07:47:26.677+0000] {processor.py:840} INFO - DAG(s) 'dag_3_knime_to_es' retrieved from /opt/airflow/dags/dag_3_knime_to_es.py
[2025-09-13T07:47:26.717+0000] {logging_mixin.py:188} INFO - [2025-09-13T07:47:26.717+0000] {dag.py:3096} INFO - Sync 1 DAGs
[2025-09-13T07:47:26.733+0000] {logging_mixin.py:188} INFO - [2025-09-13T07:47:26.733+0000] {dag.py:3954} INFO - Setting next_dagrun for dag_3_knime_to_es to None, run_after=None
[2025-09-13T07:47:26.754+0000] {processor.py:183} INFO - Processing /opt/airflow/dags/dag_3_knime_to_es.py took 0.114 seconds
[2025-09-13T07:47:57.198+0000] {processor.py:161} INFO - Started process (PID=680) to work on /opt/airflow/dags/dag_3_knime_to_es.py
[2025-09-13T07:47:57.199+0000] {processor.py:830} INFO - Processing file /opt/airflow/dags/dag_3_knime_to_es.py for tasks to queue
[2025-09-13T07:47:57.202+0000] {logging_mixin.py:188} INFO - [2025-09-13T07:47:57.202+0000] {dagbag.py:545} INFO - Filling up the DagBag from /opt/airflow/dags/dag_3_knime_to_es.py
[2025-09-13T07:47:57.223+0000] {processor.py:840} INFO - DAG(s) 'dag_3_knime_to_es' retrieved from /opt/airflow/dags/dag_3_knime_to_es.py
[2025-09-13T07:47:57.259+0000] {logging_mixin.py:188} INFO - [2025-09-13T07:47:57.258+0000] {dag.py:3096} INFO - Sync 1 DAGs
[2025-09-13T07:47:57.272+0000] {logging_mixin.py:188} INFO - [2025-09-13T07:47:57.271+0000] {dag.py:3954} INFO - Setting next_dagrun for dag_3_knime_to_es to None, run_after=None
[2025-09-13T07:47:57.286+0000] {processor.py:183} INFO - Processing /opt/airflow/dags/dag_3_knime_to_es.py took 0.099 seconds
[2025-09-13T07:48:27.764+0000] {processor.py:161} INFO - Started process (PID=695) to work on /opt/airflow/dags/dag_3_knime_to_es.py
[2025-09-13T07:48:27.764+0000] {processor.py:830} INFO - Processing file /opt/airflow/dags/dag_3_knime_to_es.py for tasks to queue
[2025-09-13T07:48:27.767+0000] {logging_mixin.py:188} INFO - [2025-09-13T07:48:27.767+0000] {dagbag.py:545} INFO - Filling up the DagBag from /opt/airflow/dags/dag_3_knime_to_es.py
[2025-09-13T07:48:27.786+0000] {processor.py:840} INFO - DAG(s) 'dag_3_knime_to_es' retrieved from /opt/airflow/dags/dag_3_knime_to_es.py
[2025-09-13T07:48:27.818+0000] {logging_mixin.py:188} INFO - [2025-09-13T07:48:27.817+0000] {dag.py:3096} INFO - Sync 1 DAGs
[2025-09-13T07:48:27.828+0000] {logging_mixin.py:188} INFO - [2025-09-13T07:48:27.828+0000] {dag.py:3954} INFO - Setting next_dagrun for dag_3_knime_to_es to None, run_after=None
[2025-09-13T07:48:27.847+0000] {processor.py:183} INFO - Processing /opt/airflow/dags/dag_3_knime_to_es.py took 0.103 seconds
[2025-09-13T07:48:58.240+0000] {processor.py:161} INFO - Started process (PID=710) to work on /opt/airflow/dags/dag_3_knime_to_es.py
[2025-09-13T07:48:58.243+0000] {processor.py:830} INFO - Processing file /opt/airflow/dags/dag_3_knime_to_es.py for tasks to queue
[2025-09-13T07:48:58.247+0000] {logging_mixin.py:188} INFO - [2025-09-13T07:48:58.247+0000] {dagbag.py:545} INFO - Filling up the DagBag from /opt/airflow/dags/dag_3_knime_to_es.py
[2025-09-13T07:48:58.274+0000] {processor.py:840} INFO - DAG(s) 'dag_3_knime_to_es' retrieved from /opt/airflow/dags/dag_3_knime_to_es.py
[2025-09-13T07:48:58.307+0000] {logging_mixin.py:188} INFO - [2025-09-13T07:48:58.307+0000] {dag.py:3096} INFO - Sync 1 DAGs
[2025-09-13T07:48:58.318+0000] {logging_mixin.py:188} INFO - [2025-09-13T07:48:58.318+0000] {dag.py:3954} INFO - Setting next_dagrun for dag_3_knime_to_es to None, run_after=None
[2025-09-13T07:48:58.332+0000] {processor.py:183} INFO - Processing /opt/airflow/dags/dag_3_knime_to_es.py took 0.116 seconds
[2025-09-13T07:49:28.806+0000] {processor.py:161} INFO - Started process (PID=725) to work on /opt/airflow/dags/dag_3_knime_to_es.py
[2025-09-13T07:49:28.808+0000] {processor.py:830} INFO - Processing file /opt/airflow/dags/dag_3_knime_to_es.py for tasks to queue
[2025-09-13T07:49:28.815+0000] {logging_mixin.py:188} INFO - [2025-09-13T07:49:28.813+0000] {dagbag.py:545} INFO - Filling up the DagBag from /opt/airflow/dags/dag_3_knime_to_es.py
[2025-09-13T07:49:28.840+0000] {processor.py:840} INFO - DAG(s) 'dag_3_knime_to_es' retrieved from /opt/airflow/dags/dag_3_knime_to_es.py
[2025-09-13T07:49:28.873+0000] {logging_mixin.py:188} INFO - [2025-09-13T07:49:28.873+0000] {dag.py:3096} INFO - Sync 1 DAGs
[2025-09-13T07:49:28.884+0000] {logging_mixin.py:188} INFO - [2025-09-13T07:49:28.884+0000] {dag.py:3954} INFO - Setting next_dagrun for dag_3_knime_to_es to None, run_after=None
[2025-09-13T07:49:28.903+0000] {processor.py:183} INFO - Processing /opt/airflow/dags/dag_3_knime_to_es.py took 0.118 seconds
[2025-09-13T07:49:59.454+0000] {processor.py:161} INFO - Started process (PID=740) to work on /opt/airflow/dags/dag_3_knime_to_es.py
[2025-09-13T07:49:59.455+0000] {processor.py:830} INFO - Processing file /opt/airflow/dags/dag_3_knime_to_es.py for tasks to queue
[2025-09-13T07:49:59.460+0000] {logging_mixin.py:188} INFO - [2025-09-13T07:49:59.460+0000] {dagbag.py:545} INFO - Filling up the DagBag from /opt/airflow/dags/dag_3_knime_to_es.py
[2025-09-13T07:49:59.479+0000] {processor.py:840} INFO - DAG(s) 'dag_3_knime_to_es' retrieved from /opt/airflow/dags/dag_3_knime_to_es.py
[2025-09-13T07:49:59.522+0000] {logging_mixin.py:188} INFO - [2025-09-13T07:49:59.522+0000] {dag.py:3096} INFO - Sync 1 DAGs
[2025-09-13T07:49:59.532+0000] {logging_mixin.py:188} INFO - [2025-09-13T07:49:59.532+0000] {dag.py:3954} INFO - Setting next_dagrun for dag_3_knime_to_es to None, run_after=None
[2025-09-13T07:49:59.549+0000] {processor.py:183} INFO - Processing /opt/airflow/dags/dag_3_knime_to_es.py took 0.116 seconds
[2025-09-13T07:50:30.047+0000] {processor.py:161} INFO - Started process (PID=755) to work on /opt/airflow/dags/dag_3_knime_to_es.py
[2025-09-13T07:50:30.049+0000] {processor.py:830} INFO - Processing file /opt/airflow/dags/dag_3_knime_to_es.py for tasks to queue
[2025-09-13T07:50:30.055+0000] {logging_mixin.py:188} INFO - [2025-09-13T07:50:30.054+0000] {dagbag.py:545} INFO - Filling up the DagBag from /opt/airflow/dags/dag_3_knime_to_es.py
[2025-09-13T07:50:30.076+0000] {processor.py:840} INFO - DAG(s) 'dag_3_knime_to_es' retrieved from /opt/airflow/dags/dag_3_knime_to_es.py
[2025-09-13T07:50:30.110+0000] {logging_mixin.py:188} INFO - [2025-09-13T07:50:30.109+0000] {dag.py:3096} INFO - Sync 1 DAGs
[2025-09-13T07:50:30.126+0000] {logging_mixin.py:188} INFO - [2025-09-13T07:50:30.126+0000] {dag.py:3954} INFO - Setting next_dagrun for dag_3_knime_to_es to None, run_after=None
[2025-09-13T07:50:30.139+0000] {processor.py:183} INFO - Processing /opt/airflow/dags/dag_3_knime_to_es.py took 0.114 seconds
[2025-09-13T07:51:00.825+0000] {processor.py:161} INFO - Started process (PID=770) to work on /opt/airflow/dags/dag_3_knime_to_es.py
[2025-09-13T07:51:00.826+0000] {processor.py:830} INFO - Processing file /opt/airflow/dags/dag_3_knime_to_es.py for tasks to queue
[2025-09-13T07:51:00.830+0000] {logging_mixin.py:188} INFO - [2025-09-13T07:51:00.830+0000] {dagbag.py:545} INFO - Filling up the DagBag from /opt/airflow/dags/dag_3_knime_to_es.py
[2025-09-13T07:51:00.907+0000] {processor.py:840} INFO - DAG(s) 'dag_3_knime_to_es' retrieved from /opt/airflow/dags/dag_3_knime_to_es.py
[2025-09-13T07:51:01.057+0000] {logging_mixin.py:188} INFO - [2025-09-13T07:51:01.056+0000] {dag.py:3096} INFO - Sync 1 DAGs
[2025-09-13T07:51:01.073+0000] {logging_mixin.py:188} INFO - [2025-09-13T07:51:01.073+0000] {dag.py:3954} INFO - Setting next_dagrun for dag_3_knime_to_es to None, run_after=None
[2025-09-13T07:51:02.567+0000] {processor.py:183} INFO - Processing /opt/airflow/dags/dag_3_knime_to_es.py took 1.763 seconds
[2025-09-13T07:51:32.970+0000] {processor.py:161} INFO - Started process (PID=795) to work on /opt/airflow/dags/dag_3_knime_to_es.py
[2025-09-13T07:51:32.971+0000] {processor.py:830} INFO - Processing file /opt/airflow/dags/dag_3_knime_to_es.py for tasks to queue
[2025-09-13T07:51:32.972+0000] {logging_mixin.py:188} INFO - [2025-09-13T07:51:32.971+0000] {dagbag.py:545} INFO - Filling up the DagBag from /opt/airflow/dags/dag_3_knime_to_es.py
[2025-09-13T07:51:32.978+0000] {processor.py:840} INFO - DAG(s) 'dag_3_knime_to_es' retrieved from /opt/airflow/dags/dag_3_knime_to_es.py
[2025-09-13T07:51:32.999+0000] {logging_mixin.py:188} INFO - [2025-09-13T07:51:32.999+0000] {dag.py:3096} INFO - Sync 1 DAGs
[2025-09-13T07:51:33.006+0000] {logging_mixin.py:188} INFO - [2025-09-13T07:51:33.006+0000] {dag.py:3954} INFO - Setting next_dagrun for dag_3_knime_to_es to None, run_after=None
[2025-09-13T07:51:33.014+0000] {processor.py:183} INFO - Processing /opt/airflow/dags/dag_3_knime_to_es.py took 0.054 seconds
[2025-09-13T07:52:03.489+0000] {processor.py:161} INFO - Started process (PID=810) to work on /opt/airflow/dags/dag_3_knime_to_es.py
[2025-09-13T07:52:03.490+0000] {processor.py:830} INFO - Processing file /opt/airflow/dags/dag_3_knime_to_es.py for tasks to queue
[2025-09-13T07:52:03.492+0000] {logging_mixin.py:188} INFO - [2025-09-13T07:52:03.491+0000] {dagbag.py:545} INFO - Filling up the DagBag from /opt/airflow/dags/dag_3_knime_to_es.py
[2025-09-13T07:52:03.500+0000] {processor.py:840} INFO - DAG(s) 'dag_3_knime_to_es' retrieved from /opt/airflow/dags/dag_3_knime_to_es.py
[2025-09-13T07:52:03.524+0000] {logging_mixin.py:188} INFO - [2025-09-13T07:52:03.524+0000] {dag.py:3096} INFO - Sync 1 DAGs
[2025-09-13T07:52:03.533+0000] {logging_mixin.py:188} INFO - [2025-09-13T07:52:03.533+0000] {dag.py:3954} INFO - Setting next_dagrun for dag_3_knime_to_es to None, run_after=None
[2025-09-13T07:52:03.548+0000] {processor.py:183} INFO - Processing /opt/airflow/dags/dag_3_knime_to_es.py took 0.068 seconds
[2025-09-13T07:52:34.106+0000] {processor.py:161} INFO - Started process (PID=825) to work on /opt/airflow/dags/dag_3_knime_to_es.py
[2025-09-13T07:52:34.107+0000] {processor.py:830} INFO - Processing file /opt/airflow/dags/dag_3_knime_to_es.py for tasks to queue
[2025-09-13T07:52:34.108+0000] {logging_mixin.py:188} INFO - [2025-09-13T07:52:34.108+0000] {dagbag.py:545} INFO - Filling up the DagBag from /opt/airflow/dags/dag_3_knime_to_es.py
[2025-09-13T07:52:34.114+0000] {processor.py:840} INFO - DAG(s) 'dag_3_knime_to_es' retrieved from /opt/airflow/dags/dag_3_knime_to_es.py
[2025-09-13T07:52:34.132+0000] {logging_mixin.py:188} INFO - [2025-09-13T07:52:34.132+0000] {dag.py:3096} INFO - Sync 1 DAGs
[2025-09-13T07:52:34.139+0000] {logging_mixin.py:188} INFO - [2025-09-13T07:52:34.139+0000] {dag.py:3954} INFO - Setting next_dagrun for dag_3_knime_to_es to None, run_after=None
[2025-09-13T07:52:34.146+0000] {processor.py:183} INFO - Processing /opt/airflow/dags/dag_3_knime_to_es.py took 0.048 seconds
[2025-09-13T07:53:04.468+0000] {processor.py:161} INFO - Started process (PID=840) to work on /opt/airflow/dags/dag_3_knime_to_es.py
[2025-09-13T07:53:04.468+0000] {processor.py:830} INFO - Processing file /opt/airflow/dags/dag_3_knime_to_es.py for tasks to queue
[2025-09-13T07:53:04.472+0000] {logging_mixin.py:188} INFO - [2025-09-13T07:53:04.471+0000] {dagbag.py:545} INFO - Filling up the DagBag from /opt/airflow/dags/dag_3_knime_to_es.py
[2025-09-13T07:53:04.481+0000] {processor.py:840} INFO - DAG(s) 'dag_3_knime_to_es' retrieved from /opt/airflow/dags/dag_3_knime_to_es.py
[2025-09-13T07:53:04.505+0000] {logging_mixin.py:188} INFO - [2025-09-13T07:53:04.505+0000] {dag.py:3096} INFO - Sync 1 DAGs
[2025-09-13T07:53:04.601+0000] {logging_mixin.py:188} INFO - [2025-09-13T07:53:04.601+0000] {dag.py:3954} INFO - Setting next_dagrun for dag_3_knime_to_es to None, run_after=None
[2025-09-13T07:53:04.608+0000] {processor.py:183} INFO - Processing /opt/airflow/dags/dag_3_knime_to_es.py took 0.151 seconds
[2025-09-13T07:53:34.865+0000] {processor.py:161} INFO - Started process (PID=845) to work on /opt/airflow/dags/dag_3_knime_to_es.py
[2025-09-13T07:53:34.867+0000] {processor.py:830} INFO - Processing file /opt/airflow/dags/dag_3_knime_to_es.py for tasks to queue
[2025-09-13T07:53:34.871+0000] {logging_mixin.py:188} INFO - [2025-09-13T07:53:34.871+0000] {dagbag.py:545} INFO - Filling up the DagBag from /opt/airflow/dags/dag_3_knime_to_es.py
[2025-09-13T07:53:34.893+0000] {processor.py:840} INFO - DAG(s) 'dag_3_knime_to_es' retrieved from /opt/airflow/dags/dag_3_knime_to_es.py
[2025-09-13T07:53:34.941+0000] {logging_mixin.py:188} INFO - [2025-09-13T07:53:34.941+0000] {dag.py:3096} INFO - Sync 1 DAGs
[2025-09-13T07:53:34.954+0000] {logging_mixin.py:188} INFO - [2025-09-13T07:53:34.954+0000] {dag.py:3954} INFO - Setting next_dagrun for dag_3_knime_to_es to None, run_after=None
[2025-09-13T07:53:34.974+0000] {processor.py:183} INFO - Processing /opt/airflow/dags/dag_3_knime_to_es.py took 0.130 seconds
[2025-09-13T07:54:05.483+0000] {processor.py:161} INFO - Started process (PID=860) to work on /opt/airflow/dags/dag_3_knime_to_es.py
[2025-09-13T07:54:05.484+0000] {processor.py:830} INFO - Processing file /opt/airflow/dags/dag_3_knime_to_es.py for tasks to queue
[2025-09-13T07:54:05.487+0000] {logging_mixin.py:188} INFO - [2025-09-13T07:54:05.487+0000] {dagbag.py:545} INFO - Filling up the DagBag from /opt/airflow/dags/dag_3_knime_to_es.py
[2025-09-13T07:54:05.502+0000] {processor.py:840} INFO - DAG(s) 'dag_3_knime_to_es' retrieved from /opt/airflow/dags/dag_3_knime_to_es.py
[2025-09-13T07:54:05.537+0000] {logging_mixin.py:188} INFO - [2025-09-13T07:54:05.536+0000] {dag.py:3096} INFO - Sync 1 DAGs
[2025-09-13T07:54:05.547+0000] {logging_mixin.py:188} INFO - [2025-09-13T07:54:05.547+0000] {dag.py:3954} INFO - Setting next_dagrun for dag_3_knime_to_es to None, run_after=None
[2025-09-13T07:54:05.563+0000] {processor.py:183} INFO - Processing /opt/airflow/dags/dag_3_knime_to_es.py took 0.102 seconds
[2025-09-13T07:54:36.043+0000] {processor.py:161} INFO - Started process (PID=875) to work on /opt/airflow/dags/dag_3_knime_to_es.py
[2025-09-13T07:54:36.045+0000] {processor.py:830} INFO - Processing file /opt/airflow/dags/dag_3_knime_to_es.py for tasks to queue
[2025-09-13T07:54:36.048+0000] {logging_mixin.py:188} INFO - [2025-09-13T07:54:36.048+0000] {dagbag.py:545} INFO - Filling up the DagBag from /opt/airflow/dags/dag_3_knime_to_es.py
[2025-09-13T07:54:36.070+0000] {processor.py:840} INFO - DAG(s) 'dag_3_knime_to_es' retrieved from /opt/airflow/dags/dag_3_knime_to_es.py
[2025-09-13T07:54:36.102+0000] {logging_mixin.py:188} INFO - [2025-09-13T07:54:36.102+0000] {dag.py:3096} INFO - Sync 1 DAGs
[2025-09-13T07:54:36.117+0000] {logging_mixin.py:188} INFO - [2025-09-13T07:54:36.117+0000] {dag.py:3954} INFO - Setting next_dagrun for dag_3_knime_to_es to None, run_after=None
[2025-09-13T07:54:36.138+0000] {processor.py:183} INFO - Processing /opt/airflow/dags/dag_3_knime_to_es.py took 0.117 seconds
[2025-09-13T07:55:07.076+0000] {processor.py:161} INFO - Started process (PID=892) to work on /opt/airflow/dags/dag_3_knime_to_es.py
[2025-09-13T07:55:07.078+0000] {processor.py:830} INFO - Processing file /opt/airflow/dags/dag_3_knime_to_es.py for tasks to queue
[2025-09-13T07:55:07.085+0000] {logging_mixin.py:188} INFO - [2025-09-13T07:55:07.085+0000] {dagbag.py:545} INFO - Filling up the DagBag from /opt/airflow/dags/dag_3_knime_to_es.py
[2025-09-13T07:55:07.101+0000] {processor.py:840} INFO - DAG(s) 'dag_3_knime_to_es' retrieved from /opt/airflow/dags/dag_3_knime_to_es.py
[2025-09-13T07:55:07.144+0000] {logging_mixin.py:188} INFO - [2025-09-13T07:55:07.144+0000] {dag.py:3096} INFO - Sync 1 DAGs
[2025-09-13T07:55:07.416+0000] {logging_mixin.py:188} INFO - [2025-09-13T07:55:07.415+0000] {dag.py:3954} INFO - Setting next_dagrun for dag_3_knime_to_es to None, run_after=None
[2025-09-13T07:55:07.423+0000] {processor.py:183} INFO - Processing /opt/airflow/dags/dag_3_knime_to_es.py took 0.366 seconds
[2025-09-13T07:55:37.877+0000] {processor.py:161} INFO - Started process (PID=907) to work on /opt/airflow/dags/dag_3_knime_to_es.py
[2025-09-13T07:55:37.878+0000] {processor.py:830} INFO - Processing file /opt/airflow/dags/dag_3_knime_to_es.py for tasks to queue
[2025-09-13T07:55:37.882+0000] {logging_mixin.py:188} INFO - [2025-09-13T07:55:37.881+0000] {dagbag.py:545} INFO - Filling up the DagBag from /opt/airflow/dags/dag_3_knime_to_es.py
[2025-09-13T07:55:37.903+0000] {processor.py:840} INFO - DAG(s) 'dag_3_knime_to_es' retrieved from /opt/airflow/dags/dag_3_knime_to_es.py
[2025-09-13T07:55:37.937+0000] {logging_mixin.py:188} INFO - [2025-09-13T07:55:37.937+0000] {dag.py:3096} INFO - Sync 1 DAGs
[2025-09-13T07:55:37.948+0000] {logging_mixin.py:188} INFO - [2025-09-13T07:55:37.948+0000] {dag.py:3954} INFO - Setting next_dagrun for dag_3_knime_to_es to None, run_after=None
[2025-09-13T07:55:37.966+0000] {processor.py:183} INFO - Processing /opt/airflow/dags/dag_3_knime_to_es.py took 0.107 seconds
[2025-09-13T07:56:08.381+0000] {processor.py:161} INFO - Started process (PID=922) to work on /opt/airflow/dags/dag_3_knime_to_es.py
[2025-09-13T07:56:08.382+0000] {processor.py:830} INFO - Processing file /opt/airflow/dags/dag_3_knime_to_es.py for tasks to queue
[2025-09-13T07:56:08.385+0000] {logging_mixin.py:188} INFO - [2025-09-13T07:56:08.384+0000] {dagbag.py:545} INFO - Filling up the DagBag from /opt/airflow/dags/dag_3_knime_to_es.py
[2025-09-13T07:56:08.405+0000] {processor.py:840} INFO - DAG(s) 'dag_3_knime_to_es' retrieved from /opt/airflow/dags/dag_3_knime_to_es.py
[2025-09-13T07:56:08.442+0000] {logging_mixin.py:188} INFO - [2025-09-13T07:56:08.442+0000] {dag.py:3096} INFO - Sync 1 DAGs
[2025-09-13T07:56:08.450+0000] {logging_mixin.py:188} INFO - [2025-09-13T07:56:08.450+0000] {dag.py:3954} INFO - Setting next_dagrun for dag_3_knime_to_es to None, run_after=None
[2025-09-13T07:56:08.471+0000] {processor.py:183} INFO - Processing /opt/airflow/dags/dag_3_knime_to_es.py took 0.112 seconds
[2025-09-13T07:56:38.932+0000] {processor.py:161} INFO - Started process (PID=937) to work on /opt/airflow/dags/dag_3_knime_to_es.py
[2025-09-13T07:56:38.932+0000] {processor.py:830} INFO - Processing file /opt/airflow/dags/dag_3_knime_to_es.py for tasks to queue
[2025-09-13T07:56:38.936+0000] {logging_mixin.py:188} INFO - [2025-09-13T07:56:38.936+0000] {dagbag.py:545} INFO - Filling up the DagBag from /opt/airflow/dags/dag_3_knime_to_es.py
[2025-09-13T07:56:38.954+0000] {processor.py:840} INFO - DAG(s) 'dag_3_knime_to_es' retrieved from /opt/airflow/dags/dag_3_knime_to_es.py
[2025-09-13T07:56:38.990+0000] {logging_mixin.py:188} INFO - [2025-09-13T07:56:38.989+0000] {dag.py:3096} INFO - Sync 1 DAGs
[2025-09-13T07:56:39.400+0000] {logging_mixin.py:188} INFO - [2025-09-13T07:56:39.400+0000] {dag.py:3954} INFO - Setting next_dagrun for dag_3_knime_to_es to None, run_after=None
[2025-09-13T07:56:39.420+0000] {processor.py:183} INFO - Processing /opt/airflow/dags/dag_3_knime_to_es.py took 0.508 seconds
[2025-09-13T07:57:09.882+0000] {processor.py:161} INFO - Started process (PID=952) to work on /opt/airflow/dags/dag_3_knime_to_es.py
[2025-09-13T07:57:09.883+0000] {processor.py:830} INFO - Processing file /opt/airflow/dags/dag_3_knime_to_es.py for tasks to queue
[2025-09-13T07:57:09.887+0000] {logging_mixin.py:188} INFO - [2025-09-13T07:57:09.886+0000] {dagbag.py:545} INFO - Filling up the DagBag from /opt/airflow/dags/dag_3_knime_to_es.py
[2025-09-13T07:57:09.918+0000] {processor.py:840} INFO - DAG(s) 'dag_3_knime_to_es' retrieved from /opt/airflow/dags/dag_3_knime_to_es.py
[2025-09-13T07:57:09.947+0000] {logging_mixin.py:188} INFO - [2025-09-13T07:57:09.946+0000] {dag.py:3096} INFO - Sync 1 DAGs
[2025-09-13T07:57:09.957+0000] {logging_mixin.py:188} INFO - [2025-09-13T07:57:09.957+0000] {dag.py:3954} INFO - Setting next_dagrun for dag_3_knime_to_es to None, run_after=None
[2025-09-13T07:57:09.971+0000] {processor.py:183} INFO - Processing /opt/airflow/dags/dag_3_knime_to_es.py took 0.107 seconds
[2025-09-13T07:57:40.456+0000] {processor.py:161} INFO - Started process (PID=967) to work on /opt/airflow/dags/dag_3_knime_to_es.py
[2025-09-13T07:57:40.458+0000] {processor.py:830} INFO - Processing file /opt/airflow/dags/dag_3_knime_to_es.py for tasks to queue
[2025-09-13T07:57:40.465+0000] {logging_mixin.py:188} INFO - [2025-09-13T07:57:40.464+0000] {dagbag.py:545} INFO - Filling up the DagBag from /opt/airflow/dags/dag_3_knime_to_es.py
[2025-09-13T07:57:40.493+0000] {processor.py:840} INFO - DAG(s) 'dag_3_knime_to_es' retrieved from /opt/airflow/dags/dag_3_knime_to_es.py
[2025-09-13T07:57:40.538+0000] {logging_mixin.py:188} INFO - [2025-09-13T07:57:40.538+0000] {dag.py:3096} INFO - Sync 1 DAGs
[2025-09-13T07:57:40.549+0000] {logging_mixin.py:188} INFO - [2025-09-13T07:57:40.548+0000] {dag.py:3954} INFO - Setting next_dagrun for dag_3_knime_to_es to None, run_after=None
[2025-09-13T07:57:40.566+0000] {processor.py:183} INFO - Processing /opt/airflow/dags/dag_3_knime_to_es.py took 0.145 seconds
[2025-09-13T07:58:11.367+0000] {processor.py:161} INFO - Started process (PID=982) to work on /opt/airflow/dags/dag_3_knime_to_es.py
[2025-09-13T07:58:11.369+0000] {processor.py:830} INFO - Processing file /opt/airflow/dags/dag_3_knime_to_es.py for tasks to queue
[2025-09-13T07:58:11.373+0000] {logging_mixin.py:188} INFO - [2025-09-13T07:58:11.372+0000] {dagbag.py:545} INFO - Filling up the DagBag from /opt/airflow/dags/dag_3_knime_to_es.py
[2025-09-13T07:58:11.398+0000] {processor.py:840} INFO - DAG(s) 'dag_3_knime_to_es' retrieved from /opt/airflow/dags/dag_3_knime_to_es.py
[2025-09-13T07:58:11.436+0000] {logging_mixin.py:188} INFO - [2025-09-13T07:58:11.436+0000] {dag.py:3096} INFO - Sync 1 DAGs
[2025-09-13T07:58:11.450+0000] {logging_mixin.py:188} INFO - [2025-09-13T07:58:11.450+0000] {dag.py:3954} INFO - Setting next_dagrun for dag_3_knime_to_es to None, run_after=None
[2025-09-13T07:58:11.779+0000] {processor.py:183} INFO - Processing /opt/airflow/dags/dag_3_knime_to_es.py took 0.429 seconds
[2025-09-13T07:58:42.276+0000] {processor.py:161} INFO - Started process (PID=997) to work on /opt/airflow/dags/dag_3_knime_to_es.py
[2025-09-13T07:58:42.279+0000] {processor.py:830} INFO - Processing file /opt/airflow/dags/dag_3_knime_to_es.py for tasks to queue
[2025-09-13T07:58:42.284+0000] {logging_mixin.py:188} INFO - [2025-09-13T07:58:42.283+0000] {dagbag.py:545} INFO - Filling up the DagBag from /opt/airflow/dags/dag_3_knime_to_es.py
[2025-09-13T07:58:42.317+0000] {processor.py:840} INFO - DAG(s) 'dag_3_knime_to_es' retrieved from /opt/airflow/dags/dag_3_knime_to_es.py
[2025-09-13T07:58:42.560+0000] {logging_mixin.py:188} INFO - [2025-09-13T07:58:42.560+0000] {dag.py:3096} INFO - Sync 1 DAGs
[2025-09-13T07:58:42.565+0000] {logging_mixin.py:188} INFO - [2025-09-13T07:58:42.565+0000] {dag.py:3954} INFO - Setting next_dagrun for dag_3_knime_to_es to None, run_after=None
[2025-09-13T07:58:42.571+0000] {processor.py:183} INFO - Processing /opt/airflow/dags/dag_3_knime_to_es.py took 0.318 seconds
[2025-09-13T07:59:13.483+0000] {processor.py:161} INFO - Started process (PID=1012) to work on /opt/airflow/dags/dag_3_knime_to_es.py
[2025-09-13T07:59:13.489+0000] {processor.py:830} INFO - Processing file /opt/airflow/dags/dag_3_knime_to_es.py for tasks to queue
[2025-09-13T07:59:13.506+0000] {logging_mixin.py:188} INFO - [2025-09-13T07:59:13.503+0000] {dagbag.py:545} INFO - Filling up the DagBag from /opt/airflow/dags/dag_3_knime_to_es.py
[2025-09-13T07:59:13.625+0000] {processor.py:840} INFO - DAG(s) 'dag_3_knime_to_es' retrieved from /opt/airflow/dags/dag_3_knime_to_es.py
[2025-09-13T07:59:13.669+0000] {logging_mixin.py:188} INFO - [2025-09-13T07:59:13.668+0000] {dag.py:3096} INFO - Sync 1 DAGs
[2025-09-13T07:59:13.837+0000] {logging_mixin.py:188} INFO - [2025-09-13T07:59:13.836+0000] {dag.py:3954} INFO - Setting next_dagrun for dag_3_knime_to_es to None, run_after=None
[2025-09-13T07:59:13.914+0000] {processor.py:183} INFO - Processing /opt/airflow/dags/dag_3_knime_to_es.py took 0.485 seconds
