[2025-09-13T02:52:14.693+0000] {processor.py:161} INFO - Started process (PID=190) to work on /opt/airflow/dags/extarer_mysql_csv.py
[2025-09-13T02:52:14.694+0000] {processor.py:830} INFO - Processing file /opt/airflow/dags/extarer_mysql_csv.py for tasks to queue
[2025-09-13T02:52:14.700+0000] {logging_mixin.py:188} INFO - [2025-09-13T02:52:14.699+0000] {dagbag.py:545} INFO - Filling up the DagBag from /opt/airflow/dags/extarer_mysql_csv.py
[2025-09-13T02:52:14.728+0000] {processor.py:840} INFO - DAG(s) 'dag_extraer_mysql_a_csv' retrieved from /opt/airflow/dags/extarer_mysql_csv.py
[2025-09-13T02:52:14.951+0000] {logging_mixin.py:188} INFO - [2025-09-13T02:52:14.947+0000] {override.py:1829} INFO - Created Permission View: can edit on DAG:dag_extraer_mysql_a_csv
[2025-09-13T02:52:14.968+0000] {logging_mixin.py:188} INFO - [2025-09-13T02:52:14.967+0000] {override.py:1829} INFO - Created Permission View: can delete on DAG:dag_extraer_mysql_a_csv
[2025-09-13T02:52:14.983+0000] {logging_mixin.py:188} INFO - [2025-09-13T02:52:14.982+0000] {override.py:1829} INFO - Created Permission View: can read on DAG:dag_extraer_mysql_a_csv
[2025-09-13T02:52:14.986+0000] {logging_mixin.py:188} INFO - [2025-09-13T02:52:14.986+0000] {dag.py:3096} INFO - Sync 1 DAGs
[2025-09-13T02:52:15.037+0000] {logging_mixin.py:188} INFO - [2025-09-13T02:52:15.032+0000] {dag.py:3118} INFO - Creating ORM DAG for dag_extraer_mysql_a_csv
[2025-09-13T02:52:15.048+0000] {logging_mixin.py:188} INFO - [2025-09-13T02:52:15.047+0000] {dag.py:3954} INFO - Setting next_dagrun for dag_extraer_mysql_a_csv to None, run_after=None
[2025-09-13T02:52:15.099+0000] {processor.py:183} INFO - Processing /opt/airflow/dags/extarer_mysql_csv.py took 0.435 seconds
[2025-09-13T02:52:45.212+0000] {processor.py:161} INFO - Started process (PID=215) to work on /opt/airflow/dags/extarer_mysql_csv.py
[2025-09-13T02:52:45.216+0000] {processor.py:830} INFO - Processing file /opt/airflow/dags/extarer_mysql_csv.py for tasks to queue
[2025-09-13T02:52:45.220+0000] {logging_mixin.py:188} INFO - [2025-09-13T02:52:45.220+0000] {dagbag.py:545} INFO - Filling up the DagBag from /opt/airflow/dags/extarer_mysql_csv.py
[2025-09-13T02:52:45.247+0000] {processor.py:840} INFO - DAG(s) 'dag_extraer_mysql_a_csv' retrieved from /opt/airflow/dags/extarer_mysql_csv.py
[2025-09-13T02:52:45.326+0000] {logging_mixin.py:188} INFO - [2025-09-13T02:52:45.326+0000] {dag.py:3096} INFO - Sync 1 DAGs
[2025-09-13T02:52:45.356+0000] {logging_mixin.py:188} INFO - [2025-09-13T02:52:45.356+0000] {dag.py:3954} INFO - Setting next_dagrun for dag_extraer_mysql_a_csv to None, run_after=None
[2025-09-13T02:52:45.378+0000] {processor.py:183} INFO - Processing /opt/airflow/dags/extarer_mysql_csv.py took 0.173 seconds
[2025-09-13T02:53:16.255+0000] {processor.py:161} INFO - Started process (PID=240) to work on /opt/airflow/dags/extarer_mysql_csv.py
[2025-09-13T02:53:16.259+0000] {processor.py:830} INFO - Processing file /opt/airflow/dags/extarer_mysql_csv.py for tasks to queue
[2025-09-13T02:53:16.271+0000] {logging_mixin.py:188} INFO - [2025-09-13T02:53:16.269+0000] {dagbag.py:545} INFO - Filling up the DagBag from /opt/airflow/dags/extarer_mysql_csv.py
[2025-09-13T02:53:16.289+0000] {processor.py:840} INFO - DAG(s) 'dag_extraer_mysql_a_csv' retrieved from /opt/airflow/dags/extarer_mysql_csv.py
[2025-09-13T02:53:16.324+0000] {logging_mixin.py:188} INFO - [2025-09-13T02:53:16.324+0000] {dag.py:3096} INFO - Sync 1 DAGs
[2025-09-13T02:53:16.340+0000] {logging_mixin.py:188} INFO - [2025-09-13T02:53:16.339+0000] {dag.py:3954} INFO - Setting next_dagrun for dag_extraer_mysql_a_csv to None, run_after=None
[2025-09-13T02:53:16.353+0000] {processor.py:183} INFO - Processing /opt/airflow/dags/extarer_mysql_csv.py took 0.104 seconds
[2025-09-13T02:53:47.623+0000] {processor.py:161} INFO - Started process (PID=265) to work on /opt/airflow/dags/extarer_mysql_csv.py
[2025-09-13T02:53:47.627+0000] {processor.py:830} INFO - Processing file /opt/airflow/dags/extarer_mysql_csv.py for tasks to queue
[2025-09-13T02:53:47.635+0000] {logging_mixin.py:188} INFO - [2025-09-13T02:53:47.634+0000] {dagbag.py:545} INFO - Filling up the DagBag from /opt/airflow/dags/extarer_mysql_csv.py
[2025-09-13T02:53:47.675+0000] {processor.py:840} INFO - DAG(s) 'dag_extraer_mysql_a_csv' retrieved from /opt/airflow/dags/extarer_mysql_csv.py
[2025-09-13T02:53:48.113+0000] {logging_mixin.py:188} INFO - [2025-09-13T02:53:48.112+0000] {dag.py:3096} INFO - Sync 1 DAGs
[2025-09-13T02:53:48.176+0000] {logging_mixin.py:188} INFO - [2025-09-13T02:53:48.176+0000] {dag.py:3954} INFO - Setting next_dagrun for dag_extraer_mysql_a_csv to None, run_after=None
[2025-09-13T02:53:48.231+0000] {processor.py:183} INFO - Processing /opt/airflow/dags/extarer_mysql_csv.py took 0.639 seconds
[2025-09-13T02:54:18.836+0000] {processor.py:161} INFO - Started process (PID=292) to work on /opt/airflow/dags/extarer_mysql_csv.py
[2025-09-13T02:54:18.852+0000] {processor.py:830} INFO - Processing file /opt/airflow/dags/extarer_mysql_csv.py for tasks to queue
[2025-09-13T02:54:18.858+0000] {logging_mixin.py:188} INFO - [2025-09-13T02:54:18.858+0000] {dagbag.py:545} INFO - Filling up the DagBag from /opt/airflow/dags/extarer_mysql_csv.py
[2025-09-13T02:54:18.927+0000] {processor.py:840} INFO - DAG(s) 'dag_extraer_mysql_a_csv' retrieved from /opt/airflow/dags/extarer_mysql_csv.py
[2025-09-13T02:54:19.079+0000] {logging_mixin.py:188} INFO - [2025-09-13T02:54:19.079+0000] {dag.py:3096} INFO - Sync 1 DAGs
[2025-09-13T02:54:19.122+0000] {logging_mixin.py:188} INFO - [2025-09-13T02:54:19.122+0000] {dag.py:3954} INFO - Setting next_dagrun for dag_extraer_mysql_a_csv to None, run_after=None
[2025-09-13T02:54:19.152+0000] {processor.py:183} INFO - Processing /opt/airflow/dags/extarer_mysql_csv.py took 0.358 seconds
[2025-09-13T02:54:49.520+0000] {processor.py:161} INFO - Started process (PID=314) to work on /opt/airflow/dags/extarer_mysql_csv.py
[2025-09-13T02:54:49.529+0000] {processor.py:830} INFO - Processing file /opt/airflow/dags/extarer_mysql_csv.py for tasks to queue
[2025-09-13T02:54:49.541+0000] {logging_mixin.py:188} INFO - [2025-09-13T02:54:49.541+0000] {dagbag.py:545} INFO - Filling up the DagBag from /opt/airflow/dags/extarer_mysql_csv.py
[2025-09-13T02:54:49.580+0000] {processor.py:840} INFO - DAG(s) 'dag_extraer_mysql_a_csv' retrieved from /opt/airflow/dags/extarer_mysql_csv.py
[2025-09-13T02:54:49.660+0000] {logging_mixin.py:188} INFO - [2025-09-13T02:54:49.660+0000] {dag.py:3096} INFO - Sync 1 DAGs
[2025-09-13T02:54:49.694+0000] {logging_mixin.py:188} INFO - [2025-09-13T02:54:49.693+0000] {dag.py:3954} INFO - Setting next_dagrun for dag_extraer_mysql_a_csv to None, run_after=None
[2025-09-13T02:54:49.716+0000] {processor.py:183} INFO - Processing /opt/airflow/dags/extarer_mysql_csv.py took 0.212 seconds
[2025-09-13T02:55:20.344+0000] {processor.py:161} INFO - Started process (PID=340) to work on /opt/airflow/dags/extarer_mysql_csv.py
[2025-09-13T02:55:20.347+0000] {processor.py:830} INFO - Processing file /opt/airflow/dags/extarer_mysql_csv.py for tasks to queue
[2025-09-13T02:55:20.351+0000] {logging_mixin.py:188} INFO - [2025-09-13T02:55:20.350+0000] {dagbag.py:545} INFO - Filling up the DagBag from /opt/airflow/dags/extarer_mysql_csv.py
[2025-09-13T02:55:20.372+0000] {processor.py:840} INFO - DAG(s) 'dag_extraer_mysql_a_csv' retrieved from /opt/airflow/dags/extarer_mysql_csv.py
[2025-09-13T02:55:20.416+0000] {logging_mixin.py:188} INFO - [2025-09-13T02:55:20.416+0000] {dag.py:3096} INFO - Sync 1 DAGs
[2025-09-13T02:55:20.431+0000] {logging_mixin.py:188} INFO - [2025-09-13T02:55:20.430+0000] {dag.py:3954} INFO - Setting next_dagrun for dag_extraer_mysql_a_csv to None, run_after=None
[2025-09-13T02:55:20.453+0000] {processor.py:183} INFO - Processing /opt/airflow/dags/extarer_mysql_csv.py took 0.114 seconds
[2025-09-13T02:55:51.161+0000] {processor.py:161} INFO - Started process (PID=364) to work on /opt/airflow/dags/extarer_mysql_csv.py
[2025-09-13T02:55:51.167+0000] {processor.py:830} INFO - Processing file /opt/airflow/dags/extarer_mysql_csv.py for tasks to queue
[2025-09-13T02:55:51.178+0000] {logging_mixin.py:188} INFO - [2025-09-13T02:55:51.175+0000] {dagbag.py:545} INFO - Filling up the DagBag from /opt/airflow/dags/extarer_mysql_csv.py
[2025-09-13T02:55:51.218+0000] {processor.py:840} INFO - DAG(s) 'dag_extraer_mysql_a_csv' retrieved from /opt/airflow/dags/extarer_mysql_csv.py
[2025-09-13T02:55:51.291+0000] {logging_mixin.py:188} INFO - [2025-09-13T02:55:51.291+0000] {dag.py:3096} INFO - Sync 1 DAGs
[2025-09-13T02:55:51.317+0000] {logging_mixin.py:188} INFO - [2025-09-13T02:55:51.317+0000] {dag.py:3954} INFO - Setting next_dagrun for dag_extraer_mysql_a_csv to None, run_after=None
[2025-09-13T02:55:51.351+0000] {processor.py:183} INFO - Processing /opt/airflow/dags/extarer_mysql_csv.py took 0.211 seconds
[2025-09-13T02:56:21.799+0000] {processor.py:161} INFO - Started process (PID=389) to work on /opt/airflow/dags/extarer_mysql_csv.py
[2025-09-13T02:56:21.807+0000] {processor.py:830} INFO - Processing file /opt/airflow/dags/extarer_mysql_csv.py for tasks to queue
[2025-09-13T02:56:21.816+0000] {logging_mixin.py:188} INFO - [2025-09-13T02:56:21.815+0000] {dagbag.py:545} INFO - Filling up the DagBag from /opt/airflow/dags/extarer_mysql_csv.py
[2025-09-13T02:56:21.857+0000] {processor.py:840} INFO - DAG(s) 'dag_extraer_mysql_a_csv' retrieved from /opt/airflow/dags/extarer_mysql_csv.py
[2025-09-13T02:56:21.943+0000] {logging_mixin.py:188} INFO - [2025-09-13T02:56:21.943+0000] {dag.py:3096} INFO - Sync 1 DAGs
[2025-09-13T02:56:21.965+0000] {logging_mixin.py:188} INFO - [2025-09-13T02:56:21.965+0000] {dag.py:3954} INFO - Setting next_dagrun for dag_extraer_mysql_a_csv to None, run_after=None
[2025-09-13T02:56:22.003+0000] {processor.py:183} INFO - Processing /opt/airflow/dags/extarer_mysql_csv.py took 0.223 seconds
[2025-09-13T02:56:52.549+0000] {processor.py:161} INFO - Started process (PID=412) to work on /opt/airflow/dags/extarer_mysql_csv.py
[2025-09-13T02:56:52.553+0000] {processor.py:830} INFO - Processing file /opt/airflow/dags/extarer_mysql_csv.py for tasks to queue
[2025-09-13T02:56:52.555+0000] {logging_mixin.py:188} INFO - [2025-09-13T02:56:52.554+0000] {dagbag.py:545} INFO - Filling up the DagBag from /opt/airflow/dags/extarer_mysql_csv.py
[2025-09-13T02:56:52.598+0000] {processor.py:840} INFO - DAG(s) 'dag_extraer_mysql_a_csv' retrieved from /opt/airflow/dags/extarer_mysql_csv.py
[2025-09-13T02:56:52.666+0000] {logging_mixin.py:188} INFO - [2025-09-13T02:56:52.666+0000] {dag.py:3096} INFO - Sync 1 DAGs
[2025-09-13T02:56:52.699+0000] {logging_mixin.py:188} INFO - [2025-09-13T02:56:52.698+0000] {dag.py:3954} INFO - Setting next_dagrun for dag_extraer_mysql_a_csv to None, run_after=None
[2025-09-13T02:56:52.795+0000] {processor.py:183} INFO - Processing /opt/airflow/dags/extarer_mysql_csv.py took 0.270 seconds
[2025-09-13T02:57:22.890+0000] {processor.py:161} INFO - Started process (PID=442) to work on /opt/airflow/dags/extarer_mysql_csv.py
[2025-09-13T02:57:22.892+0000] {processor.py:830} INFO - Processing file /opt/airflow/dags/extarer_mysql_csv.py for tasks to queue
[2025-09-13T02:57:22.894+0000] {logging_mixin.py:188} INFO - [2025-09-13T02:57:22.893+0000] {dagbag.py:545} INFO - Filling up the DagBag from /opt/airflow/dags/extarer_mysql_csv.py
[2025-09-13T02:57:22.914+0000] {processor.py:840} INFO - DAG(s) 'dag_extraer_mysql_a_csv' retrieved from /opt/airflow/dags/extarer_mysql_csv.py
[2025-09-13T02:57:22.983+0000] {logging_mixin.py:188} INFO - [2025-09-13T02:57:22.983+0000] {dag.py:3096} INFO - Sync 1 DAGs
[2025-09-13T02:57:23.013+0000] {logging_mixin.py:188} INFO - [2025-09-13T02:57:23.013+0000] {dag.py:3954} INFO - Setting next_dagrun for dag_extraer_mysql_a_csv to None, run_after=None
[2025-09-13T02:57:23.034+0000] {processor.py:183} INFO - Processing /opt/airflow/dags/extarer_mysql_csv.py took 0.159 seconds
